
VCFtools - 0.1.16
(C) Adam Auton and Anthony Marcketta 2009

Parameters as interpreted:
	--vcf /project/cranberrygbs/cranberryHistoricalGBS//snps//cranberryGBS_production_snps_filtered.vcf
	--keep /project/cranberrygbs/cranberryHistoricalGBS//input/cranberry_gbs_germplasm_collection_individuals.txt
	--recode-INFO-all
	--recode
	--stdout


VCFtools - 0.1.16
(C) Adam Auton and Anthony Marcketta 2009

Parameters as interpreted:
	--vcf [stdin]
	--recode-INFO-all
	--mac 15
	--max-missing 0.5
	--out /project/cranberrygbs/cranberryHistoricalGBS//imputation/beagle_imputation/cranberryGBS_snps_to_impute
	--recode

Warning: Expected at least 2 parts in FORMAT entry: ID=PL,Number=.,Type=Float,Description="Normalized, Phred-scaled likelihoods for AA,AB,BB genotypes where A=ref and B=alt; not applicable if site is not biallelic">
Warning: Expected at least 2 parts in FORMAT entry: ID=PL,Number=.,Type=Float,Description="Normalized, Phred-scaled likelihoods for AA,AB,BB genotypes where A=ref and B=alt; not applicable if site is not biallelic">
Keeping individuals in 'keep' list
After filtering, kept 400 out of 1023 Individuals
Outputting VCF file...
Warning: Expected at least 2 parts in FORMAT entry: ID=PL,Number=.,Type=Float,Description="Normalized, Phred-scaled likelihoods for AA,AB,BB genotypes where A=ref and B=alt; not applicable if site is not biallelic">
Warning: Expected at least 2 parts in FORMAT entry: ID=PL,Number=.,Type=Float,Description="Normalized, Phred-scaled likelihoods for AA,AB,BB genotypes where A=ref and B=alt; not applicable if site is not biallelic">
After filtering, kept 400 out of 400 Individuals
Outputting VCF file...
After filtering, kept 19307 out of a possible 19307 Sites
Run Time = 18.00 seconds
After filtering, kept 9378 out of a possible 19307 Sites
Run Time = 18.00 seconds

VCFtools - 0.1.16
(C) Adam Auton and Anthony Marcketta 2009

Parameters as interpreted:
	--vcf /project/cranberrygbs/cranberryHistoricalGBS//imputation/beagle_imputation/cranberryGBS_snps_to_impute.recode.vcf
	--missing-indv
	--out /project/cranberrygbs/cranberryHistoricalGBS//imputation/beagle_imputation/cranberryGBS_germplasm_missingness

Warning: Expected at least 2 parts in FORMAT entry: ID=PL,Number=.,Type=Float,Description="Normalized, Phred-scaled likelihoods for AA,AB,BB genotypes where A=ref and B=alt; not applicable if site is not biallelic">
Warning: Expected at least 2 parts in FORMAT entry: ID=PL,Number=.,Type=Float,Description="Normalized, Phred-scaled likelihoods for AA,AB,BB genotypes where A=ref and B=alt; not applicable if site is not biallelic">
After filtering, kept 400 out of 400 Individuals
Outputting Individual Missingness
After filtering, kept 9378 out of a possible 9378 Sites
Run Time = 1.00 seconds

VCFtools - 0.1.16
(C) Adam Auton and Anthony Marcketta 2009

Parameters as interpreted:
	--vcf /project/cranberrygbs/cranberryHistoricalGBS//imputation/beagle_imputation/cranberryGBS_snps_to_impute.recode.vcf
	--remove /project/cranberrygbs/cranberryHistoricalGBS//imputation/beagle_imputation/individual_remove_imputation.txt
	--recode-INFO-all
	--out /project/cranberrygbs/cranberryHistoricalGBS//imputation/beagle_imputation/cranberryGBS_snps_to_impute_filtered
	--recode

Warning: Expected at least 2 parts in FORMAT entry: ID=PL,Number=.,Type=Float,Description="Normalized, Phred-scaled likelihoods for AA,AB,BB genotypes where A=ref and B=alt; not applicable if site is not biallelic">
Warning: Expected at least 2 parts in FORMAT entry: ID=PL,Number=.,Type=Float,Description="Normalized, Phred-scaled likelihoods for AA,AB,BB genotypes where A=ref and B=alt; not applicable if site is not biallelic">
Excluding individuals in 'exclude' list
After filtering, kept 383 out of 400 Individuals
Outputting VCF file...
After filtering, kept 9378 out of a possible 9378 Sites
Run Time = 7.00 seconds
beagle.16May19.351.jar (version 5.0)
Copyright (C) 2014-2018 Brian L. Browning
Enter "java -jar beagle.16May19.351.jar" to list command line argument
Start time: 08:29 PM CDT on 19 Mar 2021

Command line: java -Xmx29127m -jar beagle.16May19.351.jar
  gt=/project/cranberrygbs/cranberryHistoricalGBS//imputation/beagle_imputation/cranberryGBS_snps_to_impute_filtered.recode.vcf
  out=/project/cranberrygbs/cranberryHistoricalGBS//imputation/beagle_imputation/cranberryGBS_germplasm_imputed_snps
  ne=1000
  burnin=6
  iterations=25

No genetic map is specified: using 1 cM = 1 Mb

Reference samples:           0
Study samples:             383

Window 1 (01:78550-40065667)
Study markers:             899

Burnin  iteration 1:           1 second
Burnin  iteration 2:           1 second
Burnin  iteration 3:           1 second
Burnin  iteration 4:           0 seconds
Burnin  iteration 5:           1 second
Burnin  iteration 6:           0 seconds

Phasing iteration 1:           0 seconds
Phasing iteration 2:           0 seconds
Phasing iteration 3:           0 seconds
Phasing iteration 4:           0 seconds
Phasing iteration 5:           0 seconds
Phasing iteration 6:           0 seconds
Phasing iteration 7:           0 seconds
Phasing iteration 8:           0 seconds
Phasing iteration 9:           0 seconds
Phasing iteration 10:          0 seconds
Phasing iteration 11:          0 seconds
Phasing iteration 12:          0 seconds
Phasing iteration 13:          0 seconds
Phasing iteration 14:          0 seconds
Phasing iteration 15:          0 seconds
Phasing iteration 16:          0 seconds
Phasing iteration 17:          0 seconds
Phasing iteration 18:          0 seconds
Phasing iteration 19:          0 seconds
Phasing iteration 20:          0 seconds
Phasing iteration 21:          0 seconds
Phasing iteration 22:          0 seconds
Phasing iteration 23:          0 seconds
Phasing iteration 24:          0 seconds
Phasing iteration 25:          0 seconds

Window 2 (01:35900504-49733236)
Study markers:             247

Burnin  iteration 1:           0 seconds
Burnin  iteration 2:           0 seconds
Burnin  iteration 3:           0 seconds
Burnin  iteration 4:           0 seconds
Burnin  iteration 5:           0 seconds
Burnin  iteration 6:           0 seconds

Phasing iteration 1:           0 seconds
Phasing iteration 2:           0 seconds
Phasing iteration 3:           0 seconds
Phasing iteration 4:           0 seconds
Phasing iteration 5:           0 seconds
Phasing iteration 6:           0 seconds
Phasing iteration 7:           0 seconds
Phasing iteration 8:           0 seconds
Phasing iteration 9:           0 seconds
Phasing iteration 10:          0 seconds
Phasing iteration 11:          0 seconds
Phasing iteration 12:          0 seconds
Phasing iteration 13:          0 seconds
Phasing iteration 14:          0 seconds
Phasing iteration 15:          0 seconds
Phasing iteration 16:          0 seconds
Phasing iteration 17:          0 seconds
Phasing iteration 18:          0 seconds
Phasing iteration 19:          0 seconds
Phasing iteration 20:          0 seconds
Phasing iteration 21:          0 seconds
Phasing iteration 22:          0 seconds
Phasing iteration 23:          0 seconds
Phasing iteration 24:          0 seconds
Phasing iteration 25:          0 seconds

Window 3 (02:3846-39852234)
Study markers:             664

Burnin  iteration 1:           0 seconds
Burnin  iteration 2:           0 seconds
Burnin  iteration 3:           0 seconds
Burnin  iteration 4:           0 seconds
Burnin  iteration 5:           0 seconds
Burnin  iteration 6:           0 seconds

Phasing iteration 1:           0 seconds
Phasing iteration 2:           0 seconds
Phasing iteration 3:           0 seconds
Phasing iteration 4:           0 seconds
Phasing iteration 5:           0 seconds
Phasing iteration 6:           0 seconds
Phasing iteration 7:           0 seconds
Phasing iteration 8:           0 seconds
Phasing iteration 9:           0 seconds
Phasing iteration 10:          0 seconds
Phasing iteration 11:          0 seconds
Phasing iteration 12:          0 seconds
Phasing iteration 13:          0 seconds
Phasing iteration 14:          0 seconds
Phasing iteration 15:          0 seconds
Phasing iteration 16:          0 seconds
Phasing iteration 17:          0 seconds
Phasing iteration 18:          0 seconds
Phasing iteration 19:          0 seconds
Phasing iteration 20:          0 seconds
Phasing iteration 21:          0 seconds
Phasing iteration 22:          0 seconds
Phasing iteration 23:          0 seconds
Phasing iteration 24:          0 seconds
Phasing iteration 25:          0 seconds

Window 4 (03:277928-38907414)
Study markers:             757

Burnin  iteration 1:           0 seconds
Burnin  iteration 2:           0 seconds
Burnin  iteration 3:           0 seconds
Burnin  iteration 4:           0 seconds
Burnin  iteration 5:           0 seconds
Burnin  iteration 6:           0 seconds

Phasing iteration 1:           0 seconds
Phasing iteration 2:           0 seconds
Phasing iteration 3:           0 seconds
Phasing iteration 4:           0 seconds
Phasing iteration 5:           0 seconds
Phasing iteration 6:           0 seconds
Phasing iteration 7:           0 seconds
Phasing iteration 8:           0 seconds
Phasing iteration 9:           0 seconds
Phasing iteration 10:          0 seconds
Phasing iteration 11:          0 seconds
Phasing iteration 12:          0 seconds
Phasing iteration 13:          0 seconds
Phasing iteration 14:          0 seconds
Phasing iteration 15:          0 seconds
Phasing iteration 16:          0 seconds
Phasing iteration 17:          0 seconds
Phasing iteration 18:          0 seconds
Phasing iteration 19:          0 seconds
Phasing iteration 20:          0 seconds
Phasing iteration 21:          0 seconds
Phasing iteration 22:          0 seconds
Phasing iteration 23:          0 seconds
Phasing iteration 24:          0 seconds
Phasing iteration 25:          0 seconds

Window 5 (04:123186-36309951)
Study markers:             699

Burnin  iteration 1:           0 seconds
Burnin  iteration 2:           0 seconds
Burnin  iteration 3:           0 seconds
Burnin  iteration 4:           0 seconds
Burnin  iteration 5:           0 seconds
Burnin  iteration 6:           0 seconds

Phasing iteration 1:           0 seconds
Phasing iteration 2:           0 seconds
Phasing iteration 3:           0 seconds
Phasing iteration 4:           0 seconds
Phasing iteration 5:           0 seconds
Phasing iteration 6:           0 seconds
Phasing iteration 7:           0 seconds
Phasing iteration 8:           0 seconds
Phasing iteration 9:           0 seconds
Phasing iteration 10:          0 seconds
Phasing iteration 11:          0 seconds
Phasing iteration 12:          0 seconds
Phasing iteration 13:          0 seconds
Phasing iteration 14:          0 seconds
Phasing iteration 15:          0 seconds
Phasing iteration 16:          0 seconds
Phasing iteration 17:          0 seconds
Phasing iteration 18:          0 seconds
Phasing iteration 19:          0 seconds
Phasing iteration 20:          0 seconds
Phasing iteration 21:          0 seconds
Phasing iteration 22:          0 seconds
Phasing iteration 23:          0 seconds
Phasing iteration 24:          0 seconds
Phasing iteration 25:          0 seconds

Window 6 (05:81265-36427469)
Study markers:             723

Burnin  iteration 1:           0 seconds
Burnin  iteration 2:           0 seconds
Burnin  iteration 3:           0 seconds
Burnin  iteration 4:           0 seconds
Burnin  iteration 5:           0 seconds
Burnin  iteration 6:           0 seconds

Phasing iteration 1:           0 seconds
Phasing iteration 2:           0 seconds
Phasing iteration 3:           0 seconds
Phasing iteration 4:           0 seconds
Phasing iteration 5:           0 seconds
Phasing iteration 6:           0 seconds
Phasing iteration 7:           0 seconds
Phasing iteration 8:           0 seconds
Phasing iteration 9:           0 seconds
Phasing iteration 10:          0 seconds
Phasing iteration 11:          0 seconds
Phasing iteration 12:          0 seconds
Phasing iteration 13:          0 seconds
Phasing iteration 14:          0 seconds
Phasing iteration 15:          0 seconds
Phasing iteration 16:          0 seconds
Phasing iteration 17:          0 seconds
Phasing iteration 18:          0 seconds
Phasing iteration 19:          0 seconds
Phasing iteration 20:          0 seconds
Phasing iteration 21:          0 seconds
Phasing iteration 22:          0 seconds
Phasing iteration 23:          0 seconds
Phasing iteration 24:          0 seconds
Phasing iteration 25:          0 seconds

Window 7 (06:36909-39531397)
Study markers:             727

Burnin  iteration 1:           0 seconds
Burnin  iteration 2:           0 seconds
Burnin  iteration 3:           0 seconds
Burnin  iteration 4:           0 seconds
Burnin  iteration 5:           0 seconds
Burnin  iteration 6:           0 seconds

Phasing iteration 1:           0 seconds
Phasing iteration 2:           0 seconds
Phasing iteration 3:           0 seconds
Phasing iteration 4:           0 seconds
Phasing iteration 5:           0 seconds
Phasing iteration 6:           0 seconds
Phasing iteration 7:           0 seconds
Phasing iteration 8:           0 seconds
Phasing iteration 9:           0 seconds
Phasing iteration 10:          0 seconds
Phasing iteration 11:          0 seconds
Phasing iteration 12:          0 seconds
Phasing iteration 13:          0 seconds
Phasing iteration 14:          0 seconds
Phasing iteration 15:          0 seconds
Phasing iteration 16:          0 seconds
Phasing iteration 17:          0 seconds
Phasing iteration 18:          0 seconds
Phasing iteration 19:          0 seconds
Phasing iteration 20:          0 seconds
Phasing iteration 21:          0 seconds
Phasing iteration 22:          0 seconds
Phasing iteration 23:          0 seconds
Phasing iteration 24:          0 seconds
Phasing iteration 25:          0 seconds

Window 8 (07:98756-36954564)
Study markers:             692

Burnin  iteration 1:           0 seconds
Burnin  iteration 2:           0 seconds
Burnin  iteration 3:           0 seconds
Burnin  iteration 4:           0 seconds
Burnin  iteration 5:           0 seconds
Burnin  iteration 6:           0 seconds

Phasing iteration 1:           0 seconds
Phasing iteration 2:           0 seconds
Phasing iteration 3:           0 seconds
Phasing iteration 4:           0 seconds
Phasing iteration 5:           0 seconds
Phasing iteration 6:           0 seconds
Phasing iteration 7:           0 seconds
Phasing iteration 8:           0 seconds
Phasing iteration 9:           0 seconds
Phasing iteration 10:          0 seconds
Phasing iteration 11:          0 seconds
Phasing iteration 12:          0 seconds
Phasing iteration 13:          0 seconds
Phasing iteration 14:          0 seconds
Phasing iteration 15:          0 seconds
Phasing iteration 16:          0 seconds
Phasing iteration 17:          0 seconds
Phasing iteration 18:          0 seconds
Phasing iteration 19:          0 seconds
Phasing iteration 20:          0 seconds
Phasing iteration 21:          0 seconds
Phasing iteration 22:          0 seconds
Phasing iteration 23:          0 seconds
Phasing iteration 24:          0 seconds
Phasing iteration 25:          0 seconds

Window 9 (08:71688-38035090)
Study markers:             656

Burnin  iteration 1:           0 seconds
Burnin  iteration 2:           0 seconds
Burnin  iteration 3:           0 seconds
Burnin  iteration 4:           0 seconds
Burnin  iteration 5:           0 seconds
Burnin  iteration 6:           0 seconds

Phasing iteration 1:           0 seconds
Phasing iteration 2:           0 seconds
Phasing iteration 3:           0 seconds
Phasing iteration 4:           0 seconds
Phasing iteration 5:           0 seconds
Phasing iteration 6:           0 seconds
Phasing iteration 7:           0 seconds
Phasing iteration 8:           0 seconds
Phasing iteration 9:           0 seconds
Phasing iteration 10:          0 seconds
Phasing iteration 11:          0 seconds
Phasing iteration 12:          0 seconds
Phasing iteration 13:          0 seconds
Phasing iteration 14:          0 seconds
Phasing iteration 15:          0 seconds
Phasing iteration 16:          0 seconds
Phasing iteration 17:          0 seconds
Phasing iteration 18:          0 seconds
Phasing iteration 19:          0 seconds
Phasing iteration 20:          0 seconds
Phasing iteration 21:          0 seconds
Phasing iteration 22:          0 seconds
Phasing iteration 23:          0 seconds
Phasing iteration 24:          0 seconds
Phasing iteration 25:          0 seconds

Window 10 (09:160620-40081205)
Study markers:             840

Burnin  iteration 1:           0 seconds
Burnin  iteration 2:           0 seconds
Burnin  iteration 3:           0 seconds
Burnin  iteration 4:           0 seconds
Burnin  iteration 5:           0 seconds
Burnin  iteration 6:           0 seconds

Phasing iteration 1:           0 seconds
Phasing iteration 2:           0 seconds
Phasing iteration 3:           0 seconds
Phasing iteration 4:           0 seconds
Phasing iteration 5:           0 seconds
Phasing iteration 6:           0 seconds
Phasing iteration 7:           0 seconds
Phasing iteration 8:           0 seconds
Phasing iteration 9:           0 seconds
Phasing iteration 10:          0 seconds
Phasing iteration 11:          0 seconds
Phasing iteration 12:          0 seconds
Phasing iteration 13:          0 seconds
Phasing iteration 14:          0 seconds
Phasing iteration 15:          0 seconds
Phasing iteration 16:          0 seconds
Phasing iteration 17:          0 seconds
Phasing iteration 18:          0 seconds
Phasing iteration 19:          0 seconds
Phasing iteration 20:          0 seconds
Phasing iteration 21:          0 seconds
Phasing iteration 22:          0 seconds
Phasing iteration 23:          0 seconds
Phasing iteration 24:          0 seconds
Phasing iteration 25:          0 seconds

Window 11 (09:36005666-41663762)
Study markers:             102

Burnin  iteration 1:           0 seconds
Burnin  iteration 2:           0 seconds
Burnin  iteration 3:           0 seconds
Burnin  iteration 4:           0 seconds
Burnin  iteration 5:           0 seconds
Burnin  iteration 6:           0 seconds

Phasing iteration 1:           0 seconds
Phasing iteration 2:           0 seconds
Phasing iteration 3:           0 seconds
Phasing iteration 4:           0 seconds
Phasing iteration 5:           0 seconds
Phasing iteration 6:           0 seconds
Phasing iteration 7:           0 seconds
Phasing iteration 8:           0 seconds
Phasing iteration 9:           0 seconds
Phasing iteration 10:          0 seconds
Phasing iteration 11:          0 seconds
Phasing iteration 12:          0 seconds
Phasing iteration 13:          0 seconds
Phasing iteration 14:          0 seconds
Phasing iteration 15:          0 seconds
Phasing iteration 16:          0 seconds
Phasing iteration 17:          0 seconds
Phasing iteration 18:          0 seconds
Phasing iteration 19:          0 seconds
Phasing iteration 20:          0 seconds
Phasing iteration 21:          0 seconds
Phasing iteration 22:          0 seconds
Phasing iteration 23:          0 seconds
Phasing iteration 24:          0 seconds
Phasing iteration 25:          0 seconds

Window 12 (10:129612-36280156)
Study markers:             736

Burnin  iteration 1:           0 seconds
Burnin  iteration 2:           0 seconds
Burnin  iteration 3:           0 seconds
Burnin  iteration 4:           0 seconds
Burnin  iteration 5:           0 seconds
Burnin  iteration 6:           0 seconds

Phasing iteration 1:           0 seconds
Phasing iteration 2:           0 seconds
Phasing iteration 3:           0 seconds
Phasing iteration 4:           0 seconds
Phasing iteration 5:           0 seconds
Phasing iteration 6:           0 seconds
Phasing iteration 7:           0 seconds
Phasing iteration 8:           0 seconds
Phasing iteration 9:           0 seconds
Phasing iteration 10:          0 seconds
Phasing iteration 11:          0 seconds
Phasing iteration 12:          0 seconds
Phasing iteration 13:          0 seconds
Phasing iteration 14:          0 seconds
Phasing iteration 15:          0 seconds
Phasing iteration 16:          0 seconds
Phasing iteration 17:          0 seconds
Phasing iteration 18:          0 seconds
Phasing iteration 19:          0 seconds
Phasing iteration 20:          0 seconds
Phasing iteration 21:          0 seconds
Phasing iteration 22:          0 seconds
Phasing iteration 23:          0 seconds
Phasing iteration 24:          0 seconds
Phasing iteration 25:          0 seconds

Window 13 (11:189974-40041104)
Study markers:             845

Burnin  iteration 1:           0 seconds
Burnin  iteration 2:           0 seconds
Burnin  iteration 3:           0 seconds
Burnin  iteration 4:           0 seconds
Burnin  iteration 5:           0 seconds
Burnin  iteration 6:           0 seconds

Phasing iteration 1:           0 seconds
Phasing iteration 2:           0 seconds
Phasing iteration 3:           0 seconds
Phasing iteration 4:           0 seconds
Phasing iteration 5:           0 seconds
Phasing iteration 6:           0 seconds
Phasing iteration 7:           0 seconds
Phasing iteration 8:           0 seconds
Phasing iteration 9:           0 seconds
Phasing iteration 10:          0 seconds
Phasing iteration 11:          0 seconds
Phasing iteration 12:          0 seconds
Phasing iteration 13:          0 seconds
Phasing iteration 14:          0 seconds
Phasing iteration 15:          0 seconds
Phasing iteration 16:          0 seconds
Phasing iteration 17:          0 seconds
Phasing iteration 18:          0 seconds
Phasing iteration 19:          0 seconds
Phasing iteration 20:          0 seconds
Phasing iteration 21:          0 seconds
Phasing iteration 22:          0 seconds
Phasing iteration 23:          0 seconds
Phasing iteration 24:          0 seconds
Phasing iteration 25:          0 seconds

Window 14 (11:35891735-44142430)
Study markers:             134

Burnin  iteration 1:           0 seconds
Burnin  iteration 2:           0 seconds
Burnin  iteration 3:           0 seconds
Burnin  iteration 4:           0 seconds
Burnin  iteration 5:           0 seconds
Burnin  iteration 6:           0 seconds

Phasing iteration 1:           0 seconds
Phasing iteration 2:           0 seconds
Phasing iteration 3:           0 seconds
Phasing iteration 4:           0 seconds
Phasing iteration 5:           0 seconds
Phasing iteration 6:           0 seconds
Phasing iteration 7:           0 seconds
Phasing iteration 8:           0 seconds
Phasing iteration 9:           0 seconds
Phasing iteration 10:          0 seconds
Phasing iteration 11:          0 seconds
Phasing iteration 12:          0 seconds
Phasing iteration 13:          0 seconds
Phasing iteration 14:          0 seconds
Phasing iteration 15:          0 seconds
Phasing iteration 16:          0 seconds
Phasing iteration 17:          0 seconds
Phasing iteration 18:          0 seconds
Phasing iteration 19:          0 seconds
Phasing iteration 20:          0 seconds
Phasing iteration 21:          0 seconds
Phasing iteration 22:          0 seconds
Phasing iteration 23:          0 seconds
Phasing iteration 24:          0 seconds
Phasing iteration 25:          0 seconds

Window 15 (12:22504-39238277)
Study markers:             874

Burnin  iteration 1:           0 seconds
Burnin  iteration 2:           0 seconds
Burnin  iteration 3:           0 seconds
Burnin  iteration 4:           0 seconds
Burnin  iteration 5:           0 seconds
Burnin  iteration 6:           0 seconds

Phasing iteration 1:           0 seconds
Phasing iteration 2:           0 seconds
Phasing iteration 3:           0 seconds
Phasing iteration 4:           0 seconds
Phasing iteration 5:           0 seconds
Phasing iteration 6:           0 seconds
Phasing iteration 7:           0 seconds
Phasing iteration 8:           0 seconds
Phasing iteration 9:           0 seconds
Phasing iteration 10:          0 seconds
Phasing iteration 11:          0 seconds
Phasing iteration 12:          0 seconds
Phasing iteration 13:          0 seconds
Phasing iteration 14:          0 seconds
Phasing iteration 15:          0 seconds
Phasing iteration 16:          0 seconds
Phasing iteration 17:          0 seconds
Phasing iteration 18:          0 seconds
Phasing iteration 19:          0 seconds
Phasing iteration 20:          0 seconds
Phasing iteration 21:          0 seconds
Phasing iteration 22:          0 seconds
Phasing iteration 23:          0 seconds
Phasing iteration 24:          0 seconds
Phasing iteration 25:          0 seconds

Cumulative Statistics:

Study markers:           9,378

Haplotype phasing time:        2 minutes 0 seconds
Total time:                    2 minutes 11 seconds

End time: 08:31 PM CDT on 19 Mar 2021
beagle.16May19.351.jar finished
