perl: warning: Setting locale failed.
perl: warning: Please check that your locale settings:
	LANGUAGE = (unset),
	LC_ALL = (unset),
	LANG = "C.UTF-8"
    are supported and installed on your system.
perl: warning: Falling back to the standard locale ("C").
/software/7/apps/tassel5/5.2.75/lib/commons-codec-1.10.jar:/software/7/apps/tassel5/5.2.75/lib/javax.json-1.0.4.jar:/software/7/apps/tassel5/5.2.75/lib/ini4j-0.5.4.jar:/software/7/apps/tassel5/5.2.75/lib/json-simple-1.1.1.jar:/software/7/apps/tassel5/5.2.75/lib/ahocorasick-0.2.4.jar:/software/7/apps/tassel5/5.2.75/lib/kotlin-stdlib-jdk7-1.4.32.jar:/software/7/apps/tassel5/5.2.75/lib/slf4j-api-1.7.10.jar:/software/7/apps/tassel5/5.2.75/lib/guava-22.0.jar:/software/7/apps/tassel5/5.2.75/lib/jhdf5-14.12.5.jar:/software/7/apps/tassel5/5.2.75/lib/sqlite-jdbc-3.8.5-pre1.jar:/software/7/apps/tassel5/5.2.75/lib/jfreesvg-3.2.jar:/software/7/apps/tassel5/5.2.75/lib/jcommon-1.0.23.jar:/software/7/apps/tassel5/5.2.75/lib/htsjdk-2.23.0.jar:/software/7/apps/tassel5/5.2.75/lib/colt-1.2.0.jar:/software/7/apps/tassel5/5.2.75/lib/phg.jar:/software/7/apps/tassel5/5.2.75/lib/forester-1.038.jar:/software/7/apps/tassel5/5.2.75/lib/kotlin-stdlib-jdk8-1.4.32.jar:/software/7/apps/tassel5/5.2.75/lib/postgresql-9.4-1201.jdbc41.jar:/software/7/apps/tassel5/5.2.75/lib/snappy-java-1.1.1.6.jar:/software/7/apps/tassel5/5.2.75/lib/mail-1.4.jar:/software/7/apps/tassel5/5.2.75/lib/gs-ui-1.3.jar:/software/7/apps/tassel5/5.2.75/lib/ejml-ddense-0.41.jar:/software/7/apps/tassel5/5.2.75/lib/kotlinx-coroutines-core-jvm-1.4.3.jar:/software/7/apps/tassel5/5.2.75/lib/gs-core-1.3.jar:/software/7/apps/tassel5/5.2.75/lib/ejml-core-0.41.jar:/software/7/apps/tassel5/5.2.75/lib/trove-3.0.3.jar:/software/7/apps/tassel5/5.2.75/lib/fastutil-8.2.2.jar:/software/7/apps/tassel5/5.2.75/lib/biojava-alignment-4.0.0.jar:/software/7/apps/tassel5/5.2.75/lib/biojava-core-4.0.0.jar:/software/7/apps/tassel5/5.2.75/lib/commons-math3-3.4.1.jar:/software/7/apps/tassel5/5.2.75/lib/kotlin-stdlib-1.4.32.jar:/software/7/apps/tassel5/5.2.75/lib/itextpdf-5.1.0.jar:/software/7/apps/tassel5/5.2.75/lib/log4j-1.2.13.jar:/software/7/apps/tassel5/5.2.75/lib/scala-library-2.10.1.jar:/software/7/apps/tassel5/5.2.75/lib/slf4j-simple-1.7.10.jar:/software/7/apps/tassel5/5.2.75/lib/biojava-phylo-4.0.0.jar:/software/7/apps/tassel5/5.2.75/lib/jfreechart-1.0.19.jar:/software/7/apps/tassel5/5.2.75/lib/junit-4.10.jar:/software/7/apps/tassel5/5.2.75/sTASSEL.jar
Memory Settings: -Xms1G -Xmx48G
Tassel Pipeline Arguments: -fork1 -GBSSeqToTagDBPlugin -c 10 -db /project/gifvl_vaccinium/cranberrygbs/cranberryHistoricalGBS//database/cranberry_gbs_discovery.db -i /project/gifvl_vaccinium/cranberrygbs/cranberryHistoricalGBS//input -k /project/gifvl_vaccinium/cranberrygbs/cranberryHistoricalGBS//input/cranberry_gbs_unique_keys.txt -e EcoT22I -kmerLength 64 -minKmerL 20 -mnQS 20 -mxKmerNum 100000000 -endPlugin -runfork1
[main] INFO net.maizegenetics.tassel.TasselLogging - Tassel Version: 5.2.75  Date: October 4, 2021
[main] INFO net.maizegenetics.tassel.TasselLogging - Max Available Memory Reported by JVM: 43691 MB
[main] INFO net.maizegenetics.tassel.TasselLogging - Java Version: 1.8.0_121
[main] INFO net.maizegenetics.tassel.TasselLogging - OS: Linux
[main] INFO net.maizegenetics.tassel.TasselLogging - Number of Processors: 72
[main] INFO net.maizegenetics.pipeline.TasselPipeline - Tassel Pipeline Arguments: [-fork1, -GBSSeqToTagDBPlugin, -c, 10, -db, /project/gifvl_vaccinium/cranberrygbs/cranberryHistoricalGBS//database/cranberry_gbs_discovery.db, -i, /project/gifvl_vaccinium/cranberrygbs/cranberryHistoricalGBS//input, -k, /project/gifvl_vaccinium/cranberrygbs/cranberryHistoricalGBS//input/cranberry_gbs_unique_keys.txt, -e, EcoT22I, -kmerLength, 64, -minKmerL, 20, -mnQS, 20, -mxKmerNum, 100000000, -endPlugin, -runfork1]
net.maizegenetics.analysis.gbs.v2.GBSSeqToTagDBPlugin
[pool-1-thread-1] INFO net.maizegenetics.plugindef.AbstractPlugin - Starting net.maizegenetics.analysis.gbs.v2.GBSSeqToTagDBPlugin: time: Dec 15, 2021 18:41:0
[pool-1-thread-1] INFO net.maizegenetics.plugindef.AbstractPlugin - 
GBSSeqToTagDBPlugin Parameters
i: /project/gifvl_vaccinium/cranberrygbs/cranberryHistoricalGBS//input
k: /project/gifvl_vaccinium/cranberrygbs/cranberryHistoricalGBS//input/cranberry_gbs_unique_keys.txt
e: EcoT22I
kmerLength: 64
minKmerL: 20
c: 10
db: /project/gifvl_vaccinium/cranberrygbs/cranberryHistoricalGBS//database/cranberry_gbs_discovery.db
mnQS: 20
mxKmerNum: 100000000
batchSize: 8
deleteOldData: true

Found 13 files to process
size of all tags in tag table=0
size of all tissues in tissue table=0
size of all tags in mappingApproach table=0
size of all taxa in taxa table=0

Start processing batch 1
[ForkJoinPool.commonPool-worker-29] INFO net.maizegenetics.analysis.gbs.v2.GBSSeqToTagDBPlugin - processing file /project/gifvl_vaccinium/cranberrygbs/cranberryHistoricalGBS/input/fastq_files/C574FACXX_2_fastq.gz
[pool-1-thread-1] INFO net.maizegenetics.analysis.gbs.v2.GBSSeqToTagDBPlugin - processing file /project/gifvl_vaccinium/cranberrygbs/cranberryHistoricalGBS/input/fastq_files/C8BNLANXX_4_fastq.gz
[ForkJoinPool.commonPool-worker-86] INFO net.maizegenetics.analysis.gbs.v2.GBSSeqToTagDBPlugin - processing file /project/gifvl_vaccinium/cranberrygbs/cranberryHistoricalGBS/input/fastq_files/C511KACXX_2_fastq.gz
[ForkJoinPool.commonPool-worker-57] INFO net.maizegenetics.analysis.gbs.v2.GBSSeqToTagDBPlugin - processing file /project/gifvl_vaccinium/cranberrygbs/cranberryHistoricalGBS/input/fastq_files/C50VDACXX_7_fastq.gz
[ForkJoinPool.commonPool-worker-15] INFO net.maizegenetics.analysis.gbs.v2.GBSSeqToTagDBPlugin - processing file /project/gifvl_vaccinium/cranberrygbs/cranberryHistoricalGBS/input/fastq_files/C8BNLANXX_3_fastq.gz
[ForkJoinPool.commonPool-worker-100] INFO net.maizegenetics.analysis.gbs.v2.GBSSeqToTagDBPlugin - processing file /project/gifvl_vaccinium/cranberrygbs/cranberryHistoricalGBS/input/fastq_files/C8BNLANXX_2_fastq.gz
[ForkJoinPool.commonPool-worker-43] INFO net.maizegenetics.analysis.gbs.v2.GBSSeqToTagDBPlugin - processing file /project/gifvl_vaccinium/cranberrygbs/cranberryHistoricalGBS/input/fastq_files/C50VDACXX_5_fastq.gz
[ForkJoinPool.commonPool-worker-114] INFO net.maizegenetics.analysis.gbs.v2.GBSSeqToTagDBPlugin - processing file /project/gifvl_vaccinium/cranberrygbs/cranberryHistoricalGBS/input/fastq_files/C50VDACXX_6_fastq.gz
[pool-1-thread-1] INFO net.maizegenetics.analysis.gbs.v2.GBSUtils - /project/gifvl_vaccinium/cranberrygbs/cranberryHistoricalGBS/input/fastq_files/C8BNLANXX_4_fastq.gz: Quality score base:33
[ForkJoinPool.commonPool-worker-100] INFO net.maizegenetics.analysis.gbs.v2.GBSUtils - /project/gifvl_vaccinium/cranberrygbs/cranberryHistoricalGBS/input/fastq_files/C8BNLANXX_2_fastq.gz: Quality score base:33
[ForkJoinPool.commonPool-worker-43] INFO net.maizegenetics.analysis.gbs.v2.GBSUtils - /project/gifvl_vaccinium/cranberrygbs/cranberryHistoricalGBS/input/fastq_files/C50VDACXX_5_fastq.gz: Quality score base:33
[ForkJoinPool.commonPool-worker-114] INFO net.maizegenetics.analysis.gbs.v2.GBSUtils - /project/gifvl_vaccinium/cranberrygbs/cranberryHistoricalGBS/input/fastq_files/C50VDACXX_6_fastq.gz: Quality score base:33
[ForkJoinPool.commonPool-worker-86] INFO net.maizegenetics.analysis.gbs.v2.GBSUtils - /project/gifvl_vaccinium/cranberrygbs/cranberryHistoricalGBS/input/fastq_files/C511KACXX_2_fastq.gz: Quality score base:33
[ForkJoinPool.commonPool-worker-57] INFO net.maizegenetics.analysis.gbs.v2.GBSUtils - /project/gifvl_vaccinium/cranberrygbs/cranberryHistoricalGBS/input/fastq_files/C50VDACXX_7_fastq.gz: Quality score base:33
[ForkJoinPool.commonPool-worker-15] INFO net.maizegenetics.analysis.gbs.v2.GBSUtils - /project/gifvl_vaccinium/cranberrygbs/cranberryHistoricalGBS/input/fastq_files/C8BNLANXX_3_fastq.gz: Quality score base:33
[ForkJoinPool.commonPool-worker-29] INFO net.maizegenetics.analysis.gbs.v2.GBSUtils - /project/gifvl_vaccinium/cranberrygbs/cranberryHistoricalGBS/input/fastq_files/C574FACXX_2_fastq.gz: Quality score base:33
[pool-1-thread-1] INFO net.maizegenetics.analysis.gbs.v2.GBSSeqToTagDBPlugin - Total Reads:10000000 Reads with barcode and cut site overhang:5013169 rate:7068 ns/read. Current tag count:1166403
[ForkJoinPool.commonPool-worker-114] INFO net.maizegenetics.analysis.gbs.v2.GBSSeqToTagDBPlugin - Total Reads:10000000 Reads with barcode and cut site overhang:4459739 rate:7083 ns/read. Current tag count:1170652
[ForkJoinPool.commonPool-worker-29] INFO net.maizegenetics.analysis.gbs.v2.GBSSeqToTagDBPlugin - Total Reads:10000000 Reads with barcode and cut site overhang:6638523 rate:9730 ns/read. Current tag count:1346283
[ForkJoinPool.commonPool-worker-100] INFO net.maizegenetics.analysis.gbs.v2.GBSSeqToTagDBPlugin - Total Reads:20000000 Reads with barcode and cut site overhang:11473552 rate:7250 ns/read. Current tag count:1842348
[ForkJoinPool.commonPool-worker-57] INFO net.maizegenetics.analysis.gbs.v2.GBSSeqToTagDBPlugin - Total Reads:20000000 Reads with barcode and cut site overhang:8729171 rate:7392 ns/read. Current tag count:1885087
[ForkJoinPool.commonPool-worker-86] INFO net.maizegenetics.analysis.gbs.v2.GBSSeqToTagDBPlugin - Total Reads:20000000 Reads with barcode and cut site overhang:12212109 rate:8122 ns/read. Current tag count:2036008
[ForkJoinPool.commonPool-worker-29] INFO net.maizegenetics.analysis.gbs.v2.GBSSeqToTagDBPlugin - Total Reads:30000000 Reads with barcode and cut site overhang:18956477 rate:7686 ns/read. Current tag count:2619904
[ForkJoinPool.commonPool-worker-86] INFO net.maizegenetics.analysis.gbs.v2.GBSSeqToTagDBPlugin - Total Reads:30000000 Reads with barcode and cut site overhang:17577583 rate:7754 ns/read. Current tag count:2636320
[pool-1-thread-1] INFO net.maizegenetics.analysis.gbs.v2.GBSSeqToTagDBPlugin - Total Reads:40000000 Reads with barcode and cut site overhang:19100969 rate:6611 ns/read. Current tag count:2848290
[pool-1-thread-1] INFO net.maizegenetics.analysis.gbs.v2.GBSSeqToTagDBPlugin - Total Reads:50000000 Reads with barcode and cut site overhang:24612831 rate:6488 ns/read. Current tag count:3283041
[ForkJoinPool.commonPool-worker-15] INFO net.maizegenetics.analysis.gbs.v2.GBSSeqToTagDBPlugin - Total Reads:50000000 Reads with barcode and cut site overhang:24068602 rate:6736 ns/read. Current tag count:3370453
[ForkJoinPool.commonPool-worker-43] INFO net.maizegenetics.analysis.gbs.v2.GBSSeqToTagDBPlugin - Total Reads:50000000 Reads with barcode and cut site overhang:22418394 rate:7090 ns/read. Current tag count:3506036
[ForkJoinPool.commonPool-worker-57] INFO net.maizegenetics.analysis.gbs.v2.GBSSeqToTagDBPlugin - Total Reads:60000000 Reads with barcode and cut site overhang:17375186 rate:5927 ns/read. Current tag count:3518250
[ForkJoinPool.commonPool-worker-86] INFO net.maizegenetics.analysis.gbs.v2.GBSSeqToTagDBPlugin - Total Reads:50000000 Reads with barcode and cut site overhang:26597653 rate:7303 ns/read. Current tag count:3599559
[pool-1-thread-1] INFO net.maizegenetics.analysis.gbs.v2.GBSSeqToTagDBPlugin - Total Reads:60000000 Reads with barcode and cut site overhang:30114156 rate:6181 ns/read. Current tag count:3644114
[ForkJoinPool.commonPool-worker-43] INFO net.maizegenetics.analysis.gbs.v2.GBSSeqToTagDBPlugin - Total Reads:60000000 Reads with barcode and cut site overhang:28092451 rate:6890 ns/read. Current tag count:3949879
[ForkJoinPool.commonPool-worker-86] INFO net.maizegenetics.analysis.gbs.v2.GBSSeqToTagDBPlugin - Total Reads:60000000 Reads with barcode and cut site overhang:32889600 rate:7320 ns/read. Current tag count:4047063
[ForkJoinPool.commonPool-worker-100] INFO net.maizegenetics.analysis.gbs.v2.GBSSeqToTagDBPlugin - Total Reads:70000000 Reads with barcode and cut site overhang:35799358 rate:6572 ns/read. Current tag count:4280643
[ForkJoinPool.commonPool-worker-43] INFO net.maizegenetics.analysis.gbs.v2.GBSSeqToTagDBPlugin - Total Reads:70000000 Reads with barcode and cut site overhang:33108876 rate:6843 ns/read. Current tag count:4408965
[pool-1-thread-1] INFO net.maizegenetics.analysis.gbs.v2.GBSSeqToTagDBPlugin - Total Reads:80000000 Reads with barcode and cut site overhang:41306311 rate:5989 ns/read. Current tag count:4409470
[ForkJoinPool.commonPool-worker-29] INFO net.maizegenetics.analysis.gbs.v2.GBSSeqToTagDBPlugin - Total Reads:70000000 Reads with barcode and cut site overhang:41012520 rate:6884 ns/read. Current tag count:4425234
[pool-1-thread-1] INFO net.maizegenetics.analysis.gbs.v2.GBSSeqToTagDBPlugin - Total Reads:90000000 Reads with barcode and cut site overhang:46257658 rate:5832 ns/read. Current tag count:4668858
[ForkJoinPool.commonPool-worker-43] INFO net.maizegenetics.analysis.gbs.v2.GBSSeqToTagDBPlugin - Total Reads:80000000 Reads with barcode and cut site overhang:37323192 rate:6580 ns/read. Current tag count:4687406
[ForkJoinPool.commonPool-worker-86] INFO net.maizegenetics.analysis.gbs.v2.GBSSeqToTagDBPlugin - Total Reads:80000000 Reads with barcode and cut site overhang:44152996 rate:6888 ns/read. Current tag count:4799887
[ForkJoinPool.commonPool-worker-57] INFO net.maizegenetics.analysis.gbs.v2.GBSSeqToTagDBPlugin - Total Reads:100000000 Reads with barcode and cut site overhang:26000072 rate:5952 ns/read. Current tag count:4867989
[ForkJoinPool.commonPool-worker-114] INFO net.maizegenetics.analysis.gbs.v2.GBSSeqToTagDBPlugin - Total Reads:110000000 Reads with barcode and cut site overhang:24030262 rate:5435 ns/read. Current tag count:4885334
[ForkJoinPool.commonPool-worker-29] INFO net.maizegenetics.analysis.gbs.v2.GBSSeqToTagDBPlugin - Total Reads:90000000 Reads with barcode and cut site overhang:49043259 rate:6708 ns/read. Current tag count:4920385
[pool-1-thread-1] INFO net.maizegenetics.analysis.gbs.v2.GBSSeqToTagDBPlugin - Total Reads:100000000 Reads with barcode and cut site overhang:51440053 rate:6043 ns/read. Current tag count:4924743
[ForkJoinPool.commonPool-worker-100] INFO net.maizegenetics.analysis.gbs.v2.GBSSeqToTagDBPlugin - Total Reads:90000000 Reads with barcode and cut site overhang:46883737 rate:6788 ns/read. Current tag count:4958808
[ForkJoinPool.commonPool-worker-29] INFO net.maizegenetics.analysis.gbs.v2.GBSSeqToTagDBPlugin - Total Reads:100000000 Reads with barcode and cut site overhang:55797347 rate:6504 ns/read. Current tag count:5178882
[pool-1-thread-1] INFO net.maizegenetics.analysis.gbs.v2.GBSSeqToTagDBPlugin - Total Reads:110000000 Reads with barcode and cut site overhang:56952186 rate:5965 ns/read. Current tag count:5221148
[ForkJoinPool.commonPool-worker-100] INFO net.maizegenetics.analysis.gbs.v2.GBSSeqToTagDBPlugin - Total Reads:100000000 Reads with barcode and cut site overhang:52396959 rate:6590 ns/read. Current tag count:5238997
[ForkJoinPool.commonPool-worker-29] INFO net.maizegenetics.analysis.gbs.v2.GBSSeqToTagDBPlugin - Total Reads:110000000 Reads with barcode and cut site overhang:62790503 rate:6406 ns/read. Current tag count:5454971
[ForkJoinPool.commonPool-worker-15] INFO net.maizegenetics.analysis.gbs.v2.GBSSeqToTagDBPlugin - Total Reads:110000000 Reads with barcode and cut site overhang:52137574 rate:6417 ns/read. Current tag count:5461269
[pool-1-thread-1] INFO net.maizegenetics.analysis.gbs.v2.GBSSeqToTagDBPlugin - Total Reads:120000000 Reads with barcode and cut site overhang:62324830 rate:5916 ns/read. Current tag count:5482659
[ForkJoinPool.commonPool-worker-100] INFO net.maizegenetics.analysis.gbs.v2.GBSSeqToTagDBPlugin - Total Reads:110000000 Reads with barcode and cut site overhang:58412038 rate:6477 ns/read. Current tag count:5495872
[ForkJoinPool.commonPool-worker-114] INFO net.maizegenetics.analysis.gbs.v2.GBSSeqToTagDBPlugin - Total Reads:150000000 Reads with barcode and cut site overhang:29538780 rate:5113 ns/read. Current tag count:5656374
[ForkJoinPool.commonPool-worker-86] INFO net.maizegenetics.analysis.gbs.v2.GBSSeqToTagDBPlugin - Total Reads:110000000 Reads with barcode and cut site overhang:61302350 rate:6983 ns/read. Current tag count:5666231
[ForkJoinPool.commonPool-worker-43] INFO net.maizegenetics.analysis.gbs.v2.GBSSeqToTagDBPlugin - Total Reads:120000000 Reads with barcode and cut site overhang:52728423 rate:6426 ns/read. Current tag count:5671569
[ForkJoinPool.commonPool-worker-15] INFO net.maizegenetics.analysis.gbs.v2.GBSSeqToTagDBPlugin - Total Reads:120000000 Reads with barcode and cut site overhang:57907686 rate:6435 ns/read. Current tag count:5682950
[ForkJoinPool.commonPool-worker-100] INFO net.maizegenetics.analysis.gbs.v2.GBSSeqToTagDBPlugin - Total Reads:120000000 Reads with barcode and cut site overhang:64715375 rate:6578 ns/read. Current tag count:5745459
[ForkJoinPool.commonPool-worker-15] INFO net.maizegenetics.analysis.gbs.v2.GBSSeqToTagDBPlugin - Total Reads:130000000 Reads with barcode and cut site overhang:63444736 rate:6343 ns/read. Current tag count:5894913
[ForkJoinPool.commonPool-worker-57] INFO net.maizegenetics.analysis.gbs.v2.GBSSeqToTagDBPlugin - Total Reads:150000000 Reads with barcode and cut site overhang:35909473 rate:5515 ns/read. Current tag count:5907831
[ForkJoinPool.commonPool-worker-86] INFO net.maizegenetics.analysis.gbs.v2.GBSSeqToTagDBPlugin - Total Reads:120000000 Reads with barcode and cut site overhang:67052947 rate:6932 ns/read. Current tag count:5925039
[ForkJoinPool.commonPool-worker-100] INFO net.maizegenetics.analysis.gbs.v2.GBSSeqToTagDBPlugin - Total Reads:130000000 Reads with barcode and cut site overhang:70955288 rate:6482 ns/read. Current tag count:5997907
[ForkJoinPool.commonPool-worker-29] INFO net.maizegenetics.analysis.gbs.v2.GBSSeqToTagDBPlugin - Total Reads:140000000 Reads with barcode and cut site overhang:77163422 rate:6180 ns/read. Current tag count:6086361
[ForkJoinPool.commonPool-worker-15] INFO net.maizegenetics.analysis.gbs.v2.GBSSeqToTagDBPlugin - Total Reads:140000000 Reads with barcode and cut site overhang:68403102 rate:6197 ns/read. Current tag count:6096356
[ForkJoinPool.commonPool-worker-43] INFO net.maizegenetics.analysis.gbs.v2.GBSSeqToTagDBPlugin - Total Reads:140000000 Reads with barcode and cut site overhang:58959994 rate:6219 ns/read. Current tag count:6112872
[ForkJoinPool.commonPool-worker-57] INFO net.maizegenetics.analysis.gbs.v2.GBSSeqToTagDBPlugin - Total Reads:160000000 Reads with barcode and cut site overhang:40784107 rate:5796 ns/read. Current tag count:6192809
[ForkJoinPool.commonPool-worker-114] INFO net.maizegenetics.analysis.gbs.v2.GBSSeqToTagDBPlugin - Total Reads:170000000 Reads with barcode and cut site overhang:38425958 rate:5492 ns/read. Current tag count:6215597
[ForkJoinPool.commonPool-worker-100] INFO net.maizegenetics.analysis.gbs.v2.GBSSeqToTagDBPlugin - Total Reads:140000000 Reads with barcode and cut site overhang:77309864 rate:6735 ns/read. Current tag count:6251018
[ForkJoinPool.commonPool-worker-29] INFO net.maizegenetics.analysis.gbs.v2.GBSSeqToTagDBPlugin - Total Reads:150000000 Reads with barcode and cut site overhang:83913285 rate:6374 ns/read. Current tag count:6310887
[ForkJoinPool.commonPool-worker-15] INFO net.maizegenetics.analysis.gbs.v2.GBSSeqToTagDBPlugin - Total Reads:150000000 Reads with barcode and cut site overhang:73394699 rate:6441 ns/read. Current tag count:6354170
[pool-1-thread-1] INFO net.maizegenetics.analysis.gbs.v2.GBSSeqToTagDBPlugin - Total Reads:160000000 Reads with barcode and cut site overhang:82019447 rate:6090 ns/read. Current tag count:6396845
[ForkJoinPool.commonPool-worker-100] INFO net.maizegenetics.analysis.gbs.v2.GBSSeqToTagDBPlugin - Total Reads:150000000 Reads with barcode and cut site overhang:83222676 rate:6634 ns/read. Current tag count:6481888
[ForkJoinPool.commonPool-worker-29] INFO net.maizegenetics.analysis.gbs.v2.GBSSeqToTagDBPlugin - Total Reads:160000000 Reads with barcode and cut site overhang:90530424 rate:6257 ns/read. Current tag count:6504343
[ForkJoinPool.commonPool-worker-114] INFO net.maizegenetics.analysis.gbs.v2.GBSSeqToTagDBPlugin - Total Reads:200000000 Reads with barcode and cut site overhang:41618265 rate:5122 ns/read. Current tag count:6588658
[ForkJoinPool.commonPool-worker-86] INFO net.maizegenetics.analysis.gbs.v2.GBSSeqToTagDBPlugin - Total Reads:150000000 Reads with barcode and cut site overhang:82982503 rate:6898 ns/read. Current tag count:6616373
[ForkJoinPool.commonPool-worker-15] INFO net.maizegenetics.analysis.gbs.v2.GBSSeqToTagDBPlugin - Total Reads:170000000 Reads with barcode and cut site overhang:82903670 rate:6293 ns/read. Current tag count:6754738
[ForkJoinPool.commonPool-worker-43] INFO net.maizegenetics.analysis.gbs.v2.GBSSeqToTagDBPlugin - Total Reads:170000000 Reads with barcode and cut site overhang:74690381 rate:6375 ns/read. Current tag count:6802527
[ForkJoinPool.commonPool-worker-86] INFO net.maizegenetics.analysis.gbs.v2.GBSSeqToTagDBPlugin - Total Reads:160000000 Reads with barcode and cut site overhang:88781371 rate:7054 ns/read. Current tag count:6829308
[ForkJoinPool.commonPool-worker-57] INFO net.maizegenetics.analysis.gbs.v2.GBSSeqToTagDBPlugin - Total Reads:200000000 Reads with barcode and cut site overhang:48614944 rate:5646 ns/read. Current tag count:6833613
[pool-1-thread-1] INFO net.maizegenetics.analysis.gbs.v2.GBSSeqToTagDBPlugin - Total Reads:180000000 Reads with barcode and cut site overhang:93159129 rate:6274 ns/read. Current tag count:6833919
[ForkJoinPool.commonPool-worker-114] INFO net.maizegenetics.analysis.gbs.v2.GBSSeqToTagDBPlugin - Total Reads:210000000 Reads with barcode and cut site overhang:46048006 rate:5389 ns/read. Current tag count:6839843
[ForkJoinPool.commonPool-worker-15] INFO net.maizegenetics.analysis.gbs.v2.GBSSeqToTagDBPlugin - Total Reads:180000000 Reads with barcode and cut site overhang:89081855 rate:6445 ns/read. Current tag count:6995973
[ForkJoinPool.commonPool-worker-100] INFO net.maizegenetics.analysis.gbs.v2.GBSSeqToTagDBPlugin - Total Reads:180000000 Reads with barcode and cut site overhang:101273969 rate:6756 ns/read. Current tag count:7202372
[pool-1-thread-1] INFO net.maizegenetics.analysis.gbs.v2.GBSSeqToTagDBPlugin - Total Reads:200000000 Reads with barcode and cut site overhang:103669061 rate:6120 ns/read. Current tag count:7233244
[ForkJoinPool.commonPool-worker-86] INFO net.maizegenetics.analysis.gbs.v2.GBSSeqToTagDBPlugin - Total Reads:180000000 Reads with barcode and cut site overhang:96670860 rate:6900 ns/read. Current tag count:7300915
[ForkJoinPool.commonPool-worker-114] INFO net.maizegenetics.analysis.gbs.v2.GBSSeqToTagDBPlugin - Total Reads:250000000 Reads with barcode and cut site overhang:51687120 rate:5046 ns/read. Current tag count:7375055
[pool-1-thread-1] INFO net.maizegenetics.analysis.gbs.v2.GBSSeqToTagDBPlugin - Total Reads:210000000 Reads with barcode and cut site overhang:109492947 rate:6083 ns/read. Current tag count:7438071
[ForkJoinPool.commonPool-worker-15] INFO net.maizegenetics.analysis.gbs.v2.GBSSeqToTagDBPlugin - Total Reads:210000000 Reads with barcode and cut site overhang:106655933 rate:6290 ns/read. Current tag count:7540399
[ForkJoinPool.commonPool-worker-43] INFO net.maizegenetics.analysis.gbs.v2.GBSSeqToTagDBPlugin - Total Reads:210000000 Reads with barcode and cut site overhang:91073723 rate:6303 ns/read. Current tag count:7551392
[pool-1-thread-1] INFO net.maizegenetics.analysis.gbs.v2.GBSSeqToTagDBPlugin - Total Reads:220000000 Reads with barcode and cut site overhang:115246440 rate:6110 ns/read. Current tag count:7622678
[ForkJoinPool.commonPool-worker-57] INFO net.maizegenetics.analysis.gbs.v2.GBSSeqToTagDBPlugin - Total Reads:250000000 Reads with barcode and cut site overhang:61598785 rate:5379 ns/read. Current tag count:7625859
[ForkJoinPool.commonPool-worker-100] INFO net.maizegenetics.analysis.gbs.v2.GBSSeqToTagDBPlugin - Total Reads:210000000 Reads with barcode and cut site overhang:117473289 rate:6582 ns/read. Current tag count:7745228
[ForkJoinPool.commonPool-worker-29] INFO net.maizegenetics.analysis.gbs.v2.GBSSeqToTagDBPlugin - Total Reads:230000000 Reads with barcode and cut site overhang:121812292 rate:6024 ns/read. Current tag count:7757571
[ForkJoinPool.commonPool-worker-86] INFO net.maizegenetics.analysis.gbs.v2.GBSSeqToTagDBPlugin - Total Reads:200000000 Reads with barcode and cut site overhang:109580242 rate:6937 ns/read. Current tag count:7761804
[pool-1-thread-1] INFO net.maizegenetics.analysis.gbs.v2.GBSSeqToTagDBPlugin - Total Reads:230000000 Reads with barcode and cut site overhang:121007790 rate:6097 ns/read. Current tag count:7810237
[ForkJoinPool.commonPool-worker-15] INFO net.maizegenetics.analysis.gbs.v2.GBSSeqToTagDBPlugin - Total Reads:230000000 Reads with barcode and cut site overhang:119508544 rate:6215 ns/read. Current tag count:7901774
[ForkJoinPool.commonPool-worker-43] INFO net.maizegenetics.analysis.gbs.v2.GBSSeqToTagDBPlugin - Total Reads:230000000 Reads with barcode and cut site overhang:99301298 rate:6226 ns/read. Current tag count:7906949
[ForkJoinPool.commonPool-worker-114] INFO net.maizegenetics.analysis.gbs.v2.GBSSeqToTagDBPlugin - Summary for /project/gifvl_vaccinium/cranberrygbs/cranberryHistoricalGBS/input/fastq_files/C50VDACXX_6_fastq.gz
Total number of reads in lane=298516524
Total number of good barcoded reads=60599716
Total number of low quality reads=86906693
Timing process (sorting, collapsing, and writing TagCount to file).
Process took 1450884.270044 milliseconds.
tagCntMap size: 7956657
[ForkJoinPool.commonPool-worker-86] INFO net.maizegenetics.analysis.gbs.v2.GBSSeqToTagDBPlugin - Total Reads:210000000 Reads with barcode and cut site overhang:115486846 rate:6943 ns/read. Current tag count:7974547
[ForkJoinPool.commonPool-worker-29] INFO net.maizegenetics.analysis.gbs.v2.GBSSeqToTagDBPlugin - Total Reads:250000000 Reads with barcode and cut site overhang:135373788 rate:5961 ns/read. Current tag count:8071385
[ForkJoinPool.commonPool-worker-100] INFO net.maizegenetics.analysis.gbs.v2.GBSSeqToTagDBPlugin - Total Reads:230000000 Reads with barcode and cut site overhang:128880520 rate:6498 ns/read. Current tag count:8085817
[pool-1-thread-1] INFO net.maizegenetics.analysis.gbs.v2.GBSSeqToTagDBPlugin - Total Reads:250000000 Reads with barcode and cut site overhang:132254141 rate:6025 ns/read. Current tag count:8120340
[ForkJoinPool.commonPool-worker-86] INFO net.maizegenetics.analysis.gbs.v2.GBSSeqToTagDBPlugin - Total Reads:220000000 Reads with barcode and cut site overhang:120178422 rate:6856 ns/read. Current tag count:8122846
[ForkJoinPool.commonPool-worker-43] INFO net.maizegenetics.analysis.gbs.v2.GBSSeqToTagDBPlugin - Total Reads:250000000 Reads with barcode and cut site overhang:105763429 rate:6192 ns/read. Current tag count:8154974
[ForkJoinPool.commonPool-worker-57] INFO net.maizegenetics.analysis.gbs.v2.GBSSeqToTagDBPlugin - Summary for /project/gifvl_vaccinium/cranberrygbs/cranberryHistoricalGBS/input/fastq_files/C50VDACXX_7_fastq.gz
Total number of reads in lane=295267589
Total number of good barcoded reads=71026010
Total number of low quality reads=89305526
Timing process (sorting, collapsing, and writing TagCount to file).
Process took 1556898.712187 milliseconds.
tagCntMap size: 8176046
[ForkJoinPool.commonPool-worker-100] INFO net.maizegenetics.analysis.gbs.v2.GBSSeqToTagDBPlugin - Total Reads:240000000 Reads with barcode and cut site overhang:134529446 rate:6541 ns/read. Current tag count:8211651
[ForkJoinPool.commonPool-worker-86] INFO net.maizegenetics.analysis.gbs.v2.GBSSeqToTagDBPlugin - Total Reads:230000000 Reads with barcode and cut site overhang:125027199 rate:6896 ns/read. Current tag count:8255719
[ForkJoinPool.commonPool-worker-43] INFO net.maizegenetics.analysis.gbs.v2.GBSSeqToTagDBPlugin - Total Reads:260000000 Reads with barcode and cut site overhang:111508866 rate:6147 ns/read. Current tag count:8298819
[ForkJoinPool.commonPool-worker-29] INFO net.maizegenetics.analysis.gbs.v2.GBSSeqToTagDBPlugin - Total Reads:270000000 Reads with barcode and cut site overhang:144988890 rate:5956 ns/read. Current tag count:8327230
[ForkJoinPool.commonPool-worker-100] INFO net.maizegenetics.analysis.gbs.v2.GBSSeqToTagDBPlugin - Total Reads:250000000 Reads with barcode and cut site overhang:139343024 rate:6458 ns/read. Current tag count:8340612
[ForkJoinPool.commonPool-worker-29] INFO net.maizegenetics.analysis.gbs.v2.GBSSeqToTagDBPlugin - Summary for /project/gifvl_vaccinium/cranberrygbs/cranberryHistoricalGBS/input/fastq_files/C574FACXX_2_fastq.gz
Total number of reads in lane=272626313
Total number of good barcoded reads=145663306
Total number of low quality reads=76528781
Timing process (sorting, collapsing, and writing TagCount to file).
Process took 1619598.029709 milliseconds.
tagCntMap size: 8353049
[ForkJoinPool.commonPool-worker-15] INFO net.maizegenetics.analysis.gbs.v2.GBSSeqToTagDBPlugin - Total Reads:260000000 Reads with barcode and cut site overhang:137825292 rate:6280 ns/read. Current tag count:8386869
[pool-1-thread-1] INFO net.maizegenetics.analysis.gbs.v2.GBSSeqToTagDBPlugin - Total Reads:270000000 Reads with barcode and cut site overhang:143531942 rate:6062 ns/read. Current tag count:8395657
[ForkJoinPool.commonPool-worker-86] INFO net.maizegenetics.analysis.gbs.v2.GBSSeqToTagDBPlugin - Total Reads:240000000 Reads with barcode and cut site overhang:131642613 rate:6834 ns/read. Current tag count:8406476
[ForkJoinPool.commonPool-worker-43] INFO net.maizegenetics.analysis.gbs.v2.GBSSeqToTagDBPlugin - Total Reads:270000000 Reads with barcode and cut site overhang:116157968 rate:6096 ns/read. Current tag count:8425873
[ForkJoinPool.commonPool-worker-15] INFO net.maizegenetics.analysis.gbs.v2.GBSSeqToTagDBPlugin - Total Reads:270000000 Reads with barcode and cut site overhang:144202608 rate:6186 ns/read. Current tag count:8503658
[pool-1-thread-1] INFO net.maizegenetics.analysis.gbs.v2.GBSSeqToTagDBPlugin - Total Reads:280000000 Reads with barcode and cut site overhang:149017162 rate:5976 ns/read. Current tag count:8513938
[ForkJoinPool.commonPool-worker-86] INFO net.maizegenetics.analysis.gbs.v2.GBSSeqToTagDBPlugin - Total Reads:250000000 Reads with barcode and cut site overhang:137785655 rate:6730 ns/read. Current tag count:8537628
[ForkJoinPool.commonPool-worker-43] INFO net.maizegenetics.analysis.gbs.v2.GBSSeqToTagDBPlugin - Total Reads:280000000 Reads with barcode and cut site overhang:119585285 rate:6017 ns/read. Current tag count:8545078
[ForkJoinPool.commonPool-worker-100] INFO net.maizegenetics.analysis.gbs.v2.GBSSeqToTagDBPlugin - Total Reads:270000000 Reads with barcode and cut site overhang:149609677 rate:6263 ns/read. Current tag count:8562461
[ForkJoinPool.commonPool-worker-43] INFO net.maizegenetics.analysis.gbs.v2.GBSSeqToTagDBPlugin - Summary for /project/gifvl_vaccinium/cranberrygbs/cranberryHistoricalGBS/input/fastq_files/C50VDACXX_5_fastq.gz
Total number of reads in lane=288333754
Total number of good barcoded reads=119911024
Total number of low quality reads=106992289
Timing process (sorting, collapsing, and writing TagCount to file).
Process took 1710476.845437 milliseconds.
tagCntMap size: 8611793
[pool-1-thread-1] INFO net.maizegenetics.analysis.gbs.v2.GBSSeqToTagDBPlugin - Total Reads:290000000 Reads with barcode and cut site overhang:154961769 rate:5915 ns/read. Current tag count:8620544
[ForkJoinPool.commonPool-worker-86] INFO net.maizegenetics.analysis.gbs.v2.GBSSeqToTagDBPlugin - Total Reads:260000000 Reads with barcode and cut site overhang:143134695 rate:6651 ns/read. Current tag count:8653203
[ForkJoinPool.commonPool-worker-100] INFO net.maizegenetics.analysis.gbs.v2.GBSSeqToTagDBPlugin - Total Reads:280000000 Reads with barcode and cut site overhang:154917602 rate:6183 ns/read. Current tag count:8657672
[ForkJoinPool.commonPool-worker-15] INFO net.maizegenetics.analysis.gbs.v2.GBSSeqToTagDBPlugin - Total Reads:290000000 Reads with barcode and cut site overhang:155701803 rate:6034 ns/read. Current tag count:8702494
[ForkJoinPool.commonPool-worker-15] INFO net.maizegenetics.analysis.gbs.v2.GBSSeqToTagDBPlugin - Summary for /project/gifvl_vaccinium/cranberrygbs/cranberryHistoricalGBS/input/fastq_files/C8BNLANXX_3_fastq.gz
Total number of reads in lane=292793875
Total number of good barcoded reads=157043887
Total number of low quality reads=110257041
Timing process (sorting, collapsing, and writing TagCount to file).
Process took 1761268.494298 milliseconds.
tagCntMap size: 8724308
[ForkJoinPool.commonPool-worker-86] INFO net.maizegenetics.analysis.gbs.v2.GBSSeqToTagDBPlugin - Summary for /project/gifvl_vaccinium/cranberrygbs/cranberryHistoricalGBS/input/fastq_files/C511KACXX_2_fastq.gz
Total number of reads in lane=269645508
Total number of good barcoded reads=146869684
Total number of low quality reads=91483010
Timing process (sorting, collapsing, and writing TagCount to file).
Process took 1768020.291636 milliseconds.
tagCntMap size: 8742560
[ForkJoinPool.commonPool-worker-100] INFO net.maizegenetics.analysis.gbs.v2.GBSSeqToTagDBPlugin - Summary for /project/gifvl_vaccinium/cranberrygbs/cranberryHistoricalGBS/input/fastq_files/C8BNLANXX_2_fastq.gz
Total number of reads in lane=297741593
Total number of good barcoded reads=161309592
Total number of low quality reads=108207600
Timing process (sorting, collapsing, and writing TagCount to file).
Process took 1791942.05755 milliseconds.
tagCntMap size: 8785798
[pool-1-thread-1] INFO net.maizegenetics.analysis.gbs.v2.GBSSeqToTagDBPlugin - Summary for /project/gifvl_vaccinium/cranberrygbs/cranberryHistoricalGBS/input/fastq_files/C8BNLANXX_4_fastq.gz
Total number of reads in lane=324305773
Total number of good barcoded reads=173215692
Total number of low quality reads=121629165
Timing process (sorting, collapsing, and writing TagCount to file).
Process took 1832826.130604 milliseconds.
tagCntMap size: 8821195

Kmers are added from batch 1. Total batch number: 2
Current number: 8821195. Max kmer number: 100000000
0.08821195 of max tag number
Map Tags:8,821,195  Memory:3,377,910,947  TotalDepth:1,035,638,908  AvgDepthPerTag:117

Starting removeTagsWithoutReplication. Current tag number: 8821195
Finished removeTagsWithoutReplication.  tagsRemoved = 8497962. Current tag number: 323233
Map Tags:323,233  Memory:2,485,064,823  TotalDepth:1,006,103,759  AvgDepthPerTag:3112

Kmer number is reduced to 323233

Total memory: 22.0 Gb
Free memory: 1.0 Gb
Max memory: 42.0 Gb



Start processing batch 2
[pool-1-thread-1] INFO net.maizegenetics.analysis.gbs.v2.GBSSeqToTagDBPlugin - processing file /project/gifvl_vaccinium/cranberrygbs/cranberryHistoricalGBS/input/fastq_files/C511KACXX_3_fastq.gz
[ForkJoinPool.commonPool-worker-72] INFO net.maizegenetics.analysis.gbs.v2.GBSSeqToTagDBPlugin - processing file /project/gifvl_vaccinium/cranberrygbs/cranberryHistoricalGBS/input/fastq_files/C574FACXX_1_fastq.gz
[ForkJoinPool.commonPool-worker-105] INFO net.maizegenetics.analysis.gbs.v2.GBSSeqToTagDBPlugin - processing file /project/gifvl_vaccinium/cranberrygbs/cranberryHistoricalGBS/input/fastq_files/C8BNLANXX_1_fastq.gz
[ForkJoinPool.commonPool-worker-116] INFO net.maizegenetics.analysis.gbs.v2.GBSSeqToTagDBPlugin - processing file /project/gifvl_vaccinium/cranberrygbs/cranberryHistoricalGBS/input/fastq_files/C50VDACXX_8_fastq.gz
[ForkJoinPool.commonPool-worker-20] INFO net.maizegenetics.analysis.gbs.v2.GBSSeqToTagDBPlugin - processing file /project/gifvl_vaccinium/cranberrygbs/cranberryHistoricalGBS/input/fastq_files/C574FACXX_3_fastq.gz
[ForkJoinPool.commonPool-worker-116] INFO net.maizegenetics.analysis.gbs.v2.GBSUtils - /project/gifvl_vaccinium/cranberrygbs/cranberryHistoricalGBS/input/fastq_files/C50VDACXX_8_fastq.gz: Quality score base:33
[ForkJoinPool.commonPool-worker-105] INFO net.maizegenetics.analysis.gbs.v2.GBSUtils - /project/gifvl_vaccinium/cranberrygbs/cranberryHistoricalGBS/input/fastq_files/C8BNLANXX_1_fastq.gz: Quality score base:33
[ForkJoinPool.commonPool-worker-20] INFO net.maizegenetics.analysis.gbs.v2.GBSUtils - /project/gifvl_vaccinium/cranberrygbs/cranberryHistoricalGBS/input/fastq_files/C574FACXX_3_fastq.gz: Quality score base:33
[pool-1-thread-1] INFO net.maizegenetics.analysis.gbs.v2.GBSUtils - /project/gifvl_vaccinium/cranberrygbs/cranberryHistoricalGBS/input/fastq_files/C511KACXX_3_fastq.gz: Quality score base:33
[ForkJoinPool.commonPool-worker-72] INFO net.maizegenetics.analysis.gbs.v2.GBSUtils - /project/gifvl_vaccinium/cranberrygbs/cranberryHistoricalGBS/input/fastq_files/C574FACXX_1_fastq.gz: Quality score base:33
[ForkJoinPool.commonPool-worker-105] INFO net.maizegenetics.analysis.gbs.v2.GBSSeqToTagDBPlugin - Total Reads:10000000 Reads with barcode and cut site overhang:5716417 rate:4577 ns/read. Current tag count:959590
[ForkJoinPool.commonPool-worker-72] INFO net.maizegenetics.analysis.gbs.v2.GBSSeqToTagDBPlugin - Total Reads:10000000 Reads with barcode and cut site overhang:6172596 rate:5020 ns/read. Current tag count:982183
[ForkJoinPool.commonPool-worker-20] INFO net.maizegenetics.analysis.gbs.v2.GBSSeqToTagDBPlugin - Total Reads:10000000 Reads with barcode and cut site overhang:6529521 rate:5128 ns/read. Current tag count:1001045
[pool-1-thread-1] INFO net.maizegenetics.analysis.gbs.v2.GBSSeqToTagDBPlugin - Total Reads:10000000 Reads with barcode and cut site overhang:6152872 rate:5274 ns/read. Current tag count:1017027
[ForkJoinPool.commonPool-worker-105] INFO net.maizegenetics.analysis.gbs.v2.GBSSeqToTagDBPlugin - Total Reads:20000000 Reads with barcode and cut site overhang:11401195 rate:4557 ns/read. Current tag count:1434629
[ForkJoinPool.commonPool-worker-72] INFO net.maizegenetics.analysis.gbs.v2.GBSSeqToTagDBPlugin - Total Reads:20000000 Reads with barcode and cut site overhang:12132897 rate:4732 ns/read. Current tag count:1480195
[ForkJoinPool.commonPool-worker-72] INFO net.maizegenetics.analysis.gbs.v2.GBSSeqToTagDBPlugin - Total Reads:30000000 Reads with barcode and cut site overhang:15029906 rate:4192 ns/read. Current tag count:1811040
[ForkJoinPool.commonPool-worker-20] INFO net.maizegenetics.analysis.gbs.v2.GBSSeqToTagDBPlugin - Total Reads:30000000 Reads with barcode and cut site overhang:18679821 rate:4757 ns/read. Current tag count:1910258
[ForkJoinPool.commonPool-worker-105] INFO net.maizegenetics.analysis.gbs.v2.GBSSeqToTagDBPlugin - Total Reads:40000000 Reads with barcode and cut site overhang:21573435 rate:4123 ns/read. Current tag count:2057341
[pool-1-thread-1] INFO net.maizegenetics.analysis.gbs.v2.GBSSeqToTagDBPlugin - Total Reads:40000000 Reads with barcode and cut site overhang:20664422 rate:4627 ns/read. Current tag count:2216916
[ForkJoinPool.commonPool-worker-72] INFO net.maizegenetics.analysis.gbs.v2.GBSSeqToTagDBPlugin - Total Reads:50000000 Reads with barcode and cut site overhang:19678463 rate:3768 ns/read. Current tag count:2241512
[ForkJoinPool.commonPool-worker-116] INFO net.maizegenetics.analysis.gbs.v2.GBSSeqToTagDBPlugin - Total Reads:60000000 Reads with barcode and cut site overhang:12470866 rate:3458 ns/read. Current tag count:2354457
[ForkJoinPool.commonPool-worker-20] INFO net.maizegenetics.analysis.gbs.v2.GBSSeqToTagDBPlugin - Total Reads:50000000 Reads with barcode and cut site overhang:25920259 rate:4293 ns/read. Current tag count:2418895
[pool-1-thread-1] INFO net.maizegenetics.analysis.gbs.v2.GBSSeqToTagDBPlugin - Total Reads:50000000 Reads with barcode and cut site overhang:24503571 rate:4472 ns/read. Current tag count:2498817
[ForkJoinPool.commonPool-worker-20] INFO net.maizegenetics.analysis.gbs.v2.GBSSeqToTagDBPlugin - Total Reads:60000000 Reads with barcode and cut site overhang:32395184 rate:4400 ns/read. Current tag count:2722564
[ForkJoinPool.commonPool-worker-105] INFO net.maizegenetics.analysis.gbs.v2.GBSSeqToTagDBPlugin - Total Reads:70000000 Reads with barcode and cut site overhang:36622272 rate:4092 ns/read. Current tag count:2857499
[ForkJoinPool.commonPool-worker-20] INFO net.maizegenetics.analysis.gbs.v2.GBSSeqToTagDBPlugin - Total Reads:70000000 Reads with barcode and cut site overhang:38754045 rate:4425 ns/read. Current tag count:2949444
[ForkJoinPool.commonPool-worker-116] INFO net.maizegenetics.analysis.gbs.v2.GBSSeqToTagDBPlugin - Total Reads:100000000 Reads with barcode and cut site overhang:15672984 rate:3170 ns/read. Current tag count:2988113
[ForkJoinPool.commonPool-worker-105] INFO net.maizegenetics.analysis.gbs.v2.GBSSeqToTagDBPlugin - Total Reads:80000000 Reads with barcode and cut site overhang:41994984 rate:4114 ns/read. Current tag count:3066394
[ForkJoinPool.commonPool-worker-72] INFO net.maizegenetics.analysis.gbs.v2.GBSSeqToTagDBPlugin - Total Reads:90000000 Reads with barcode and cut site overhang:33550808 rate:3733 ns/read. Current tag count:3108042
[ForkJoinPool.commonPool-worker-20] INFO net.maizegenetics.analysis.gbs.v2.GBSSeqToTagDBPlugin - Total Reads:80000000 Reads with barcode and cut site overhang:44440595 rate:4365 ns/read. Current tag count:3183192
[ForkJoinPool.commonPool-worker-105] INFO net.maizegenetics.analysis.gbs.v2.GBSSeqToTagDBPlugin - Total Reads:90000000 Reads with barcode and cut site overhang:47335396 rate:4098 ns/read. Current tag count:3292999
[ForkJoinPool.commonPool-worker-72] INFO net.maizegenetics.analysis.gbs.v2.GBSSeqToTagDBPlugin - Total Reads:100000000 Reads with barcode and cut site overhang:40196797 rate:3816 ns/read. Current tag count:3347379
[ForkJoinPool.commonPool-worker-20] INFO net.maizegenetics.analysis.gbs.v2.GBSSeqToTagDBPlugin - Total Reads:100000000 Reads with barcode and cut site overhang:50572485 rate:4144 ns/read. Current tag count:3510006
[ForkJoinPool.commonPool-worker-72] INFO net.maizegenetics.analysis.gbs.v2.GBSSeqToTagDBPlugin - Total Reads:110000000 Reads with barcode and cut site overhang:46780734 rate:3905 ns/read. Current tag count:3567164
[ForkJoinPool.commonPool-worker-105] INFO net.maizegenetics.analysis.gbs.v2.GBSSeqToTagDBPlugin - Total Reads:110000000 Reads with barcode and cut site overhang:57019394 rate:4094 ns/read. Current tag count:3661061
[ForkJoinPool.commonPool-worker-72] INFO net.maizegenetics.analysis.gbs.v2.GBSSeqToTagDBPlugin - Total Reads:120000000 Reads with barcode and cut site overhang:50332929 rate:3887 ns/read. Current tag count:3733319
[ForkJoinPool.commonPool-worker-116] INFO net.maizegenetics.analysis.gbs.v2.GBSSeqToTagDBPlugin - Total Reads:150000000 Reads with barcode and cut site overhang:23397635 rate:3138 ns/read. Current tag count:3751631
[ForkJoinPool.commonPool-worker-105] INFO net.maizegenetics.analysis.gbs.v2.GBSSeqToTagDBPlugin - Total Reads:120000000 Reads with barcode and cut site overhang:61509156 rate:4101 ns/read. Current tag count:3847329
[ForkJoinPool.commonPool-worker-72] INFO net.maizegenetics.analysis.gbs.v2.GBSSeqToTagDBPlugin - Total Reads:130000000 Reads with barcode and cut site overhang:51590480 rate:3819 ns/read. Current tag count:3867593
[pool-1-thread-1] INFO net.maizegenetics.analysis.gbs.v2.GBSSeqToTagDBPlugin - Total Reads:110000000 Reads with barcode and cut site overhang:56746419 rate:4597 ns/read. Current tag count:3910365
[ForkJoinPool.commonPool-worker-20] INFO net.maizegenetics.analysis.gbs.v2.GBSSeqToTagDBPlugin - Total Reads:120000000 Reads with barcode and cut site overhang:63694176 rate:4224 ns/read. Current tag count:3914282
[ForkJoinPool.commonPool-worker-72] INFO net.maizegenetics.analysis.gbs.v2.GBSSeqToTagDBPlugin - Total Reads:140000000 Reads with barcode and cut site overhang:54802539 rate:3776 ns/read. Current tag count:4011041
[ForkJoinPool.commonPool-worker-72] INFO net.maizegenetics.analysis.gbs.v2.GBSSeqToTagDBPlugin - Total Reads:150000000 Reads with barcode and cut site overhang:61077241 rate:3895 ns/read. Current tag count:4195963
[pool-1-thread-1] INFO net.maizegenetics.analysis.gbs.v2.GBSSeqToTagDBPlugin - Total Reads:130000000 Reads with barcode and cut site overhang:66720915 rate:4681 ns/read. Current tag count:4280154
[ForkJoinPool.commonPool-worker-105] INFO net.maizegenetics.analysis.gbs.v2.GBSSeqToTagDBPlugin - Total Reads:150000000 Reads with barcode and cut site overhang:75570520 rate:4138 ns/read. Current tag count:4322728
[ForkJoinPool.commonPool-worker-105] INFO net.maizegenetics.analysis.gbs.v2.GBSSeqToTagDBPlugin - Total Reads:160000000 Reads with barcode and cut site overhang:80689820 rate:4131 ns/read. Current tag count:4520550
[ForkJoinPool.commonPool-worker-72] INFO net.maizegenetics.analysis.gbs.v2.GBSSeqToTagDBPlugin - Total Reads:170000000 Reads with barcode and cut site overhang:68903568 rate:3910 ns/read. Current tag count:4532456
[ForkJoinPool.commonPool-worker-20] INFO net.maizegenetics.analysis.gbs.v2.GBSSeqToTagDBPlugin - Total Reads:160000000 Reads with barcode and cut site overhang:82996723 rate:4226 ns/read. Current tag count:4596424
[pool-1-thread-1] INFO net.maizegenetics.analysis.gbs.v2.GBSSeqToTagDBPlugin - Total Reads:150000000 Reads with barcode and cut site overhang:75567256 rate:4631 ns/read. Current tag count:4672338
[ForkJoinPool.commonPool-worker-105] INFO net.maizegenetics.analysis.gbs.v2.GBSSeqToTagDBPlugin - Total Reads:170000000 Reads with barcode and cut site overhang:86942463 rate:4134 ns/read. Current tag count:4726503
[ForkJoinPool.commonPool-worker-72] INFO net.maizegenetics.analysis.gbs.v2.GBSSeqToTagDBPlugin - Total Reads:190000000 Reads with barcode and cut site overhang:74912471 rate:3871 ns/read. Current tag count:4880777
[pool-1-thread-1] INFO net.maizegenetics.analysis.gbs.v2.GBSSeqToTagDBPlugin - Total Reads:170000000 Reads with barcode and cut site overhang:86269581 rate:4640 ns/read. Current tag count:5085524
[ForkJoinPool.commonPool-worker-116] INFO net.maizegenetics.analysis.gbs.v2.GBSSeqToTagDBPlugin - Total Reads:250000000 Reads with barcode and cut site overhang:42955742 rate:3209 ns/read. Current tag count:5137451
[ForkJoinPool.commonPool-worker-105] INFO net.maizegenetics.analysis.gbs.v2.GBSSeqToTagDBPlugin - Total Reads:200000000 Reads with barcode and cut site overhang:105259150 rate:4163 ns/read. Current tag count:5248516
[ForkJoinPool.commonPool-worker-20] INFO net.maizegenetics.analysis.gbs.v2.GBSSeqToTagDBPlugin - Total Reads:200000000 Reads with barcode and cut site overhang:101650500 rate:4208 ns/read. Current tag count:5274383
[ForkJoinPool.commonPool-worker-105] INFO net.maizegenetics.analysis.gbs.v2.GBSSeqToTagDBPlugin - Total Reads:210000000 Reads with barcode and cut site overhang:111446216 rate:4167 ns/read. Current tag count:5402975
[ForkJoinPool.commonPool-worker-20] INFO net.maizegenetics.analysis.gbs.v2.GBSSeqToTagDBPlugin - Total Reads:210000000 Reads with barcode and cut site overhang:108180088 rate:4215 ns/read. Current tag count:5435352
[ForkJoinPool.commonPool-worker-105] INFO net.maizegenetics.analysis.gbs.v2.GBSSeqToTagDBPlugin - Total Reads:220000000 Reads with barcode and cut site overhang:117803485 rate:4370 ns/read. Current tag count:5548986
[ForkJoinPool.commonPool-worker-20] INFO net.maizegenetics.analysis.gbs.v2.GBSSeqToTagDBPlugin - Total Reads:220000000 Reads with barcode and cut site overhang:114251152 rate:4427 ns/read. Current tag count:5585832
[ForkJoinPool.commonPool-worker-116] INFO net.maizegenetics.analysis.gbs.v2.GBSSeqToTagDBPlugin - Summary for /project/gifvl_vaccinium/cranberrygbs/cranberryHistoricalGBS/input/fastq_files/C50VDACXX_8_fastq.gz
Total number of reads in lane=294163263
Total number of good barcoded reads=49978039
Total number of low quality reads=84172963
Timing process (sorting, collapsing, and writing TagCount to file).
Process took 977898.869654 milliseconds.
tagCntMap size: 5600908
[ForkJoinPool.commonPool-worker-72] INFO net.maizegenetics.analysis.gbs.v2.GBSSeqToTagDBPlugin - Total Reads:240000000 Reads with barcode and cut site overhang:97199853 rate:4087 ns/read. Current tag count:5610952
[ForkJoinPool.commonPool-worker-105] INFO net.maizegenetics.analysis.gbs.v2.GBSSeqToTagDBPlugin - Total Reads:230000000 Reads with barcode and cut site overhang:123654084 rate:4352 ns/read. Current tag count:5672300
[pool-1-thread-1] INFO net.maizegenetics.analysis.gbs.v2.GBSSeqToTagDBPlugin - Total Reads:210000000 Reads with barcode and cut site overhang:106058684 rate:4819 ns/read. Current tag count:5701217
[ForkJoinPool.commonPool-worker-72] INFO net.maizegenetics.analysis.gbs.v2.GBSSeqToTagDBPlugin - Total Reads:250000000 Reads with barcode and cut site overhang:102954241 rate:4084 ns/read. Current tag count:5722672
[ForkJoinPool.commonPool-worker-20] INFO net.maizegenetics.analysis.gbs.v2.GBSSeqToTagDBPlugin - Total Reads:240000000 Reads with barcode and cut site overhang:120498337 rate:4343 ns/read. Current tag count:5782153
[ForkJoinPool.commonPool-worker-105] INFO net.maizegenetics.analysis.gbs.v2.GBSSeqToTagDBPlugin - Total Reads:240000000 Reads with barcode and cut site overhang:129683739 rate:4351 ns/read. Current tag count:5788389
[pool-1-thread-1] INFO net.maizegenetics.analysis.gbs.v2.GBSSeqToTagDBPlugin - Total Reads:220000000 Reads with barcode and cut site overhang:111279203 rate:4801 ns/read. Current tag count:5827061
[ForkJoinPool.commonPool-worker-105] INFO net.maizegenetics.analysis.gbs.v2.GBSSeqToTagDBPlugin - Total Reads:250000000 Reads with barcode and cut site overhang:135602063 rate:4334 ns/read. Current tag count:5892452
[ForkJoinPool.commonPool-worker-20] INFO net.maizegenetics.analysis.gbs.v2.GBSSeqToTagDBPlugin - Total Reads:250000000 Reads with barcode and cut site overhang:127199748 rate:4335 ns/read. Current tag count:5893408
[ForkJoinPool.commonPool-worker-72] INFO net.maizegenetics.analysis.gbs.v2.GBSSeqToTagDBPlugin - Summary for /project/gifvl_vaccinium/cranberrygbs/cranberryHistoricalGBS/input/fastq_files/C574FACXX_1_fastq.gz
Total number of reads in lane=272756726
Total number of good barcoded reads=106876449
Total number of low quality reads=67629338
Timing process (sorting, collapsing, and writing TagCount to file).
Process took 1090637.735664 milliseconds.
tagCntMap size: 5911426
[ForkJoinPool.commonPool-worker-20] INFO net.maizegenetics.analysis.gbs.v2.GBSSeqToTagDBPlugin - Total Reads:260000000 Reads with barcode and cut site overhang:133682717 rate:4329 ns/read. Current tag count:6011522
[pool-1-thread-1] INFO net.maizegenetics.analysis.gbs.v2.GBSSeqToTagDBPlugin - Total Reads:240000000 Reads with barcode and cut site overhang:119689425 rate:4737 ns/read. Current tag count:6051151
[ForkJoinPool.commonPool-worker-105] INFO net.maizegenetics.analysis.gbs.v2.GBSSeqToTagDBPlugin - Total Reads:270000000 Reads with barcode and cut site overhang:146793530 rate:4294 ns/read. Current tag count:6104128
[ForkJoinPool.commonPool-worker-20] INFO net.maizegenetics.analysis.gbs.v2.GBSSeqToTagDBPlugin - Total Reads:270000000 Reads with barcode and cut site overhang:138517896 rate:4305 ns/read. Current tag count:6111211
[ForkJoinPool.commonPool-worker-20] INFO net.maizegenetics.analysis.gbs.v2.GBSSeqToTagDBPlugin - Summary for /project/gifvl_vaccinium/cranberrygbs/cranberryHistoricalGBS/input/fastq_files/C574FACXX_3_fastq.gz
Total number of reads in lane=282161894
Total number of good barcoded reads=139416478
Total number of low quality reads=74981316
Timing process (sorting, collapsing, and writing TagCount to file).
Process took 1187738.824333 milliseconds.
tagCntMap size: 6165338
[pool-1-thread-1] INFO net.maizegenetics.analysis.gbs.v2.GBSSeqToTagDBPlugin - Total Reads:260000000 Reads with barcode and cut site overhang:131337792 rate:4674 ns/read. Current tag count:6220615
[ForkJoinPool.commonPool-worker-105] INFO net.maizegenetics.analysis.gbs.v2.GBSSeqToTagDBPlugin - Summary for /project/gifvl_vaccinium/cranberrygbs/cranberryHistoricalGBS/input/fastq_files/C8BNLANXX_1_fastq.gz
Total number of reads in lane=293564717
Total number of good barcoded reads=159722238
Total number of low quality reads=108892904
Timing process (sorting, collapsing, and writing TagCount to file).
Process took 1237114.844821 milliseconds.
tagCntMap size: 6261454
[pool-1-thread-1] INFO net.maizegenetics.analysis.gbs.v2.GBSSeqToTagDBPlugin - Summary for /project/gifvl_vaccinium/cranberrygbs/cranberryHistoricalGBS/input/fastq_files/C511KACXX_3_fastq.gz
Total number of reads in lane=278757339
Total number of good barcoded reads=136349315
Total number of low quality reads=102086340
Timing process (sorting, collapsing, and writing TagCount to file).
Process took 1271839.16456 milliseconds.
tagCntMap size: 6288870

Kmers are added from batch 2. Total batch number: 2
Current number: 6288870. Max kmer number: 100000000
0.0628887 of max tag number
Map Tags:6,288,870  Memory:4,524,136,922  TotalDepth:1,598,446,278  AvgDepthPerTag:254

Starting removeTagsWithoutReplication. Current tag number: 6288870
Finished removeTagsWithoutReplication.  tagsRemoved = 5917432. Current tag number: 371438
Map Tags:371,438  Memory:3,913,809,842  TotalDepth:1,582,501,925  AvgDepthPerTag:4260

Kmer number is reduced to 371438

Total memory: 23.0 Gb
Free memory: 7.0 Gb
Max memory: 42.0 Gb



All the batch are processed
By removing kmers with minCount of 10Kmer number is reduced to 354811

size of all taxa in taxa table=1023
tagInsertPS.executeBatch() 100001
tagInsertPS.executeBatch() 100001
tagInsertPS.executeBatch() 100001
size of all tags in tag table=354811
putTaxaDistribution next100001
putTaxaDistribution next100001
putTaxaDistribution next100001
Closing SQLDB
[pool-1-thread-1] INFO net.maizegenetics.plugindef.AbstractPlugin - Finished net.maizegenetics.analysis.gbs.v2.GBSSeqToTagDBPlugin: time: Dec 15, 2021 19:33:6
[pool-1-thread-1] INFO net.maizegenetics.pipeline.TasselPipeline - net.maizegenetics.analysis.gbs.v2.GBSSeqToTagDBPlugin: time: Dec 15, 2021 19:33:6: progress: 100%
[pool-1-thread-1] INFO net.maizegenetics.plugindef.AbstractPlugin - net.maizegenetics.analysis.gbs.v2.GBSSeqToTagDBPlugin  Citation: Bradbury PJ, Zhang Z, Kroon DE, Casstevens TM, Ramdoss Y, Buckler ES. (2007) TASSEL: Software for association mapping of complex traits in diverse samples. Bioinformatics 23:2633-2635.
perl: warning: Setting locale failed.
perl: warning: Please check that your locale settings:
	LANGUAGE = (unset),
	LC_ALL = (unset),
	LANG = "C.UTF-8"
    are supported and installed on your system.
perl: warning: Falling back to the standard locale ("C").
/software/7/apps/tassel5/5.2.75/lib/commons-codec-1.10.jar:/software/7/apps/tassel5/5.2.75/lib/javax.json-1.0.4.jar:/software/7/apps/tassel5/5.2.75/lib/ini4j-0.5.4.jar:/software/7/apps/tassel5/5.2.75/lib/json-simple-1.1.1.jar:/software/7/apps/tassel5/5.2.75/lib/ahocorasick-0.2.4.jar:/software/7/apps/tassel5/5.2.75/lib/kotlin-stdlib-jdk7-1.4.32.jar:/software/7/apps/tassel5/5.2.75/lib/slf4j-api-1.7.10.jar:/software/7/apps/tassel5/5.2.75/lib/guava-22.0.jar:/software/7/apps/tassel5/5.2.75/lib/jhdf5-14.12.5.jar:/software/7/apps/tassel5/5.2.75/lib/sqlite-jdbc-3.8.5-pre1.jar:/software/7/apps/tassel5/5.2.75/lib/jfreesvg-3.2.jar:/software/7/apps/tassel5/5.2.75/lib/jcommon-1.0.23.jar:/software/7/apps/tassel5/5.2.75/lib/htsjdk-2.23.0.jar:/software/7/apps/tassel5/5.2.75/lib/colt-1.2.0.jar:/software/7/apps/tassel5/5.2.75/lib/phg.jar:/software/7/apps/tassel5/5.2.75/lib/forester-1.038.jar:/software/7/apps/tassel5/5.2.75/lib/kotlin-stdlib-jdk8-1.4.32.jar:/software/7/apps/tassel5/5.2.75/lib/postgresql-9.4-1201.jdbc41.jar:/software/7/apps/tassel5/5.2.75/lib/snappy-java-1.1.1.6.jar:/software/7/apps/tassel5/5.2.75/lib/mail-1.4.jar:/software/7/apps/tassel5/5.2.75/lib/gs-ui-1.3.jar:/software/7/apps/tassel5/5.2.75/lib/ejml-ddense-0.41.jar:/software/7/apps/tassel5/5.2.75/lib/kotlinx-coroutines-core-jvm-1.4.3.jar:/software/7/apps/tassel5/5.2.75/lib/gs-core-1.3.jar:/software/7/apps/tassel5/5.2.75/lib/ejml-core-0.41.jar:/software/7/apps/tassel5/5.2.75/lib/trove-3.0.3.jar:/software/7/apps/tassel5/5.2.75/lib/fastutil-8.2.2.jar:/software/7/apps/tassel5/5.2.75/lib/biojava-alignment-4.0.0.jar:/software/7/apps/tassel5/5.2.75/lib/biojava-core-4.0.0.jar:/software/7/apps/tassel5/5.2.75/lib/commons-math3-3.4.1.jar:/software/7/apps/tassel5/5.2.75/lib/kotlin-stdlib-1.4.32.jar:/software/7/apps/tassel5/5.2.75/lib/itextpdf-5.1.0.jar:/software/7/apps/tassel5/5.2.75/lib/log4j-1.2.13.jar:/software/7/apps/tassel5/5.2.75/lib/scala-library-2.10.1.jar:/software/7/apps/tassel5/5.2.75/lib/slf4j-simple-1.7.10.jar:/software/7/apps/tassel5/5.2.75/lib/biojava-phylo-4.0.0.jar:/software/7/apps/tassel5/5.2.75/lib/jfreechart-1.0.19.jar:/software/7/apps/tassel5/5.2.75/lib/junit-4.10.jar:/software/7/apps/tassel5/5.2.75/sTASSEL.jar
Memory Settings: -Xms1G -Xmx48G
Tassel Pipeline Arguments: -fork1 -TagExportToFastqPlugin -c 1 -db /project/gifvl_vaccinium/cranberrygbs/cranberryHistoricalGBS//database/cranberry_gbs_discovery.db -o /project/gifvl_vaccinium/cranberrygbs/cranberryHistoricalGBS//tags/gbs_tags_for_alignment.fa.gz -endPlugin -runfork1
[main] INFO net.maizegenetics.tassel.TasselLogging - Tassel Version: 5.2.75  Date: October 4, 2021
[main] INFO net.maizegenetics.tassel.TasselLogging - Max Available Memory Reported by JVM: 43691 MB
[main] INFO net.maizegenetics.tassel.TasselLogging - Java Version: 1.8.0_121
[main] INFO net.maizegenetics.tassel.TasselLogging - OS: Linux
[main] INFO net.maizegenetics.tassel.TasselLogging - Number of Processors: 72
[main] INFO net.maizegenetics.pipeline.TasselPipeline - Tassel Pipeline Arguments: [-fork1, -TagExportToFastqPlugin, -c, 1, -db, /project/gifvl_vaccinium/cranberrygbs/cranberryHistoricalGBS//database/cranberry_gbs_discovery.db, -o, /project/gifvl_vaccinium/cranberrygbs/cranberryHistoricalGBS//tags/gbs_tags_for_alignment.fa.gz, -endPlugin, -runfork1]
net.maizegenetics.analysis.gbs.v2.TagExportToFastqPlugin
[pool-1-thread-1] INFO net.maizegenetics.plugindef.AbstractPlugin - Starting net.maizegenetics.analysis.gbs.v2.TagExportToFastqPlugin: time: Dec 15, 2021 19:33:8
[pool-1-thread-1] INFO net.maizegenetics.plugindef.AbstractPlugin - 
TagExportToFastqPlugin Parameters
db: /project/gifvl_vaccinium/cranberrygbs/cranberryHistoricalGBS//database/cranberry_gbs_discovery.db
o: /project/gifvl_vaccinium/cranberrygbs/cranberryHistoricalGBS//tags/gbs_tags_for_alignment.fa.gz
c: 1

size of all tags in tag table=354811
size of all tissues in tissue table=0
size of all tags in mappingApproach table=1
size of all taxa in taxa table=1023
Closing SQLDB
[pool-1-thread-1] INFO net.maizegenetics.analysis.gbs.v2.TagExportToFastqPlugin - Finished converting binary tag count file to fastq.
Total number of tags written: 354811 (above minCount of 1)
Ouput fastq file: /project/gifvl_vaccinium/cranberrygbs/cranberryHistoricalGBS//tags/gbs_tags_for_alignment.fa.gz


[pool-1-thread-1] INFO net.maizegenetics.plugindef.AbstractPlugin - Finished net.maizegenetics.analysis.gbs.v2.TagExportToFastqPlugin: time: Dec 15, 2021 19:33:15
[pool-1-thread-1] INFO net.maizegenetics.pipeline.TasselPipeline - net.maizegenetics.analysis.gbs.v2.TagExportToFastqPlugin: time: Dec 15, 2021 19:33:15: progress: 100%
[pool-1-thread-1] INFO net.maizegenetics.plugindef.AbstractPlugin - net.maizegenetics.analysis.gbs.v2.TagExportToFastqPlugin  Citation: Bradbury PJ, Zhang Z, Kroon DE, Casstevens TM, Ramdoss Y, Buckler ES. (2007) TASSEL: Software for association mapping of complex traits in diverse samples. Bioinformatics 23:2633-2635.
perl: warning: Setting locale failed.
perl: warning: Please check that your locale settings:
	LANGUAGE = (unset),
	LC_ALL = (unset),
	LANG = "C.UTF-8"
    are supported and installed on your system.
perl: warning: Falling back to the standard locale ("C").
(ERR): "/KEEP/cranberrygbs/genome_assemblies/Vm_BenLear_v2_bowtie_index/Vaccinium_macrocarpon_BenLear_v2" does not exist or is not a Bowtie 2 index
Exiting now ...
