perl: warning: Setting locale failed.
perl: warning: Please check that your locale settings:
	LANGUAGE = (unset),
	LC_ALL = (unset),
	LANG = "C.UTF-8"
    are supported and installed on your system.
perl: warning: Falling back to the standard locale ("C").
/software/7/apps/tassel5/5.2.37/lib/commons-codec-1.10.jar:/software/7/apps/tassel5/5.2.37/lib/javax.json-1.0.4.jar:/software/7/apps/tassel5/5.2.37/lib/xml.jar:/software/7/apps/tassel5/5.2.37/lib/batik-awt-util.jar:/software/7/apps/tassel5/5.2.37/lib/json-simple-1.1.1.jar:/software/7/apps/tassel5/5.2.37/lib/colt.jar:/software/7/apps/tassel5/5.2.37/lib/ahocorasick-0.2.4.jar:/software/7/apps/tassel5/5.2.37/lib/batik-ext.jar:/software/7/apps/tassel5/5.2.37/lib/slf4j-api-1.7.10.jar:/software/7/apps/tassel5/5.2.37/lib/geronimo-spec-activation-1.0.2-rc4.jar:/software/7/apps/tassel5/5.2.37/lib/batik-svg-dom.jar:/software/7/apps/tassel5/5.2.37/lib/sqlite-jdbc-3.8.5-pre1.jar:/software/7/apps/tassel5/5.2.37/lib/jcommon-1.0.23.jar:/software/7/apps/tassel5/5.2.37/lib/batik-dom.jar:/software/7/apps/tassel5/5.2.37/lib/ejml-0.23.jar:/software/7/apps/tassel5/5.2.37/lib/cisd-jhdf5-batteries_included_lin_win_mac.jar:/software/7/apps/tassel5/5.2.37/lib/forester.jar:/software/7/apps/tassel5/5.2.37/lib/batik-gvt.jar:/software/7/apps/tassel5/5.2.37/lib/batik-gui-util.jar:/software/7/apps/tassel5/5.2.37/lib/batik-svggen.jar:/software/7/apps/tassel5/5.2.37/lib/htsjdk-1.138.jar:/software/7/apps/tassel5/5.2.37/lib/postgresql-9.4-1201.jdbc41.jar:/software/7/apps/tassel5/5.2.37/lib/snappy-java-1.1.1.6.jar:/software/7/apps/tassel5/5.2.37/lib/mail-1.4.jar:/software/7/apps/tassel5/5.2.37/lib/guava-19.0.jar:/software/7/apps/tassel5/5.2.37/lib/xercesImpl.jar:/software/7/apps/tassel5/5.2.37/lib/xmlParserAPIs.jar:/software/7/apps/tassel5/5.2.37/lib/batik-parser.jar:/software/7/apps/tassel5/5.2.37/lib/trove-3.0.3.jar:/software/7/apps/tassel5/5.2.37/lib/batik-xml.jar:/software/7/apps/tassel5/5.2.37/lib/batik-css.jar:/software/7/apps/tassel5/5.2.37/lib/biojava-alignment-4.0.0.jar:/software/7/apps/tassel5/5.2.37/lib/biojava-core-4.0.0.jar:/software/7/apps/tassel5/5.2.37/lib/commons-math3-3.4.1.jar:/software/7/apps/tassel5/5.2.37/lib/poi-3.0.1-FINAL-20070705.jar:/software/7/apps/tassel5/5.2.37/lib/itextpdf-5.1.0.jar:/software/7/apps/tassel5/5.2.37/lib/batik-util.jar:/software/7/apps/tassel5/5.2.37/lib/log4j-1.2.13.jar:/software/7/apps/tassel5/5.2.37/lib/slf4j-simple-1.7.10.jar:/software/7/apps/tassel5/5.2.37/lib/biojava-phylo-4.0.0.jar:/software/7/apps/tassel5/5.2.37/lib/jfreechart-1.0.19.jar:/software/7/apps/tassel5/5.2.37/lib/junit-4.10.jar:/software/7/apps/tassel5/5.2.37/sTASSEL.jar
Memory Settings: -Xms1G -Xmx48G
Tassel Pipeline Arguments: -fork1 -GBSSeqToTagDBPlugin -c 10 -db /project/cranberrygbs/cranberryHistoricalGBS//database/cranberry_gbs_discovery.db -i /project/cranberrygbs/cranberryHistoricalGBS//input -k /project/cranberrygbs/cranberryHistoricalGBS//input/cranberry_gbs_unique_keys.txt -e EcoT22I -kmerLength 64 -minKmerL 20 -mnQS 20 -mxKmerNum 100000000 -endPlugin -runfork1
[main] INFO net.maizegenetics.tassel.TasselLogging - Tassel Version: 5.2.37  Date: April 6, 2017
[main] INFO net.maizegenetics.tassel.TasselLogging - Max Available Memory Reported by JVM: 43691 MB
[main] INFO net.maizegenetics.tassel.TasselLogging - Java Version: 1.8.0_121
[main] INFO net.maizegenetics.tassel.TasselLogging - OS: Linux
[main] INFO net.maizegenetics.tassel.TasselLogging - Number of Processors: 72
[main] INFO net.maizegenetics.pipeline.TasselPipeline - Tassel Pipeline Arguments: [-fork1, -GBSSeqToTagDBPlugin, -c, 10, -db, /project/cranberrygbs/cranberryHistoricalGBS//database/cranberry_gbs_discovery.db, -i, /project/cranberrygbs/cranberryHistoricalGBS//input, -k, /project/cranberrygbs/cranberryHistoricalGBS//input/cranberry_gbs_unique_keys.txt, -e, EcoT22I, -kmerLength, 64, -minKmerL, 20, -mnQS, 20, -mxKmerNum, 100000000, -endPlugin, -runfork1]
net.maizegenetics.analysis.gbs.v2.GBSSeqToTagDBPlugin
[pool-1-thread-1] INFO net.maizegenetics.plugindef.AbstractPlugin - Starting net.maizegenetics.analysis.gbs.v2.GBSSeqToTagDBPlugin: time: Mar 18, 2021 21:10:22
Enzyme: EcoT22I
[pool-1-thread-1] INFO net.maizegenetics.plugindef.AbstractPlugin - 
GBSSeqToTagDBPlugin Parameters
i: /project/cranberrygbs/cranberryHistoricalGBS//input
k: /project/cranberrygbs/cranberryHistoricalGBS//input/cranberry_gbs_unique_keys.txt
e: EcoT22I
kmerLength: 64
minKmerL: 20
c: 10
db: /project/cranberrygbs/cranberryHistoricalGBS//database/cranberry_gbs_discovery.db
mnQS: 20
mxKmerNum: 100000000
batchSize: 8
deleteOldData: true

Found 13 files to process
size of all tags in tag table=0
size of all tissues in tissue table=0
size of all tags in mappingApproach table=0
size of all taxa in taxa table=0

Start processing batch 1
Enzyme: EcoT22I
[ForkJoinPool.commonPool-worker-43] INFO net.maizegenetics.analysis.gbs.v2.GBSSeqToTagDBPlugin - processing file /project/cranberrygbs/cranberryHistoricalGBS/input/fastq_files/C574FACXX_2_fastq.gz
Enzyme: EcoT22I
[ForkJoinPool.commonPool-worker-114] INFO net.maizegenetics.analysis.gbs.v2.GBSSeqToTagDBPlugin - processing file /project/cranberrygbs/cranberryHistoricalGBS/input/fastq_files/C50VDACXX_5_fastq.gz
Enzyme: EcoT22I
[ForkJoinPool.commonPool-worker-100] INFO net.maizegenetics.analysis.gbs.v2.GBSSeqToTagDBPlugin - processing file /project/cranberrygbs/cranberryHistoricalGBS/input/fastq_files/C511KACXX_2_fastq.gz
Enzyme: EcoT22I
[ForkJoinPool.commonPool-worker-57] INFO net.maizegenetics.analysis.gbs.v2.GBSSeqToTagDBPlugin - processing file /project/cranberrygbs/cranberryHistoricalGBS/input/fastq_files/C50VDACXX_7_fastq.gz
Enzyme: EcoT22I
[ForkJoinPool.commonPool-worker-29] INFO net.maizegenetics.analysis.gbs.v2.GBSSeqToTagDBPlugin - processing file /project/cranberrygbs/cranberryHistoricalGBS/input/fastq_files/C50VDACXX_6_fastq.gz
[ForkJoinPool.commonPool-worker-100] INFO net.maizegenetics.analysis.gbs.v2.GBSUtils - /project/cranberrygbs/cranberryHistoricalGBS/input/fastq_files/C511KACXX_2_fastq.gz: Quality score base:33
[ForkJoinPool.commonPool-worker-43] INFO net.maizegenetics.analysis.gbs.v2.GBSUtils - /project/cranberrygbs/cranberryHistoricalGBS/input/fastq_files/C574FACXX_2_fastq.gz: Quality score base:33
Enzyme: EcoT22I
[pool-1-thread-1] INFO net.maizegenetics.analysis.gbs.v2.GBSSeqToTagDBPlugin - processing file /project/cranberrygbs/cranberryHistoricalGBS/input/fastq_files/C8BNLANXX_4_fastq.gz
Enzyme: EcoT22I
Enzyme: EcoT22I
[ForkJoinPool.commonPool-worker-114] INFO net.maizegenetics.analysis.gbs.v2.GBSUtils - /project/cranberrygbs/cranberryHistoricalGBS/input/fastq_files/C50VDACXX_5_fastq.gz: Quality score base:33
[ForkJoinPool.commonPool-worker-86] INFO net.maizegenetics.analysis.gbs.v2.GBSSeqToTagDBPlugin - processing file /project/cranberrygbs/cranberryHistoricalGBS/input/fastq_files/C8BNLANXX_3_fastq.gz
[ForkJoinPool.commonPool-worker-15] INFO net.maizegenetics.analysis.gbs.v2.GBSSeqToTagDBPlugin - processing file /project/cranberrygbs/cranberryHistoricalGBS/input/fastq_files/C8BNLANXX_2_fastq.gz
[pool-1-thread-1] INFO net.maizegenetics.analysis.gbs.v2.GBSUtils - /project/cranberrygbs/cranberryHistoricalGBS/input/fastq_files/C8BNLANXX_4_fastq.gz: Quality score base:33
[ForkJoinPool.commonPool-worker-29] INFO net.maizegenetics.analysis.gbs.v2.GBSUtils - /project/cranberrygbs/cranberryHistoricalGBS/input/fastq_files/C50VDACXX_6_fastq.gz: Quality score base:33
[ForkJoinPool.commonPool-worker-57] INFO net.maizegenetics.analysis.gbs.v2.GBSUtils - /project/cranberrygbs/cranberryHistoricalGBS/input/fastq_files/C50VDACXX_7_fastq.gz: Quality score base:33
[ForkJoinPool.commonPool-worker-15] INFO net.maizegenetics.analysis.gbs.v2.GBSUtils - /project/cranberrygbs/cranberryHistoricalGBS/input/fastq_files/C8BNLANXX_2_fastq.gz: Quality score base:33
[ForkJoinPool.commonPool-worker-86] INFO net.maizegenetics.analysis.gbs.v2.GBSUtils - /project/cranberrygbs/cranberryHistoricalGBS/input/fastq_files/C8BNLANXX_3_fastq.gz: Quality score base:33
[pool-1-thread-1] INFO net.maizegenetics.analysis.gbs.v2.GBSSeqToTagDBPlugin - Total Reads:10000000 Reads with barcode and cut site overhang:5013169 rate:5426 ns/read. Current tag count:1211299
[ForkJoinPool.commonPool-worker-43] INFO net.maizegenetics.analysis.gbs.v2.GBSSeqToTagDBPlugin - Total Reads:10000000 Reads with barcode and cut site overhang:6638523 rate:5706 ns/read. Current tag count:1277252
[ForkJoinPool.commonPool-worker-29] INFO net.maizegenetics.analysis.gbs.v2.GBSSeqToTagDBPlugin - Total Reads:10000000 Reads with barcode and cut site overhang:4459739 rate:5732 ns/read. Current tag count:1285599
[ForkJoinPool.commonPool-worker-15] INFO net.maizegenetics.analysis.gbs.v2.GBSSeqToTagDBPlugin - Total Reads:20000000 Reads with barcode and cut site overhang:11473552 rate:4750 ns/read. Current tag count:1879477
[ForkJoinPool.commonPool-worker-57] INFO net.maizegenetics.analysis.gbs.v2.GBSSeqToTagDBPlugin - Total Reads:20000000 Reads with barcode and cut site overhang:8729171 rate:5018 ns/read. Current tag count:1966061
[ForkJoinPool.commonPool-worker-100] INFO net.maizegenetics.analysis.gbs.v2.GBSSeqToTagDBPlugin - Total Reads:20000000 Reads with barcode and cut site overhang:12212109 rate:5304 ns/read. Current tag count:2040169
[ForkJoinPool.commonPool-worker-43] INFO net.maizegenetics.analysis.gbs.v2.GBSSeqToTagDBPlugin - Total Reads:30000000 Reads with barcode and cut site overhang:18956477 rate:4867 ns/read. Current tag count:2618268
[ForkJoinPool.commonPool-worker-100] INFO net.maizegenetics.analysis.gbs.v2.GBSSeqToTagDBPlugin - Total Reads:30000000 Reads with barcode and cut site overhang:17577583 rate:5381 ns/read. Current tag count:2763841
[pool-1-thread-1] INFO net.maizegenetics.analysis.gbs.v2.GBSSeqToTagDBPlugin - Total Reads:40000000 Reads with barcode and cut site overhang:19100969 rate:4312 ns/read. Current tag count:2870009
[ForkJoinPool.commonPool-worker-86] INFO net.maizegenetics.analysis.gbs.v2.GBSSeqToTagDBPlugin - Total Reads:50000000 Reads with barcode and cut site overhang:24068602 rate:4281 ns/read. Current tag count:3294534
[pool-1-thread-1] INFO net.maizegenetics.analysis.gbs.v2.GBSSeqToTagDBPlugin - Total Reads:50000000 Reads with barcode and cut site overhang:24612831 rate:4340 ns/read. Current tag count:3323000
[ForkJoinPool.commonPool-worker-114] INFO net.maizegenetics.analysis.gbs.v2.GBSSeqToTagDBPlugin - Total Reads:50000000 Reads with barcode and cut site overhang:22418394 rate:4787 ns/read. Current tag count:3521583
[ForkJoinPool.commonPool-worker-57] INFO net.maizegenetics.analysis.gbs.v2.GBSSeqToTagDBPlugin - Total Reads:60000000 Reads with barcode and cut site overhang:17375186 rate:4080 ns/read. Current tag count:3573146
[pool-1-thread-1] INFO net.maizegenetics.analysis.gbs.v2.GBSSeqToTagDBPlugin - Total Reads:60000000 Reads with barcode and cut site overhang:30114156 rate:4257 ns/read. Current tag count:3679400
[ForkJoinPool.commonPool-worker-100] INFO net.maizegenetics.analysis.gbs.v2.GBSSeqToTagDBPlugin - Total Reads:50000000 Reads with barcode and cut site overhang:26597653 rate:5561 ns/read. Current tag count:3769055
[ForkJoinPool.commonPool-worker-114] INFO net.maizegenetics.analysis.gbs.v2.GBSSeqToTagDBPlugin - Total Reads:60000000 Reads with barcode and cut site overhang:28092451 rate:4950 ns/read. Current tag count:3998646
[ForkJoinPool.commonPool-worker-15] INFO net.maizegenetics.analysis.gbs.v2.GBSSeqToTagDBPlugin - Total Reads:70000000 Reads with barcode and cut site overhang:35799358 rate:4564 ns/read. Current tag count:4236253
[ForkJoinPool.commonPool-worker-100] INFO net.maizegenetics.analysis.gbs.v2.GBSSeqToTagDBPlugin - Total Reads:60000000 Reads with barcode and cut site overhang:32889600 rate:5509 ns/read. Current tag count:4318076
[ForkJoinPool.commonPool-worker-114] INFO net.maizegenetics.analysis.gbs.v2.GBSSeqToTagDBPlugin - Total Reads:70000000 Reads with barcode and cut site overhang:33108876 rate:5103 ns/read. Current tag count:4441051
[ForkJoinPool.commonPool-worker-43] INFO net.maizegenetics.analysis.gbs.v2.GBSSeqToTagDBPlugin - Total Reads:70000000 Reads with barcode and cut site overhang:41012520 rate:5168 ns/read. Current tag count:4506559
[pool-1-thread-1] INFO net.maizegenetics.analysis.gbs.v2.GBSSeqToTagDBPlugin - Total Reads:80000000 Reads with barcode and cut site overhang:41306311 rate:4616 ns/read. Current tag count:4552075
[ForkJoinPool.commonPool-worker-114] INFO net.maizegenetics.analysis.gbs.v2.GBSSeqToTagDBPlugin - Total Reads:80000000 Reads with barcode and cut site overhang:37323192 rate:5082 ns/read. Current tag count:4809455
[pool-1-thread-1] INFO net.maizegenetics.analysis.gbs.v2.GBSSeqToTagDBPlugin - Total Reads:90000000 Reads with barcode and cut site overhang:46257658 rate:4529 ns/read. Current tag count:4818883
[ForkJoinPool.commonPool-worker-29] INFO net.maizegenetics.analysis.gbs.v2.GBSSeqToTagDBPlugin - Total Reads:110000000 Reads with barcode and cut site overhang:24030262 rate:3726 ns/read. Current tag count:4832360
[ForkJoinPool.commonPool-worker-57] INFO net.maizegenetics.analysis.gbs.v2.GBSSeqToTagDBPlugin - Total Reads:100000000 Reads with barcode and cut site overhang:26000072 rate:4122 ns/read. Current tag count:4846607
[ForkJoinPool.commonPool-worker-15] INFO net.maizegenetics.analysis.gbs.v2.GBSSeqToTagDBPlugin - Total Reads:90000000 Reads with barcode and cut site overhang:46883737 rate:4641 ns/read. Current tag count:4878669
[ForkJoinPool.commonPool-worker-43] INFO net.maizegenetics.analysis.gbs.v2.GBSSeqToTagDBPlugin - Total Reads:90000000 Reads with barcode and cut site overhang:49043259 rate:4952 ns/read. Current tag count:5051082
[ForkJoinPool.commonPool-worker-100] INFO net.maizegenetics.analysis.gbs.v2.GBSSeqToTagDBPlugin - Total Reads:80000000 Reads with barcode and cut site overhang:44152996 rate:5787 ns/read. Current tag count:5085300
[pool-1-thread-1] INFO net.maizegenetics.analysis.gbs.v2.GBSSeqToTagDBPlugin - Total Reads:100000000 Reads with barcode and cut site overhang:51440053 rate:4662 ns/read. Current tag count:5103031
[ForkJoinPool.commonPool-worker-15] INFO net.maizegenetics.analysis.gbs.v2.GBSSeqToTagDBPlugin - Total Reads:100000000 Reads with barcode and cut site overhang:52396959 rate:4719 ns/read. Current tag count:5128082
[ForkJoinPool.commonPool-worker-86] INFO net.maizegenetics.analysis.gbs.v2.GBSSeqToTagDBPlugin - Total Reads:110000000 Reads with barcode and cut site overhang:52137574 rate:4389 ns/read. Current tag count:5190426
[ForkJoinPool.commonPool-worker-43] INFO net.maizegenetics.analysis.gbs.v2.GBSSeqToTagDBPlugin - Total Reads:100000000 Reads with barcode and cut site overhang:55797347 rate:5023 ns/read. Current tag count:5309857
[pool-1-thread-1] INFO net.maizegenetics.analysis.gbs.v2.GBSSeqToTagDBPlugin - Total Reads:110000000 Reads with barcode and cut site overhang:56952186 rate:4667 ns/read. Current tag count:5374848
[ForkJoinPool.commonPool-worker-15] INFO net.maizegenetics.analysis.gbs.v2.GBSSeqToTagDBPlugin - Total Reads:110000000 Reads with barcode and cut site overhang:58412038 rate:4738 ns/read. Current tag count:5428632
[ForkJoinPool.commonPool-worker-86] INFO net.maizegenetics.analysis.gbs.v2.GBSSeqToTagDBPlugin - Total Reads:120000000 Reads with barcode and cut site overhang:57907686 rate:4356 ns/read. Current tag count:5440715
[ForkJoinPool.commonPool-worker-29] INFO net.maizegenetics.analysis.gbs.v2.GBSSeqToTagDBPlugin - Total Reads:150000000 Reads with barcode and cut site overhang:29538780 rate:3551 ns/read. Current tag count:5501797
[pool-1-thread-1] INFO net.maizegenetics.analysis.gbs.v2.GBSSeqToTagDBPlugin - Total Reads:120000000 Reads with barcode and cut site overhang:62324830 rate:4587 ns/read. Current tag count:5593445
[ForkJoinPool.commonPool-worker-43] INFO net.maizegenetics.analysis.gbs.v2.GBSSeqToTagDBPlugin - Total Reads:110000000 Reads with barcode and cut site overhang:62790503 rate:5031 ns/read. Current tag count:5611056
[ForkJoinPool.commonPool-worker-86] INFO net.maizegenetics.analysis.gbs.v2.GBSSeqToTagDBPlugin - Total Reads:130000000 Reads with barcode and cut site overhang:63444736 rate:4451 ns/read. Current tag count:5673982
[ForkJoinPool.commonPool-worker-15] INFO net.maizegenetics.analysis.gbs.v2.GBSSeqToTagDBPlugin - Total Reads:120000000 Reads with barcode and cut site overhang:64715375 rate:4854 ns/read. Current tag count:5694300
[ForkJoinPool.commonPool-worker-114] INFO net.maizegenetics.analysis.gbs.v2.GBSSeqToTagDBPlugin - Total Reads:120000000 Reads with barcode and cut site overhang:52728423 rate:5077 ns/read. Current tag count:5849276
[ForkJoinPool.commonPool-worker-57] INFO net.maizegenetics.analysis.gbs.v2.GBSSeqToTagDBPlugin - Total Reads:150000000 Reads with barcode and cut site overhang:35909473 rate:4094 ns/read. Current tag count:5874710
[ForkJoinPool.commonPool-worker-100] INFO net.maizegenetics.analysis.gbs.v2.GBSSeqToTagDBPlugin - Total Reads:110000000 Reads with barcode and cut site overhang:61302350 rate:5585 ns/read. Current tag count:5876308
[ForkJoinPool.commonPool-worker-15] INFO net.maizegenetics.analysis.gbs.v2.GBSSeqToTagDBPlugin - Total Reads:130000000 Reads with barcode and cut site overhang:70955288 rate:4813 ns/read. Current tag count:5931363
[ForkJoinPool.commonPool-worker-86] INFO net.maizegenetics.analysis.gbs.v2.GBSSeqToTagDBPlugin - Total Reads:140000000 Reads with barcode and cut site overhang:68403102 rate:4491 ns/read. Current tag count:5949092
[ForkJoinPool.commonPool-worker-29] INFO net.maizegenetics.analysis.gbs.v2.GBSSeqToTagDBPlugin - Total Reads:170000000 Reads with barcode and cut site overhang:38425958 rate:3709 ns/read. Current tag count:5957789
[ForkJoinPool.commonPool-worker-57] INFO net.maizegenetics.analysis.gbs.v2.GBSSeqToTagDBPlugin - Total Reads:160000000 Reads with barcode and cut site overhang:40784107 rate:4138 ns/read. Current tag count:6109523
[ForkJoinPool.commonPool-worker-15] INFO net.maizegenetics.analysis.gbs.v2.GBSSeqToTagDBPlugin - Total Reads:140000000 Reads with barcode and cut site overhang:77309864 rate:4773 ns/read. Current tag count:6140543
[ForkJoinPool.commonPool-worker-100] INFO net.maizegenetics.analysis.gbs.v2.GBSSeqToTagDBPlugin - Total Reads:120000000 Reads with barcode and cut site overhang:67052947 rate:5591 ns/read. Current tag count:6155345
[ForkJoinPool.commonPool-worker-86] INFO net.maizegenetics.analysis.gbs.v2.GBSSeqToTagDBPlugin - Total Reads:150000000 Reads with barcode and cut site overhang:73394699 rate:4509 ns/read. Current tag count:6181704
[ForkJoinPool.commonPool-worker-114] INFO net.maizegenetics.analysis.gbs.v2.GBSSeqToTagDBPlugin - Total Reads:140000000 Reads with barcode and cut site overhang:58959994 rate:5115 ns/read. Current tag count:6299690
[ForkJoinPool.commonPool-worker-43] INFO net.maizegenetics.analysis.gbs.v2.GBSSeqToTagDBPlugin - Total Reads:140000000 Reads with barcode and cut site overhang:77163422 rate:5135 ns/read. Current tag count:6310809
[ForkJoinPool.commonPool-worker-15] INFO net.maizegenetics.analysis.gbs.v2.GBSSeqToTagDBPlugin - Total Reads:150000000 Reads with barcode and cut site overhang:83222676 rate:4822 ns/read. Current tag count:6333940
[ForkJoinPool.commonPool-worker-29] INFO net.maizegenetics.analysis.gbs.v2.GBSSeqToTagDBPlugin - Total Reads:200000000 Reads with barcode and cut site overhang:41618265 rate:3658 ns/read. Current tag count:6376095
[pool-1-thread-1] INFO net.maizegenetics.analysis.gbs.v2.GBSSeqToTagDBPlugin - Total Reads:160000000 Reads with barcode and cut site overhang:82019447 rate:4644 ns/read. Current tag count:6437008
[ForkJoinPool.commonPool-worker-43] INFO net.maizegenetics.analysis.gbs.v2.GBSSeqToTagDBPlugin - Total Reads:150000000 Reads with barcode and cut site overhang:83913285 rate:5099 ns/read. Current tag count:6546198
[ForkJoinPool.commonPool-worker-29] INFO net.maizegenetics.analysis.gbs.v2.GBSSeqToTagDBPlugin - Total Reads:210000000 Reads with barcode and cut site overhang:46048006 rate:3663 ns/read. Current tag count:6571869
[ForkJoinPool.commonPool-worker-86] INFO net.maizegenetics.analysis.gbs.v2.GBSSeqToTagDBPlugin - Total Reads:170000000 Reads with barcode and cut site overhang:82903670 rate:4550 ns/read. Current tag count:6588478
[ForkJoinPool.commonPool-worker-43] INFO net.maizegenetics.analysis.gbs.v2.GBSSeqToTagDBPlugin - Total Reads:160000000 Reads with barcode and cut site overhang:90530424 rate:5087 ns/read. Current tag count:6776612
[ForkJoinPool.commonPool-worker-86] INFO net.maizegenetics.analysis.gbs.v2.GBSSeqToTagDBPlugin - Total Reads:180000000 Reads with barcode and cut site overhang:89081855 rate:4523 ns/read. Current tag count:6779005
[ForkJoinPool.commonPool-worker-100] INFO net.maizegenetics.analysis.gbs.v2.GBSSeqToTagDBPlugin - Total Reads:150000000 Reads with barcode and cut site overhang:82982503 rate:5587 ns/read. Current tag count:6831201
[ForkJoinPool.commonPool-worker-57] INFO net.maizegenetics.analysis.gbs.v2.GBSSeqToTagDBPlugin - Total Reads:200000000 Reads with barcode and cut site overhang:48614944 rate:4206 ns/read. Current tag count:6846774
[pool-1-thread-1] INFO net.maizegenetics.analysis.gbs.v2.GBSSeqToTagDBPlugin - Total Reads:180000000 Reads with barcode and cut site overhang:93159129 rate:4732 ns/read. Current tag count:6900205
[ForkJoinPool.commonPool-worker-114] INFO net.maizegenetics.analysis.gbs.v2.GBSSeqToTagDBPlugin - Total Reads:170000000 Reads with barcode and cut site overhang:74690381 rate:5092 ns/read. Current tag count:6955839
[ForkJoinPool.commonPool-worker-15] INFO net.maizegenetics.analysis.gbs.v2.GBSSeqToTagDBPlugin - Total Reads:180000000 Reads with barcode and cut site overhang:101273969 rate:4868 ns/read. Current tag count:7002616
[ForkJoinPool.commonPool-worker-100] INFO net.maizegenetics.analysis.gbs.v2.GBSSeqToTagDBPlugin - Total Reads:160000000 Reads with barcode and cut site overhang:88781371 rate:5548 ns/read. Current tag count:7048839
[ForkJoinPool.commonPool-worker-29] INFO net.maizegenetics.analysis.gbs.v2.GBSSeqToTagDBPlugin - Total Reads:250000000 Reads with barcode and cut site overhang:51687120 rate:3613 ns/read. Current tag count:7116144
[pool-1-thread-1] INFO net.maizegenetics.analysis.gbs.v2.GBSSeqToTagDBPlugin - Total Reads:200000000 Reads with barcode and cut site overhang:103669061 rate:4697 ns/read. Current tag count:7294210
[ForkJoinPool.commonPool-worker-86] INFO net.maizegenetics.analysis.gbs.v2.GBSSeqToTagDBPlugin - Total Reads:210000000 Reads with barcode and cut site overhang:106655933 rate:4591 ns/read. Current tag count:7396350
[ForkJoinPool.commonPool-worker-100] INFO net.maizegenetics.analysis.gbs.v2.GBSSeqToTagDBPlugin - Total Reads:180000000 Reads with barcode and cut site overhang:96670860 rate:5437 ns/read. Current tag count:7453803
[pool-1-thread-1] INFO net.maizegenetics.analysis.gbs.v2.GBSSeqToTagDBPlugin - Total Reads:210000000 Reads with barcode and cut site overhang:109492947 rate:4740 ns/read. Current tag count:7474191
[ForkJoinPool.commonPool-worker-15] INFO net.maizegenetics.analysis.gbs.v2.GBSSeqToTagDBPlugin - Total Reads:210000000 Reads with barcode and cut site overhang:117473289 rate:4840 ns/read. Current tag count:7559613
[pool-1-thread-1] INFO net.maizegenetics.analysis.gbs.v2.GBSSeqToTagDBPlugin - Total Reads:220000000 Reads with barcode and cut site overhang:115246440 rate:4717 ns/read. Current tag count:7644628
[ForkJoinPool.commonPool-worker-57] INFO net.maizegenetics.analysis.gbs.v2.GBSSeqToTagDBPlugin - Total Reads:250000000 Reads with barcode and cut site overhang:61598785 rate:4168 ns/read. Current tag count:7660912
[ForkJoinPool.commonPool-worker-86] INFO net.maizegenetics.analysis.gbs.v2.GBSSeqToTagDBPlugin - Total Reads:230000000 Reads with barcode and cut site overhang:119508544 rate:4645 ns/read. Current tag count:7761313
[ForkJoinPool.commonPool-worker-114] INFO net.maizegenetics.analysis.gbs.v2.GBSSeqToTagDBPlugin - Total Reads:210000000 Reads with barcode and cut site overhang:91073723 rate:5102 ns/read. Current tag count:7771443
[pool-1-thread-1] INFO net.maizegenetics.analysis.gbs.v2.GBSSeqToTagDBPlugin - Total Reads:230000000 Reads with barcode and cut site overhang:121007790 rate:4694 ns/read. Current tag count:7802450
[ForkJoinPool.commonPool-worker-29] INFO net.maizegenetics.analysis.gbs.v2.GBSSeqToTagDBPlugin - Summary for /project/cranberrygbs/cranberryHistoricalGBS/input/fastq_files/C50VDACXX_6_fastq.gz
Total number of reads in lane=298516524
Total number of good barcoded reads=60599716
Total number of low quality reads=86906693
Timing process (sorting, collapsing, and writing TagCount to file).
Process took 1082370.238257 milliseconds.
tagCntMap size: 7810076
[ForkJoinPool.commonPool-worker-100] INFO net.maizegenetics.analysis.gbs.v2.GBSSeqToTagDBPlugin - Total Reads:200000000 Reads with barcode and cut site overhang:109580242 rate:5464 ns/read. Current tag count:7852005
[ForkJoinPool.commonPool-worker-15] INFO net.maizegenetics.analysis.gbs.v2.GBSSeqToTagDBPlugin - Total Reads:230000000 Reads with barcode and cut site overhang:128880520 rate:4818 ns/read. Current tag count:7905739
[ForkJoinPool.commonPool-worker-100] INFO net.maizegenetics.analysis.gbs.v2.GBSSeqToTagDBPlugin - Total Reads:210000000 Reads with barcode and cut site overhang:115486846 rate:5539 ns/read. Current tag count:8006167
[ForkJoinPool.commonPool-worker-43] INFO net.maizegenetics.analysis.gbs.v2.GBSSeqToTagDBPlugin - Total Reads:230000000 Reads with barcode and cut site overhang:121812292 rate:5109 ns/read. Current tag count:8050619
[ForkJoinPool.commonPool-worker-15] INFO net.maizegenetics.analysis.gbs.v2.GBSSeqToTagDBPlugin - Total Reads:240000000 Reads with barcode and cut site overhang:134529446 rate:4898 ns/read. Current tag count:8052942
[ForkJoinPool.commonPool-worker-114] INFO net.maizegenetics.analysis.gbs.v2.GBSSeqToTagDBPlugin - Total Reads:230000000 Reads with barcode and cut site overhang:99301298 rate:5177 ns/read. Current tag count:8104906
[pool-1-thread-1] INFO net.maizegenetics.analysis.gbs.v2.GBSSeqToTagDBPlugin - Total Reads:250000000 Reads with barcode and cut site overhang:132254141 rate:4781 ns/read. Current tag count:8124312
[ForkJoinPool.commonPool-worker-100] INFO net.maizegenetics.analysis.gbs.v2.GBSSeqToTagDBPlugin - Total Reads:220000000 Reads with barcode and cut site overhang:120178422 rate:5459 ns/read. Current tag count:8144899
[ForkJoinPool.commonPool-worker-86] INFO net.maizegenetics.analysis.gbs.v2.GBSSeqToTagDBPlugin - Total Reads:260000000 Reads with barcode and cut site overhang:137825292 rate:4687 ns/read. Current tag count:8206305
[ForkJoinPool.commonPool-worker-15] INFO net.maizegenetics.analysis.gbs.v2.GBSSeqToTagDBPlugin - Total Reads:250000000 Reads with barcode and cut site overhang:139343024 rate:4882 ns/read. Current tag count:8213275
[ForkJoinPool.commonPool-worker-57] INFO net.maizegenetics.analysis.gbs.v2.GBSSeqToTagDBPlugin - Summary for /project/cranberrygbs/cranberryHistoricalGBS/input/fastq_files/C50VDACXX_7_fastq.gz
Total number of reads in lane=295267589
Total number of good barcoded reads=71026010
Total number of low quality reads=89305526
Timing process (sorting, collapsing, and writing TagCount to file).
Process took 1236157.176332 milliseconds.
tagCntMap size: 8268482
[ForkJoinPool.commonPool-worker-100] INFO net.maizegenetics.analysis.gbs.v2.GBSSeqToTagDBPlugin - Total Reads:230000000 Reads with barcode and cut site overhang:125027199 rate:5415 ns/read. Current tag count:8300848
[ForkJoinPool.commonPool-worker-86] INFO net.maizegenetics.analysis.gbs.v2.GBSSeqToTagDBPlugin - Total Reads:270000000 Reads with barcode and cut site overhang:144202608 rate:4665 ns/read. Current tag count:8344218
[ForkJoinPool.commonPool-worker-114] INFO net.maizegenetics.analysis.gbs.v2.GBSSeqToTagDBPlugin - Total Reads:250000000 Reads with barcode and cut site overhang:105763429 rate:5043 ns/read. Current tag count:8349257
[ForkJoinPool.commonPool-worker-43] INFO net.maizegenetics.analysis.gbs.v2.GBSSeqToTagDBPlugin - Total Reads:250000000 Reads with barcode and cut site overhang:135373788 rate:5088 ns/read. Current tag count:8387256
[pool-1-thread-1] INFO net.maizegenetics.analysis.gbs.v2.GBSSeqToTagDBPlugin - Total Reads:270000000 Reads with barcode and cut site overhang:143531942 rate:4722 ns/read. Current tag count:8397329
[ForkJoinPool.commonPool-worker-15] INFO net.maizegenetics.analysis.gbs.v2.GBSSeqToTagDBPlugin - Total Reads:270000000 Reads with barcode and cut site overhang:149609677 rate:4777 ns/read. Current tag count:8451903
[ForkJoinPool.commonPool-worker-100] INFO net.maizegenetics.analysis.gbs.v2.GBSSeqToTagDBPlugin - Total Reads:240000000 Reads with barcode and cut site overhang:131642613 rate:5385 ns/read. Current tag count:8461274
[ForkJoinPool.commonPool-worker-114] INFO net.maizegenetics.analysis.gbs.v2.GBSSeqToTagDBPlugin - Total Reads:260000000 Reads with barcode and cut site overhang:111508866 rate:5032 ns/read. Current tag count:8511035
[pool-1-thread-1] INFO net.maizegenetics.analysis.gbs.v2.GBSSeqToTagDBPlugin - Total Reads:280000000 Reads with barcode and cut site overhang:149017162 rate:4695 ns/read. Current tag count:8531817
[ForkJoinPool.commonPool-worker-15] INFO net.maizegenetics.analysis.gbs.v2.GBSSeqToTagDBPlugin - Total Reads:280000000 Reads with barcode and cut site overhang:154917602 rate:4732 ns/read. Current tag count:8563575
[ForkJoinPool.commonPool-worker-100] INFO net.maizegenetics.analysis.gbs.v2.GBSSeqToTagDBPlugin - Total Reads:250000000 Reads with barcode and cut site overhang:137785655 rate:5352 ns/read. Current tag count:8600871
[ForkJoinPool.commonPool-worker-43] INFO net.maizegenetics.analysis.gbs.v2.GBSSeqToTagDBPlugin - Total Reads:270000000 Reads with barcode and cut site overhang:144988890 rate:5059 ns/read. Current tag count:8618312
[ForkJoinPool.commonPool-worker-86] INFO net.maizegenetics.analysis.gbs.v2.GBSSeqToTagDBPlugin - Total Reads:290000000 Reads with barcode and cut site overhang:155701803 rate:4714 ns/read. Current tag count:8621651
[ForkJoinPool.commonPool-worker-114] INFO net.maizegenetics.analysis.gbs.v2.GBSSeqToTagDBPlugin - Total Reads:270000000 Reads with barcode and cut site overhang:116157968 rate:5080 ns/read. Current tag count:8635570
[ForkJoinPool.commonPool-worker-43] INFO net.maizegenetics.analysis.gbs.v2.GBSSeqToTagDBPlugin - Summary for /project/cranberrygbs/cranberryHistoricalGBS/input/fastq_files/C574FACXX_2_fastq.gz
Total number of reads in lane=272626313
Total number of good barcoded reads=145663306
Total number of low quality reads=76528781
Timing process (sorting, collapsing, and writing TagCount to file).
Process took 1374407.227137 milliseconds.
tagCntMap size: 8641891
[ForkJoinPool.commonPool-worker-86] INFO net.maizegenetics.analysis.gbs.v2.GBSSeqToTagDBPlugin - Summary for /project/cranberrygbs/cranberryHistoricalGBS/input/fastq_files/C8BNLANXX_3_fastq.gz
Total number of reads in lane=292793875
Total number of good barcoded reads=157043887
Total number of low quality reads=110257041
Timing process (sorting, collapsing, and writing TagCount to file).
Process took 1377191.210321 milliseconds.
tagCntMap size: 8650204
[pool-1-thread-1] INFO net.maizegenetics.analysis.gbs.v2.GBSSeqToTagDBPlugin - Total Reads:290000000 Reads with barcode and cut site overhang:154961769 rate:4753 ns/read. Current tag count:8653615
[ForkJoinPool.commonPool-worker-100] INFO net.maizegenetics.analysis.gbs.v2.GBSSeqToTagDBPlugin - Total Reads:260000000 Reads with barcode and cut site overhang:143134695 rate:5379 ns/read. Current tag count:8727219
[ForkJoinPool.commonPool-worker-114] INFO net.maizegenetics.analysis.gbs.v2.GBSSeqToTagDBPlugin - Total Reads:280000000 Reads with barcode and cut site overhang:119585285 rate:5018 ns/read. Current tag count:8743681
[ForkJoinPool.commonPool-worker-15] INFO net.maizegenetics.analysis.gbs.v2.GBSSeqToTagDBPlugin - Summary for /project/cranberrygbs/cranberryHistoricalGBS/input/fastq_files/C8BNLANXX_2_fastq.gz
Total number of reads in lane=297741593
Total number of good barcoded reads=161309592
Total number of low quality reads=108207600
Timing process (sorting, collapsing, and writing TagCount to file).
Process took 1408328.115612 milliseconds.
tagCntMap size: 8750468
[ForkJoinPool.commonPool-worker-114] INFO net.maizegenetics.analysis.gbs.v2.GBSSeqToTagDBPlugin - Summary for /project/cranberrygbs/cranberryHistoricalGBS/input/fastq_files/C50VDACXX_5_fastq.gz
Total number of reads in lane=288333754
Total number of good barcoded reads=119911024
Total number of low quality reads=106992289
Timing process (sorting, collapsing, and writing TagCount to file).
Process took 1424763.151604 milliseconds.
tagCntMap size: 8769783
[ForkJoinPool.commonPool-worker-100] INFO net.maizegenetics.analysis.gbs.v2.GBSSeqToTagDBPlugin - Summary for /project/cranberrygbs/cranberryHistoricalGBS/input/fastq_files/C511KACXX_2_fastq.gz
Total number of reads in lane=269645508
Total number of good barcoded reads=146869684
Total number of low quality reads=91483010
Timing process (sorting, collapsing, and writing TagCount to file).
Process took 1429876.071082 milliseconds.
tagCntMap size: 8775284
[pool-1-thread-1] INFO net.maizegenetics.analysis.gbs.v2.GBSSeqToTagDBPlugin - Summary for /project/cranberrygbs/cranberryHistoricalGBS/input/fastq_files/C8BNLANXX_4_fastq.gz
Total number of reads in lane=324305773
Total number of good barcoded reads=173215692
Total number of low quality reads=121629165
Timing process (sorting, collapsing, and writing TagCount to file).
Process took 1481723.115728 milliseconds.
tagCntMap size: 8821195

Kmers are added from batch 1. Total batch number: 2
Current number: 8821195. Max kmer number: 100000000
0.08821195 of max tag number
Map Tags:8,821,195  Memory:3,377,910,947  TotalDepth:1,035,638,909  AvgDepthPerTag:117

Starting removeTagsWithoutReplication. Current tag number: 8821195
Finished removeTagsWithoutReplication.  tagsRemoved = 8497962. Current tag number: 323233
Map Tags:323,233  Memory:2,485,064,823  TotalDepth:1,006,103,760  AvgDepthPerTag:3112

Kmer number is reduced to 323233

Total memory: 23.0 Gb
Free memory: 3.0 Gb
Max memory: 42.0 Gb



Start processing batch 2
Enzyme: EcoT22I
[pool-1-thread-1] INFO net.maizegenetics.analysis.gbs.v2.GBSSeqToTagDBPlugin - processing file /project/cranberrygbs/cranberryHistoricalGBS/input/fastq_files/C511KACXX_3_fastq.gz
Enzyme: EcoT22I
[ForkJoinPool.commonPool-worker-43] INFO net.maizegenetics.analysis.gbs.v2.GBSSeqToTagDBPlugin - processing file /project/cranberrygbs/cranberryHistoricalGBS/input/fastq_files/C8BNLANXX_1_fastq.gz
Enzyme: EcoT22I
[ForkJoinPool.commonPool-worker-44] INFO net.maizegenetics.analysis.gbs.v2.GBSSeqToTagDBPlugin - processing file /project/cranberrygbs/cranberryHistoricalGBS/input/fastq_files/C574FACXX_3_fastq.gz
Enzyme: EcoT22I
[ForkJoinPool.commonPool-worker-19] INFO net.maizegenetics.analysis.gbs.v2.GBSSeqToTagDBPlugin - processing file /project/cranberrygbs/cranberryHistoricalGBS/input/fastq_files/C574FACXX_1_fastq.gz
Enzyme: EcoT22I
[ForkJoinPool.commonPool-worker-101] INFO net.maizegenetics.analysis.gbs.v2.GBSSeqToTagDBPlugin - processing file /project/cranberrygbs/cranberryHistoricalGBS/input/fastq_files/C50VDACXX_8_fastq.gz
[ForkJoinPool.commonPool-worker-101] INFO net.maizegenetics.analysis.gbs.v2.GBSUtils - /project/cranberrygbs/cranberryHistoricalGBS/input/fastq_files/C50VDACXX_8_fastq.gz: Quality score base:33
[pool-1-thread-1] INFO net.maizegenetics.analysis.gbs.v2.GBSUtils - /project/cranberrygbs/cranberryHistoricalGBS/input/fastq_files/C511KACXX_3_fastq.gz: Quality score base:33
[ForkJoinPool.commonPool-worker-44] INFO net.maizegenetics.analysis.gbs.v2.GBSUtils - /project/cranberrygbs/cranberryHistoricalGBS/input/fastq_files/C574FACXX_3_fastq.gz: Quality score base:33
[ForkJoinPool.commonPool-worker-19] INFO net.maizegenetics.analysis.gbs.v2.GBSUtils - /project/cranberrygbs/cranberryHistoricalGBS/input/fastq_files/C574FACXX_1_fastq.gz: Quality score base:33
[ForkJoinPool.commonPool-worker-43] INFO net.maizegenetics.analysis.gbs.v2.GBSUtils - /project/cranberrygbs/cranberryHistoricalGBS/input/fastq_files/C8BNLANXX_1_fastq.gz: Quality score base:33
[ForkJoinPool.commonPool-worker-43] INFO net.maizegenetics.analysis.gbs.v2.GBSSeqToTagDBPlugin - Total Reads:10000000 Reads with barcode and cut site overhang:5716417 rate:3540 ns/read. Current tag count:947446
[ForkJoinPool.commonPool-worker-19] INFO net.maizegenetics.analysis.gbs.v2.GBSSeqToTagDBPlugin - Total Reads:10000000 Reads with barcode and cut site overhang:6172596 rate:3763 ns/read. Current tag count:989748
[ForkJoinPool.commonPool-worker-44] INFO net.maizegenetics.analysis.gbs.v2.GBSSeqToTagDBPlugin - Total Reads:10000000 Reads with barcode and cut site overhang:6529521 rate:3845 ns/read. Current tag count:993766
[pool-1-thread-1] INFO net.maizegenetics.analysis.gbs.v2.GBSSeqToTagDBPlugin - Total Reads:10000000 Reads with barcode and cut site overhang:6152872 rate:4015 ns/read. Current tag count:1025877
[ForkJoinPool.commonPool-worker-43] INFO net.maizegenetics.analysis.gbs.v2.GBSSeqToTagDBPlugin - Total Reads:20000000 Reads with barcode and cut site overhang:11401195 rate:3408 ns/read. Current tag count:1438913
[ForkJoinPool.commonPool-worker-19] INFO net.maizegenetics.analysis.gbs.v2.GBSSeqToTagDBPlugin - Total Reads:20000000 Reads with barcode and cut site overhang:12132897 rate:3641 ns/read. Current tag count:1504438
[ForkJoinPool.commonPool-worker-19] INFO net.maizegenetics.analysis.gbs.v2.GBSSeqToTagDBPlugin - Total Reads:30000000 Reads with barcode and cut site overhang:15029906 rate:3648 ns/read. Current tag count:1837514
[ForkJoinPool.commonPool-worker-44] INFO net.maizegenetics.analysis.gbs.v2.GBSSeqToTagDBPlugin - Total Reads:30000000 Reads with barcode and cut site overhang:18679821 rate:3886 ns/read. Current tag count:1889679
[ForkJoinPool.commonPool-worker-43] INFO net.maizegenetics.analysis.gbs.v2.GBSSeqToTagDBPlugin - Total Reads:40000000 Reads with barcode and cut site overhang:21573435 rate:3540 ns/read. Current tag count:2071910
[pool-1-thread-1] INFO net.maizegenetics.analysis.gbs.v2.GBSSeqToTagDBPlugin - Total Reads:40000000 Reads with barcode and cut site overhang:20664422 rate:3944 ns/read. Current tag count:2215078
[ForkJoinPool.commonPool-worker-19] INFO net.maizegenetics.analysis.gbs.v2.GBSSeqToTagDBPlugin - Total Reads:50000000 Reads with barcode and cut site overhang:19678463 rate:3269 ns/read. Current tag count:2260879
[ForkJoinPool.commonPool-worker-101] INFO net.maizegenetics.analysis.gbs.v2.GBSSeqToTagDBPlugin - Total Reads:60000000 Reads with barcode and cut site overhang:12470866 rate:2876 ns/read. Current tag count:2332105
[ForkJoinPool.commonPool-worker-44] INFO net.maizegenetics.analysis.gbs.v2.GBSSeqToTagDBPlugin - Total Reads:50000000 Reads with barcode and cut site overhang:25920259 rate:3542 ns/read. Current tag count:2373730
[pool-1-thread-1] INFO net.maizegenetics.analysis.gbs.v2.GBSSeqToTagDBPlugin - Total Reads:50000000 Reads with barcode and cut site overhang:24503571 rate:3829 ns/read. Current tag count:2508569
[ForkJoinPool.commonPool-worker-44] INFO net.maizegenetics.analysis.gbs.v2.GBSSeqToTagDBPlugin - Total Reads:60000000 Reads with barcode and cut site overhang:32395184 rate:3545 ns/read. Current tag count:2685422
[ForkJoinPool.commonPool-worker-43] INFO net.maizegenetics.analysis.gbs.v2.GBSSeqToTagDBPlugin - Total Reads:70000000 Reads with barcode and cut site overhang:36622272 rate:3424 ns/read. Current tag count:2867355
[ForkJoinPool.commonPool-worker-44] INFO net.maizegenetics.analysis.gbs.v2.GBSSeqToTagDBPlugin - Total Reads:70000000 Reads with barcode and cut site overhang:38754045 rate:3560 ns/read. Current tag count:2924018
[ForkJoinPool.commonPool-worker-101] INFO net.maizegenetics.analysis.gbs.v2.GBSSeqToTagDBPlugin - Total Reads:100000000 Reads with barcode and cut site overhang:15672984 rate:2577 ns/read. Current tag count:2974920
[ForkJoinPool.commonPool-worker-43] INFO net.maizegenetics.analysis.gbs.v2.GBSSeqToTagDBPlugin - Total Reads:80000000 Reads with barcode and cut site overhang:41994984 rate:3406 ns/read. Current tag count:3077084
[ForkJoinPool.commonPool-worker-19] INFO net.maizegenetics.analysis.gbs.v2.GBSSeqToTagDBPlugin - Total Reads:90000000 Reads with barcode and cut site overhang:33550808 rate:3140 ns/read. Current tag count:3137562
[ForkJoinPool.commonPool-worker-44] INFO net.maizegenetics.analysis.gbs.v2.GBSSeqToTagDBPlugin - Total Reads:80000000 Reads with barcode and cut site overhang:44440595 rate:3548 ns/read. Current tag count:3149247
[ForkJoinPool.commonPool-worker-43] INFO net.maizegenetics.analysis.gbs.v2.GBSSeqToTagDBPlugin - Total Reads:90000000 Reads with barcode and cut site overhang:47335396 rate:3487 ns/read. Current tag count:3291692
[ForkJoinPool.commonPool-worker-19] INFO net.maizegenetics.analysis.gbs.v2.GBSSeqToTagDBPlugin - Total Reads:100000000 Reads with barcode and cut site overhang:40196797 rate:3265 ns/read. Current tag count:3366951
[ForkJoinPool.commonPool-worker-44] INFO net.maizegenetics.analysis.gbs.v2.GBSSeqToTagDBPlugin - Total Reads:100000000 Reads with barcode and cut site overhang:50572485 rate:3469 ns/read. Current tag count:3486152
[ForkJoinPool.commonPool-worker-19] INFO net.maizegenetics.analysis.gbs.v2.GBSSeqToTagDBPlugin - Total Reads:110000000 Reads with barcode and cut site overhang:46780734 rate:3304 ns/read. Current tag count:3580891
[ForkJoinPool.commonPool-worker-43] INFO net.maizegenetics.analysis.gbs.v2.GBSSeqToTagDBPlugin - Total Reads:110000000 Reads with barcode and cut site overhang:57019394 rate:3440 ns/read. Current tag count:3670305
[ForkJoinPool.commonPool-worker-101] INFO net.maizegenetics.analysis.gbs.v2.GBSSeqToTagDBPlugin - Total Reads:150000000 Reads with barcode and cut site overhang:23397635 rate:2590 ns/read. Current tag count:3727603
[ForkJoinPool.commonPool-worker-19] INFO net.maizegenetics.analysis.gbs.v2.GBSSeqToTagDBPlugin - Total Reads:120000000 Reads with barcode and cut site overhang:50332929 rate:3277 ns/read. Current tag count:3755229
[ForkJoinPool.commonPool-worker-43] INFO net.maizegenetics.analysis.gbs.v2.GBSSeqToTagDBPlugin - Total Reads:120000000 Reads with barcode and cut site overhang:61509156 rate:3423 ns/read. Current tag count:3853894
[ForkJoinPool.commonPool-worker-19] INFO net.maizegenetics.analysis.gbs.v2.GBSSeqToTagDBPlugin - Total Reads:130000000 Reads with barcode and cut site overhang:51590480 rate:3213 ns/read. Current tag count:3892123
[ForkJoinPool.commonPool-worker-44] INFO net.maizegenetics.analysis.gbs.v2.GBSSeqToTagDBPlugin - Total Reads:120000000 Reads with barcode and cut site overhang:63694176 rate:3483 ns/read. Current tag count:3894156
[pool-1-thread-1] INFO net.maizegenetics.analysis.gbs.v2.GBSSeqToTagDBPlugin - Total Reads:110000000 Reads with barcode and cut site overhang:56746419 rate:3852 ns/read. Current tag count:3924280
[ForkJoinPool.commonPool-worker-19] INFO net.maizegenetics.analysis.gbs.v2.GBSSeqToTagDBPlugin - Total Reads:140000000 Reads with barcode and cut site overhang:54802539 rate:3181 ns/read. Current tag count:4034314
[ForkJoinPool.commonPool-worker-19] INFO net.maizegenetics.analysis.gbs.v2.GBSSeqToTagDBPlugin - Total Reads:150000000 Reads with barcode and cut site overhang:61077241 rate:3201 ns/read. Current tag count:4212594
[pool-1-thread-1] INFO net.maizegenetics.analysis.gbs.v2.GBSSeqToTagDBPlugin - Total Reads:130000000 Reads with barcode and cut site overhang:66720915 rate:3813 ns/read. Current tag count:4283626
[ForkJoinPool.commonPool-worker-43] INFO net.maizegenetics.analysis.gbs.v2.GBSSeqToTagDBPlugin - Total Reads:150000000 Reads with barcode and cut site overhang:75570520 rate:3378 ns/read. Current tag count:4325934
[ForkJoinPool.commonPool-worker-43] INFO net.maizegenetics.analysis.gbs.v2.GBSSeqToTagDBPlugin - Total Reads:160000000 Reads with barcode and cut site overhang:80689820 rate:3451 ns/read. Current tag count:4525860
[ForkJoinPool.commonPool-worker-19] INFO net.maizegenetics.analysis.gbs.v2.GBSSeqToTagDBPlugin - Total Reads:170000000 Reads with barcode and cut site overhang:68903568 rate:3275 ns/read. Current tag count:4544211
[ForkJoinPool.commonPool-worker-44] INFO net.maizegenetics.analysis.gbs.v2.GBSSeqToTagDBPlugin - Total Reads:160000000 Reads with barcode and cut site overhang:82996723 rate:3504 ns/read. Current tag count:4565020
[pool-1-thread-1] INFO net.maizegenetics.analysis.gbs.v2.GBSSeqToTagDBPlugin - Total Reads:150000000 Reads with barcode and cut site overhang:75567256 rate:3876 ns/read. Current tag count:4683928
[ForkJoinPool.commonPool-worker-43] INFO net.maizegenetics.analysis.gbs.v2.GBSSeqToTagDBPlugin - Total Reads:170000000 Reads with barcode and cut site overhang:86942463 rate:3447 ns/read. Current tag count:4712977
[ForkJoinPool.commonPool-worker-19] INFO net.maizegenetics.analysis.gbs.v2.GBSSeqToTagDBPlugin - Total Reads:190000000 Reads with barcode and cut site overhang:74912471 rate:3232 ns/read. Current tag count:4897452
[pool-1-thread-1] INFO net.maizegenetics.analysis.gbs.v2.GBSSeqToTagDBPlugin - Total Reads:170000000 Reads with barcode and cut site overhang:86269581 rate:3868 ns/read. Current tag count:5100541
[ForkJoinPool.commonPool-worker-101] INFO net.maizegenetics.analysis.gbs.v2.GBSSeqToTagDBPlugin - Total Reads:250000000 Reads with barcode and cut site overhang:42955742 rate:2648 ns/read. Current tag count:5125842
[ForkJoinPool.commonPool-worker-43] INFO net.maizegenetics.analysis.gbs.v2.GBSSeqToTagDBPlugin - Total Reads:200000000 Reads with barcode and cut site overhang:105259150 rate:3455 ns/read. Current tag count:5252779
[ForkJoinPool.commonPool-worker-44] INFO net.maizegenetics.analysis.gbs.v2.GBSSeqToTagDBPlugin - Total Reads:200000000 Reads with barcode and cut site overhang:101650500 rate:3470 ns/read. Current tag count:5264726
[ForkJoinPool.commonPool-worker-43] INFO net.maizegenetics.analysis.gbs.v2.GBSSeqToTagDBPlugin - Total Reads:210000000 Reads with barcode and cut site overhang:111446216 rate:3451 ns/read. Current tag count:5406065
[ForkJoinPool.commonPool-worker-44] INFO net.maizegenetics.analysis.gbs.v2.GBSSeqToTagDBPlugin - Total Reads:210000000 Reads with barcode and cut site overhang:108180088 rate:3472 ns/read. Current tag count:5425656
[ForkJoinPool.commonPool-worker-43] INFO net.maizegenetics.analysis.gbs.v2.GBSSeqToTagDBPlugin - Total Reads:220000000 Reads with barcode and cut site overhang:117803485 rate:3447 ns/read. Current tag count:5554013
[ForkJoinPool.commonPool-worker-44] INFO net.maizegenetics.analysis.gbs.v2.GBSSeqToTagDBPlugin - Total Reads:220000000 Reads with barcode and cut site overhang:114251152 rate:3476 ns/read. Current tag count:5576310
[ForkJoinPool.commonPool-worker-101] INFO net.maizegenetics.analysis.gbs.v2.GBSSeqToTagDBPlugin - Summary for /project/cranberrygbs/cranberryHistoricalGBS/input/fastq_files/C50VDACXX_8_fastq.gz
Total number of reads in lane=294163263
Total number of good barcoded reads=49978039
Total number of low quality reads=84172963
Timing process (sorting, collapsing, and writing TagCount to file).
Process took 768892.106326 milliseconds.
tagCntMap size: 5594216
[ForkJoinPool.commonPool-worker-19] INFO net.maizegenetics.analysis.gbs.v2.GBSSeqToTagDBPlugin - Total Reads:240000000 Reads with barcode and cut site overhang:97199853 rate:3215 ns/read. Current tag count:5604832
[ForkJoinPool.commonPool-worker-43] INFO net.maizegenetics.analysis.gbs.v2.GBSSeqToTagDBPlugin - Total Reads:230000000 Reads with barcode and cut site overhang:123654084 rate:3443 ns/read. Current tag count:5675606
[pool-1-thread-1] INFO net.maizegenetics.analysis.gbs.v2.GBSSeqToTagDBPlugin - Total Reads:210000000 Reads with barcode and cut site overhang:106058684 rate:3816 ns/read. Current tag count:5705971
[ForkJoinPool.commonPool-worker-19] INFO net.maizegenetics.analysis.gbs.v2.GBSSeqToTagDBPlugin - Total Reads:250000000 Reads with barcode and cut site overhang:102954241 rate:3219 ns/read. Current tag count:5716409
[ForkJoinPool.commonPool-worker-44] INFO net.maizegenetics.analysis.gbs.v2.GBSSeqToTagDBPlugin - Total Reads:240000000 Reads with barcode and cut site overhang:120498337 rate:3464 ns/read. Current tag count:5774403
[ForkJoinPool.commonPool-worker-43] INFO net.maizegenetics.analysis.gbs.v2.GBSSeqToTagDBPlugin - Total Reads:240000000 Reads with barcode and cut site overhang:129683739 rate:3486 ns/read. Current tag count:5791031
[pool-1-thread-1] INFO net.maizegenetics.analysis.gbs.v2.GBSSeqToTagDBPlugin - Total Reads:220000000 Reads with barcode and cut site overhang:111279203 rate:3861 ns/read. Current tag count:5834922
[ForkJoinPool.commonPool-worker-44] INFO net.maizegenetics.analysis.gbs.v2.GBSSeqToTagDBPlugin - Total Reads:250000000 Reads with barcode and cut site overhang:127199748 rate:3465 ns/read. Current tag count:5885510
[ForkJoinPool.commonPool-worker-43] INFO net.maizegenetics.analysis.gbs.v2.GBSSeqToTagDBPlugin - Total Reads:250000000 Reads with barcode and cut site overhang:135602063 rate:3475 ns/read. Current tag count:5894898
[ForkJoinPool.commonPool-worker-19] INFO net.maizegenetics.analysis.gbs.v2.GBSSeqToTagDBPlugin - Summary for /project/cranberrygbs/cranberryHistoricalGBS/input/fastq_files/C574FACXX_1_fastq.gz
Total number of reads in lane=272756726
Total number of good barcoded reads=106876449
Total number of low quality reads=67629338
Timing process (sorting, collapsing, and writing TagCount to file).
Process took 873093.438522 milliseconds.
tagCntMap size: 5907363
[ForkJoinPool.commonPool-worker-44] INFO net.maizegenetics.analysis.gbs.v2.GBSSeqToTagDBPlugin - Total Reads:260000000 Reads with barcode and cut site overhang:133682717 rate:3458 ns/read. Current tag count:6001597
[pool-1-thread-1] INFO net.maizegenetics.analysis.gbs.v2.GBSSeqToTagDBPlugin - Total Reads:240000000 Reads with barcode and cut site overhang:119689425 rate:3817 ns/read. Current tag count:6060649
[ForkJoinPool.commonPool-worker-44] INFO net.maizegenetics.analysis.gbs.v2.GBSSeqToTagDBPlugin - Total Reads:270000000 Reads with barcode and cut site overhang:138517896 rate:3450 ns/read. Current tag count:6100597
[ForkJoinPool.commonPool-worker-43] INFO net.maizegenetics.analysis.gbs.v2.GBSSeqToTagDBPlugin - Total Reads:270000000 Reads with barcode and cut site overhang:146793530 rate:3453 ns/read. Current tag count:6106469
[ForkJoinPool.commonPool-worker-44] INFO net.maizegenetics.analysis.gbs.v2.GBSSeqToTagDBPlugin - Summary for /project/cranberrygbs/cranberryHistoricalGBS/input/fastq_files/C574FACXX_3_fastq.gz
Total number of reads in lane=282161894
Total number of good barcoded reads=139416478
Total number of low quality reads=74981316
Timing process (sorting, collapsing, and writing TagCount to file).
Process took 954798.149123 milliseconds.
tagCntMap size: 6157086
[pool-1-thread-1] INFO net.maizegenetics.analysis.gbs.v2.GBSSeqToTagDBPlugin - Total Reads:260000000 Reads with barcode and cut site overhang:131337792 rate:3793 ns/read. Current tag count:6224970
[ForkJoinPool.commonPool-worker-43] INFO net.maizegenetics.analysis.gbs.v2.GBSSeqToTagDBPlugin - Summary for /project/cranberrygbs/cranberryHistoricalGBS/input/fastq_files/C8BNLANXX_1_fastq.gz
Total number of reads in lane=293564717
Total number of good barcoded reads=159722238
Total number of low quality reads=108892904
Timing process (sorting, collapsing, and writing TagCount to file).
Process took 1002106.997521 milliseconds.
tagCntMap size: 6259080
[pool-1-thread-1] INFO net.maizegenetics.analysis.gbs.v2.GBSSeqToTagDBPlugin - Summary for /project/cranberrygbs/cranberryHistoricalGBS/input/fastq_files/C511KACXX_3_fastq.gz
Total number of reads in lane=278757339
Total number of good barcoded reads=136349315
Total number of low quality reads=102086340
Timing process (sorting, collapsing, and writing TagCount to file).
Process took 1036803.937846 milliseconds.
tagCntMap size: 6288870

Kmers are added from batch 2. Total batch number: 2
Current number: 6288870. Max kmer number: 100000000
0.0628887 of max tag number
Map Tags:6,288,870  Memory:4,524,136,922  TotalDepth:1,598,446,279  AvgDepthPerTag:254

Starting removeTagsWithoutReplication. Current tag number: 6288870
Finished removeTagsWithoutReplication.  tagsRemoved = 5917432. Current tag number: 371438
Map Tags:371,438  Memory:3,913,809,842  TotalDepth:1,582,501,926  AvgDepthPerTag:4260

Kmer number is reduced to 371438

Total memory: 24.0 Gb
Free memory: 9.0 Gb
Max memory: 42.0 Gb



All the batch are processed
By removing kmers with minCount of 10Kmer number is reduced to 354811

size of all taxa in taxa table=1023
tagInsertPS.executeBatch() 100001
tagInsertPS.executeBatch() 100001
tagInsertPS.executeBatch() 100001
size of all tags in tag table=354811
putTaxaDistribution next100001
putTaxaDistribution next100001
putTaxaDistribution next100001
Closing SQLDB
[pool-1-thread-1] INFO net.maizegenetics.plugindef.AbstractPlugin - Finished net.maizegenetics.analysis.gbs.v2.GBSSeqToTagDBPlugin: time: Mar 18, 2021 21:52:40
[pool-1-thread-1] INFO net.maizegenetics.pipeline.TasselPipeline - net.maizegenetics.analysis.gbs.v2.GBSSeqToTagDBPlugin: time: Mar 18, 2021 21:52:40: progress: 100%
[pool-1-thread-1] INFO net.maizegenetics.plugindef.AbstractPlugin - net.maizegenetics.analysis.gbs.v2.GBSSeqToTagDBPlugin  Citation: Bradbury PJ, Zhang Z, Kroon DE, Casstevens TM, Ramdoss Y, Buckler ES. (2007) TASSEL: Software for association mapping of complex traits in diverse samples. Bioinformatics 23:2633-2635.
perl: warning: Setting locale failed.
perl: warning: Please check that your locale settings:
	LANGUAGE = (unset),
	LC_ALL = (unset),
	LANG = "C.UTF-8"
    are supported and installed on your system.
perl: warning: Falling back to the standard locale ("C").
/software/7/apps/tassel5/5.2.37/lib/commons-codec-1.10.jar:/software/7/apps/tassel5/5.2.37/lib/javax.json-1.0.4.jar:/software/7/apps/tassel5/5.2.37/lib/xml.jar:/software/7/apps/tassel5/5.2.37/lib/batik-awt-util.jar:/software/7/apps/tassel5/5.2.37/lib/json-simple-1.1.1.jar:/software/7/apps/tassel5/5.2.37/lib/colt.jar:/software/7/apps/tassel5/5.2.37/lib/ahocorasick-0.2.4.jar:/software/7/apps/tassel5/5.2.37/lib/batik-ext.jar:/software/7/apps/tassel5/5.2.37/lib/slf4j-api-1.7.10.jar:/software/7/apps/tassel5/5.2.37/lib/geronimo-spec-activation-1.0.2-rc4.jar:/software/7/apps/tassel5/5.2.37/lib/batik-svg-dom.jar:/software/7/apps/tassel5/5.2.37/lib/sqlite-jdbc-3.8.5-pre1.jar:/software/7/apps/tassel5/5.2.37/lib/jcommon-1.0.23.jar:/software/7/apps/tassel5/5.2.37/lib/batik-dom.jar:/software/7/apps/tassel5/5.2.37/lib/ejml-0.23.jar:/software/7/apps/tassel5/5.2.37/lib/cisd-jhdf5-batteries_included_lin_win_mac.jar:/software/7/apps/tassel5/5.2.37/lib/forester.jar:/software/7/apps/tassel5/5.2.37/lib/batik-gvt.jar:/software/7/apps/tassel5/5.2.37/lib/batik-gui-util.jar:/software/7/apps/tassel5/5.2.37/lib/batik-svggen.jar:/software/7/apps/tassel5/5.2.37/lib/htsjdk-1.138.jar:/software/7/apps/tassel5/5.2.37/lib/postgresql-9.4-1201.jdbc41.jar:/software/7/apps/tassel5/5.2.37/lib/snappy-java-1.1.1.6.jar:/software/7/apps/tassel5/5.2.37/lib/mail-1.4.jar:/software/7/apps/tassel5/5.2.37/lib/guava-19.0.jar:/software/7/apps/tassel5/5.2.37/lib/xercesImpl.jar:/software/7/apps/tassel5/5.2.37/lib/xmlParserAPIs.jar:/software/7/apps/tassel5/5.2.37/lib/batik-parser.jar:/software/7/apps/tassel5/5.2.37/lib/trove-3.0.3.jar:/software/7/apps/tassel5/5.2.37/lib/batik-xml.jar:/software/7/apps/tassel5/5.2.37/lib/batik-css.jar:/software/7/apps/tassel5/5.2.37/lib/biojava-alignment-4.0.0.jar:/software/7/apps/tassel5/5.2.37/lib/biojava-core-4.0.0.jar:/software/7/apps/tassel5/5.2.37/lib/commons-math3-3.4.1.jar:/software/7/apps/tassel5/5.2.37/lib/poi-3.0.1-FINAL-20070705.jar:/software/7/apps/tassel5/5.2.37/lib/itextpdf-5.1.0.jar:/software/7/apps/tassel5/5.2.37/lib/batik-util.jar:/software/7/apps/tassel5/5.2.37/lib/log4j-1.2.13.jar:/software/7/apps/tassel5/5.2.37/lib/slf4j-simple-1.7.10.jar:/software/7/apps/tassel5/5.2.37/lib/biojava-phylo-4.0.0.jar:/software/7/apps/tassel5/5.2.37/lib/jfreechart-1.0.19.jar:/software/7/apps/tassel5/5.2.37/lib/junit-4.10.jar:/software/7/apps/tassel5/5.2.37/sTASSEL.jar
Memory Settings: -Xms1G -Xmx48G
Tassel Pipeline Arguments: -fork1 -TagExportToFastqPlugin -c 1 -db /project/cranberrygbs/cranberryHistoricalGBS//database/cranberry_gbs_discovery.db -o /project/cranberrygbs/cranberryHistoricalGBS//tags/gbs_tags_for_alignment.fa.gz -endPlugin -runfork1
[main] INFO net.maizegenetics.tassel.TasselLogging - Tassel Version: 5.2.37  Date: April 6, 2017
[main] INFO net.maizegenetics.tassel.TasselLogging - Max Available Memory Reported by JVM: 43691 MB
[main] INFO net.maizegenetics.tassel.TasselLogging - Java Version: 1.8.0_121
[main] INFO net.maizegenetics.tassel.TasselLogging - OS: Linux
[main] INFO net.maizegenetics.tassel.TasselLogging - Number of Processors: 72
[main] INFO net.maizegenetics.pipeline.TasselPipeline - Tassel Pipeline Arguments: [-fork1, -TagExportToFastqPlugin, -c, 1, -db, /project/cranberrygbs/cranberryHistoricalGBS//database/cranberry_gbs_discovery.db, -o, /project/cranberrygbs/cranberryHistoricalGBS//tags/gbs_tags_for_alignment.fa.gz, -endPlugin, -runfork1]
net.maizegenetics.analysis.gbs.v2.TagExportToFastqPlugin
[pool-1-thread-1] INFO net.maizegenetics.plugindef.AbstractPlugin - Starting net.maizegenetics.analysis.gbs.v2.TagExportToFastqPlugin: time: Mar 18, 2021 21:52:42
[pool-1-thread-1] INFO net.maizegenetics.plugindef.AbstractPlugin - 
TagExportToFastqPlugin Parameters
db: /project/cranberrygbs/cranberryHistoricalGBS//database/cranberry_gbs_discovery.db
o: /project/cranberrygbs/cranberryHistoricalGBS//tags/gbs_tags_for_alignment.fa.gz
c: 1

size of all tags in tag table=354811
size of all tissues in tissue table=0
size of all tags in mappingApproach table=1
size of all taxa in taxa table=1023
Closing SQLDB
[pool-1-thread-1] INFO net.maizegenetics.analysis.gbs.v2.TagExportToFastqPlugin - Finished converting binary tag count file to fastq.
Total number of tags written: 354811 (above minCount of 1)
Ouput fastq file: /project/cranberrygbs/cranberryHistoricalGBS//tags/gbs_tags_for_alignment.fa.gz


[pool-1-thread-1] INFO net.maizegenetics.plugindef.AbstractPlugin - Finished net.maizegenetics.analysis.gbs.v2.TagExportToFastqPlugin: time: Mar 18, 2021 21:52:48
[pool-1-thread-1] INFO net.maizegenetics.pipeline.TasselPipeline - net.maizegenetics.analysis.gbs.v2.TagExportToFastqPlugin: time: Mar 18, 2021 21:52:48: progress: 100%
[pool-1-thread-1] INFO net.maizegenetics.plugindef.AbstractPlugin - net.maizegenetics.analysis.gbs.v2.TagExportToFastqPlugin  Citation: Bradbury PJ, Zhang Z, Kroon DE, Casstevens TM, Ramdoss Y, Buckler ES. (2007) TASSEL: Software for association mapping of complex traits in diverse samples. Bioinformatics 23:2633-2635.
perl: warning: Setting locale failed.
perl: warning: Please check that your locale settings:
	LANGUAGE = (unset),
	LC_ALL = (unset),
	LANG = "C.UTF-8"
    are supported and installed on your system.
perl: warning: Falling back to the standard locale ("C").
354811 reads; of these:
  354811 (100.00%) were unpaired; of these:
    49926 (14.07%) aligned 0 times
    191865 (54.08%) aligned exactly 1 time
    113020 (31.85%) aligned >1 times
85.93% overall alignment rate
perl: warning: Setting locale failed.
perl: warning: Please check that your locale settings:
	LANGUAGE = (unset),
	LC_ALL = (unset),
	LANG = "C.UTF-8"
    are supported and installed on your system.
perl: warning: Falling back to the standard locale ("C").
/software/7/apps/tassel5/5.2.37/lib/commons-codec-1.10.jar:/software/7/apps/tassel5/5.2.37/lib/javax.json-1.0.4.jar:/software/7/apps/tassel5/5.2.37/lib/xml.jar:/software/7/apps/tassel5/5.2.37/lib/batik-awt-util.jar:/software/7/apps/tassel5/5.2.37/lib/json-simple-1.1.1.jar:/software/7/apps/tassel5/5.2.37/lib/colt.jar:/software/7/apps/tassel5/5.2.37/lib/ahocorasick-0.2.4.jar:/software/7/apps/tassel5/5.2.37/lib/batik-ext.jar:/software/7/apps/tassel5/5.2.37/lib/slf4j-api-1.7.10.jar:/software/7/apps/tassel5/5.2.37/lib/geronimo-spec-activation-1.0.2-rc4.jar:/software/7/apps/tassel5/5.2.37/lib/batik-svg-dom.jar:/software/7/apps/tassel5/5.2.37/lib/sqlite-jdbc-3.8.5-pre1.jar:/software/7/apps/tassel5/5.2.37/lib/jcommon-1.0.23.jar:/software/7/apps/tassel5/5.2.37/lib/batik-dom.jar:/software/7/apps/tassel5/5.2.37/lib/ejml-0.23.jar:/software/7/apps/tassel5/5.2.37/lib/cisd-jhdf5-batteries_included_lin_win_mac.jar:/software/7/apps/tassel5/5.2.37/lib/forester.jar:/software/7/apps/tassel5/5.2.37/lib/batik-gvt.jar:/software/7/apps/tassel5/5.2.37/lib/batik-gui-util.jar:/software/7/apps/tassel5/5.2.37/lib/batik-svggen.jar:/software/7/apps/tassel5/5.2.37/lib/htsjdk-1.138.jar:/software/7/apps/tassel5/5.2.37/lib/postgresql-9.4-1201.jdbc41.jar:/software/7/apps/tassel5/5.2.37/lib/snappy-java-1.1.1.6.jar:/software/7/apps/tassel5/5.2.37/lib/mail-1.4.jar:/software/7/apps/tassel5/5.2.37/lib/guava-19.0.jar:/software/7/apps/tassel5/5.2.37/lib/xercesImpl.jar:/software/7/apps/tassel5/5.2.37/lib/xmlParserAPIs.jar:/software/7/apps/tassel5/5.2.37/lib/batik-parser.jar:/software/7/apps/tassel5/5.2.37/lib/trove-3.0.3.jar:/software/7/apps/tassel5/5.2.37/lib/batik-xml.jar:/software/7/apps/tassel5/5.2.37/lib/batik-css.jar:/software/7/apps/tassel5/5.2.37/lib/biojava-alignment-4.0.0.jar:/software/7/apps/tassel5/5.2.37/lib/biojava-core-4.0.0.jar:/software/7/apps/tassel5/5.2.37/lib/commons-math3-3.4.1.jar:/software/7/apps/tassel5/5.2.37/lib/poi-3.0.1-FINAL-20070705.jar:/software/7/apps/tassel5/5.2.37/lib/itextpdf-5.1.0.jar:/software/7/apps/tassel5/5.2.37/lib/batik-util.jar:/software/7/apps/tassel5/5.2.37/lib/log4j-1.2.13.jar:/software/7/apps/tassel5/5.2.37/lib/slf4j-simple-1.7.10.jar:/software/7/apps/tassel5/5.2.37/lib/biojava-phylo-4.0.0.jar:/software/7/apps/tassel5/5.2.37/lib/jfreechart-1.0.19.jar:/software/7/apps/tassel5/5.2.37/lib/junit-4.10.jar:/software/7/apps/tassel5/5.2.37/sTASSEL.jar
Memory Settings: -Xms1G -Xmx48G
Tassel Pipeline Arguments: -fork1 -SAMToGBSdbPlugin -i /project/cranberrygbs/cranberryHistoricalGBS//alignment/gbs_tags_aligned_BenLearv2.sam -db /project/cranberrygbs/cranberryHistoricalGBS//database/cranberry_gbs_discovery.db -aProp 0.0 -aLen 0 -minMAPQ 20 -endPlugin -runfork1
[main] INFO net.maizegenetics.tassel.TasselLogging - Tassel Version: 5.2.37  Date: April 6, 2017
[main] INFO net.maizegenetics.tassel.TasselLogging - Max Available Memory Reported by JVM: 43691 MB
[main] INFO net.maizegenetics.tassel.TasselLogging - Java Version: 1.8.0_121
[main] INFO net.maizegenetics.tassel.TasselLogging - OS: Linux
[main] INFO net.maizegenetics.tassel.TasselLogging - Number of Processors: 72
[main] INFO net.maizegenetics.pipeline.TasselPipeline - Tassel Pipeline Arguments: [-fork1, -SAMToGBSdbPlugin, -i, /project/cranberrygbs/cranberryHistoricalGBS//alignment/gbs_tags_aligned_BenLearv2.sam, -db, /project/cranberrygbs/cranberryHistoricalGBS//database/cranberry_gbs_discovery.db, -aProp, 0.0, -aLen, 0, -minMAPQ, 20, -endPlugin, -runfork1]
net.maizegenetics.analysis.gbs.v2.SAMToGBSdbPlugin
[pool-1-thread-1] INFO net.maizegenetics.plugindef.AbstractPlugin - Starting net.maizegenetics.analysis.gbs.v2.SAMToGBSdbPlugin: time: Mar 18, 2021 21:52:58
[pool-1-thread-1] INFO net.maizegenetics.plugindef.AbstractPlugin - 
SAMToGBSdbPlugin Parameters
i: /project/cranberrygbs/cranberryHistoricalGBS//alignment/gbs_tags_aligned_BenLearv2.sam
db: /project/cranberrygbs/cranberryHistoricalGBS//database/cranberry_gbs_discovery.db
aProp: 0.0
aLen: 0
mapper: BWA
deleteOldData: true
minMAPQ: 20

size of all tags in tag table=354811
size of all tissues in tissue table=0
size of all tags in mappingApproach table=1
size of all taxa in taxa table=1023
[pool-1-thread-1] INFO net.maizegenetics.analysis.gbs.v2.SAMToGBSdbPlugin - deleteOldData is TRUE: Clearing existing Alignment, Discovery and SNPQuality data
size of all tags in mappingApproach table=0
size of all positions in cutPosition table=0
putCutPositionsIfAbsent next10001
putCutPositionsIfAbsent next10001
putCutPositionsIfAbsent next10001
putCutPositionsIfAbsent next10001
putCutPositionsIfAbsent next10001
putCutPositionsIfAbsent next10001
putCutPositionsIfAbsent next10001
putCutPositionsIfAbsent next10001
putCutPositionsIfAbsent next10001
putCutPositionsIfAbsent next10001
putCutPositionsIfAbsent next10001
putCutPositionsIfAbsent next10001
putCutPositionsIfAbsent next10001
putCutPositionsIfAbsent next10001
putCutPositionsIfAbsent next10001
putCutPositionsIfAbsent next10001
putCutPositionsIfAbsent next10001
putCutPositionsIfAbsent next10001
putCutPositionsIfAbsent next10001
putCutPositionsIfAbsent next10001
putCutPositionsIfAbsent next10001
putCutPositionsIfAbsent next10001
size of all positions in cutPosition table=94564
size of all tags in mappingApproach table=2
putTagAlignments next10001
putTagAlignments next10001
putTagAlignments next10001
putTagAlignments next10001
putTagAlignments next10001
putTagAlignments next10001
putTagAlignments next10001
putTagAlignments next10001
putTagAlignments next10001
putTagAlignments next10001
putTagAlignments next10001
putTagAlignments next10001
putTagAlignments next10001
putTagAlignments next10001
putTagAlignments next10001
putTagAlignments next10001
putTagAlignments next10001
putTagAlignments next10001
putTagAlignments next10001
putTagAlignments next10001
putTagAlignments next10001
putTagAlignments next10001
Total number of cut sites: 94564
Number of cut sites with 1 tag: 57256
Number of cut sites with 2 tags: 15991
Number of cut sites with 3 tags: 6273
Number of cut sites with more than 3 tags: 15044
[pool-1-thread-1] INFO net.maizegenetics.analysis.gbs.v2.SAMToGBSdbPlugin - Finished reading SAM file and adding tags to DB.
Total number of tags mapped: 228299 (total mappings 228299)
Tags not mapped: 126512
Tags dropped due to minimum mapq value: 126512


Closing SQLDB
[pool-1-thread-1] INFO net.maizegenetics.plugindef.AbstractPlugin - Finished net.maizegenetics.analysis.gbs.v2.SAMToGBSdbPlugin: time: Mar 18, 2021 21:53:5
[pool-1-thread-1] INFO net.maizegenetics.pipeline.TasselPipeline - net.maizegenetics.analysis.gbs.v2.SAMToGBSdbPlugin: time: Mar 18, 2021 21:53:5: progress: 100%
[pool-1-thread-1] INFO net.maizegenetics.plugindef.AbstractPlugin - net.maizegenetics.analysis.gbs.v2.SAMToGBSdbPlugin  Citation: Bradbury PJ, Zhang Z, Kroon DE, Casstevens TM, Ramdoss Y, Buckler ES. (2007) TASSEL: Software for association mapping of complex traits in diverse samples. Bioinformatics 23:2633-2635.
perl: warning: Setting locale failed.
perl: warning: Please check that your locale settings:
	LANGUAGE = (unset),
	LC_ALL = (unset),
	LANG = "C.UTF-8"
    are supported and installed on your system.
perl: warning: Falling back to the standard locale ("C").
/software/7/apps/tassel5/5.2.37/lib/commons-codec-1.10.jar:/software/7/apps/tassel5/5.2.37/lib/javax.json-1.0.4.jar:/software/7/apps/tassel5/5.2.37/lib/xml.jar:/software/7/apps/tassel5/5.2.37/lib/batik-awt-util.jar:/software/7/apps/tassel5/5.2.37/lib/json-simple-1.1.1.jar:/software/7/apps/tassel5/5.2.37/lib/colt.jar:/software/7/apps/tassel5/5.2.37/lib/ahocorasick-0.2.4.jar:/software/7/apps/tassel5/5.2.37/lib/batik-ext.jar:/software/7/apps/tassel5/5.2.37/lib/slf4j-api-1.7.10.jar:/software/7/apps/tassel5/5.2.37/lib/geronimo-spec-activation-1.0.2-rc4.jar:/software/7/apps/tassel5/5.2.37/lib/batik-svg-dom.jar:/software/7/apps/tassel5/5.2.37/lib/sqlite-jdbc-3.8.5-pre1.jar:/software/7/apps/tassel5/5.2.37/lib/jcommon-1.0.23.jar:/software/7/apps/tassel5/5.2.37/lib/batik-dom.jar:/software/7/apps/tassel5/5.2.37/lib/ejml-0.23.jar:/software/7/apps/tassel5/5.2.37/lib/cisd-jhdf5-batteries_included_lin_win_mac.jar:/software/7/apps/tassel5/5.2.37/lib/forester.jar:/software/7/apps/tassel5/5.2.37/lib/batik-gvt.jar:/software/7/apps/tassel5/5.2.37/lib/batik-gui-util.jar:/software/7/apps/tassel5/5.2.37/lib/batik-svggen.jar:/software/7/apps/tassel5/5.2.37/lib/htsjdk-1.138.jar:/software/7/apps/tassel5/5.2.37/lib/postgresql-9.4-1201.jdbc41.jar:/software/7/apps/tassel5/5.2.37/lib/snappy-java-1.1.1.6.jar:/software/7/apps/tassel5/5.2.37/lib/mail-1.4.jar:/software/7/apps/tassel5/5.2.37/lib/guava-19.0.jar:/software/7/apps/tassel5/5.2.37/lib/xercesImpl.jar:/software/7/apps/tassel5/5.2.37/lib/xmlParserAPIs.jar:/software/7/apps/tassel5/5.2.37/lib/batik-parser.jar:/software/7/apps/tassel5/5.2.37/lib/trove-3.0.3.jar:/software/7/apps/tassel5/5.2.37/lib/batik-xml.jar:/software/7/apps/tassel5/5.2.37/lib/batik-css.jar:/software/7/apps/tassel5/5.2.37/lib/biojava-alignment-4.0.0.jar:/software/7/apps/tassel5/5.2.37/lib/biojava-core-4.0.0.jar:/software/7/apps/tassel5/5.2.37/lib/commons-math3-3.4.1.jar:/software/7/apps/tassel5/5.2.37/lib/poi-3.0.1-FINAL-20070705.jar:/software/7/apps/tassel5/5.2.37/lib/itextpdf-5.1.0.jar:/software/7/apps/tassel5/5.2.37/lib/batik-util.jar:/software/7/apps/tassel5/5.2.37/lib/log4j-1.2.13.jar:/software/7/apps/tassel5/5.2.37/lib/slf4j-simple-1.7.10.jar:/software/7/apps/tassel5/5.2.37/lib/biojava-phylo-4.0.0.jar:/software/7/apps/tassel5/5.2.37/lib/jfreechart-1.0.19.jar:/software/7/apps/tassel5/5.2.37/lib/junit-4.10.jar:/software/7/apps/tassel5/5.2.37/sTASSEL.jar
Memory Settings: -Xms1G -Xmx48G
Tassel Pipeline Arguments: -fork1 -DiscoverySNPCallerPluginV2 -db /project/cranberrygbs/cranberryHistoricalGBS//database/cranberry_gbs_discovery.db -maxTagsCutSite 1000 -mnLCov 0.1 -mnMAF 0.00001 -ref /KEEP/cranberrygbs/genome_assemblies/Vaccinium_macrocarpon_BenLear_v2.fasta -deleteOldData true -endPlugin -runfork1
[main] INFO net.maizegenetics.tassel.TasselLogging - Tassel Version: 5.2.37  Date: April 6, 2017
[main] INFO net.maizegenetics.tassel.TasselLogging - Max Available Memory Reported by JVM: 43691 MB
[main] INFO net.maizegenetics.tassel.TasselLogging - Java Version: 1.8.0_121
[main] INFO net.maizegenetics.tassel.TasselLogging - OS: Linux
[main] INFO net.maizegenetics.tassel.TasselLogging - Number of Processors: 72
[main] INFO net.maizegenetics.pipeline.TasselPipeline - Tassel Pipeline Arguments: [-fork1, -DiscoverySNPCallerPluginV2, -db, /project/cranberrygbs/cranberryHistoricalGBS//database/cranberry_gbs_discovery.db, -maxTagsCutSite, 1000, -mnLCov, 0.1, -mnMAF, 0.00001, -ref, /KEEP/cranberrygbs/genome_assemblies/Vaccinium_macrocarpon_BenLear_v2.fasta, -deleteOldData, true, -endPlugin, -runfork1]
net.maizegenetics.analysis.gbs.v2.DiscoverySNPCallerPluginV2
[pool-1-thread-1] INFO net.maizegenetics.plugindef.AbstractPlugin - Starting net.maizegenetics.analysis.gbs.v2.DiscoverySNPCallerPluginV2: time: Mar 18, 2021 21:53:6
Genome FASTA character conversion: ACGTNacgtn to ACGTNacgtn
[pool-1-thread-1] INFO net.maizegenetics.analysis.gbs.v2.DiscoverySNPCallerPluginV2 - MinMAF:1.00000e-05 

[pool-1-thread-1] INFO net.maizegenetics.plugindef.AbstractPlugin - 
DiscoverySNPCallerPluginV2 Parameters
db: /project/cranberrygbs/cranberryHistoricalGBS//database/cranberry_gbs_discovery.db
mnMAF: 1.0E-5
mnLCov: 0.1
ref: /KEEP/cranberrygbs/genome_assemblies/Vaccinium_macrocarpon_BenLear_v2.fasta
sC: null
eC: null
inclGaps: false
gapAlignRatio: 1.0
maxTagsCutSite: 1000
deleteOldData: true

[pool-1-thread-1] INFO net.maizegenetics.analysis.gbs.v2.DiscoverySNPCallerPluginV2 - Finding SNPs in /project/cranberrygbs/cranberryHistoricalGBS//database/cranberry_gbs_discovery.db.
[pool-1-thread-1] INFO net.maizegenetics.analysis.gbs.v2.DiscoverySNPCallerPluginV2 - StartChr:null EndChr:null 

size of all tags in tag table=354811
size of all tissues in tissue table=0
size of all tags in mappingApproach table=2
size of all taxa in taxa table=1023
[pool-1-thread-1] INFO net.maizegenetics.analysis.gbs.v2.DiscoverySNPCallerPluginV2 - deleteOldData is TRUE: Clearing previous Discovery and SNPQuality data
[pool-1-thread-1] INFO net.maizegenetics.analysis.gbs.v2.DiscoverySNPCallerPluginV2 - Start processing chromosome 01

[pool-1-thread-1] INFO net.maizegenetics.analysis.gbs.v2.DiscoverySNPCallerPluginV2 - Calling getCutPosForStrand FORWARD strands...
size of all positions in cutPosition table=94564
positionTagTaxaMap size, forwardStrand, true size:4984 totalTagsAdded:11896
[pool-1-thread-1] INFO net.maizegenetics.analysis.gbs.v2.DiscoverySNPCallerPluginV2 - 
Calling getCutPosForStrand REVERSE strands...
positionTagTaxaMap size, forwardStrand, false size:4991 totalTagsAdded:11757
[pool-1-thread-1] INFO net.maizegenetics.analysis.gbs.v2.DiscoverySNPCallerPluginV2 - Finished processing chromosome 01


size of all positions in snpPosition table=0
putSNPPositionsIfAbsent next10001
size of all positions in snpPosition table=11121
putAlleleIfAbsent next10001
putAlleleIfAbsent next10001
size of all positions in snpPosition table=11121
size of all alleles in allele table=22338
alleleTagInsertPS next10001
alleleTagInsertPS next10001
alleleTagInsertPS next10001
alleleTagInsertPS next10001
alleleTagInsertPS next10001
alleleTagInsertPS next10001
alleleTagInsertPS next10001
alleleTagInsertPS next10001
alleleTagInsertPS next10001
alleleTagInsertPS next10001
alleleTagInsertPS next10001
[pool-1-thread-1] INFO net.maizegenetics.analysis.gbs.v2.DiscoverySNPCallerPluginV2 - Start processing chromosome 02

[pool-1-thread-1] INFO net.maizegenetics.analysis.gbs.v2.DiscoverySNPCallerPluginV2 - Calling getCutPosForStrand FORWARD strands...
positionTagTaxaMap size, forwardStrand, true size:3908 totalTagsAdded:9396
[pool-1-thread-1] INFO net.maizegenetics.analysis.gbs.v2.DiscoverySNPCallerPluginV2 - 
Calling getCutPosForStrand REVERSE strands...
positionTagTaxaMap size, forwardStrand, false size:3912 totalTagsAdded:9462
[pool-1-thread-1] INFO net.maizegenetics.analysis.gbs.v2.DiscoverySNPCallerPluginV2 - Finished processing chromosome 02


size of all positions in snpPosition table=11121
size of all positions in snpPosition table=20027
putAlleleIfAbsent next10001
size of all positions in snpPosition table=20027
size of all alleles in allele table=40253
alleleTagInsertPS next10001
alleleTagInsertPS next10001
alleleTagInsertPS next10001
alleleTagInsertPS next10001
alleleTagInsertPS next10001
alleleTagInsertPS next10001
alleleTagInsertPS next10001
alleleTagInsertPS next10001
[pool-1-thread-1] INFO net.maizegenetics.analysis.gbs.v2.DiscoverySNPCallerPluginV2 - Start processing chromosome 03

[pool-1-thread-1] INFO net.maizegenetics.analysis.gbs.v2.DiscoverySNPCallerPluginV2 - Calling getCutPosForStrand FORWARD strands...
positionTagTaxaMap size, forwardStrand, true size:3776 totalTagsAdded:9213
[pool-1-thread-1] INFO net.maizegenetics.analysis.gbs.v2.DiscoverySNPCallerPluginV2 - 
Calling getCutPosForStrand REVERSE strands...
positionTagTaxaMap size, forwardStrand, false size:3793 totalTagsAdded:9161
[pool-1-thread-1] INFO net.maizegenetics.analysis.gbs.v2.DiscoverySNPCallerPluginV2 - Finished processing chromosome 03


size of all positions in snpPosition table=20027
size of all positions in snpPosition table=28687
putAlleleIfAbsent next10001
size of all positions in snpPosition table=28687
size of all alleles in allele table=57664
alleleTagInsertPS next10001
alleleTagInsertPS next10001
alleleTagInsertPS next10001
alleleTagInsertPS next10001
alleleTagInsertPS next10001
alleleTagInsertPS next10001
alleleTagInsertPS next10001
alleleTagInsertPS next10001
alleleTagInsertPS next10001
[pool-1-thread-1] INFO net.maizegenetics.analysis.gbs.v2.DiscoverySNPCallerPluginV2 - Start processing chromosome 04

[pool-1-thread-1] INFO net.maizegenetics.analysis.gbs.v2.DiscoverySNPCallerPluginV2 - Calling getCutPosForStrand FORWARD strands...
positionTagTaxaMap size, forwardStrand, true size:3584 totalTagsAdded:8551
[pool-1-thread-1] INFO net.maizegenetics.analysis.gbs.v2.DiscoverySNPCallerPluginV2 - 
Calling getCutPosForStrand REVERSE strands...
positionTagTaxaMap size, forwardStrand, false size:3584 totalTagsAdded:8761
[pool-1-thread-1] INFO net.maizegenetics.analysis.gbs.v2.DiscoverySNPCallerPluginV2 - Finished processing chromosome 04


size of all positions in snpPosition table=28687
size of all positions in snpPosition table=36877
putAlleleIfAbsent next10001
size of all positions in snpPosition table=36877
size of all alleles in allele table=74125
alleleTagInsertPS next10001
alleleTagInsertPS next10001
alleleTagInsertPS next10001
alleleTagInsertPS next10001
alleleTagInsertPS next10001
alleleTagInsertPS next10001
alleleTagInsertPS next10001
alleleTagInsertPS next10001
[pool-1-thread-1] INFO net.maizegenetics.analysis.gbs.v2.DiscoverySNPCallerPluginV2 - Start processing chromosome 05

[pool-1-thread-1] INFO net.maizegenetics.analysis.gbs.v2.DiscoverySNPCallerPluginV2 - Calling getCutPosForStrand FORWARD strands...
positionTagTaxaMap size, forwardStrand, true size:3652 totalTagsAdded:8982
[pool-1-thread-1] INFO net.maizegenetics.analysis.gbs.v2.DiscoverySNPCallerPluginV2 - 
Calling getCutPosForStrand REVERSE strands...
positionTagTaxaMap size, forwardStrand, false size:3612 totalTagsAdded:9158
[pool-1-thread-1] INFO net.maizegenetics.analysis.gbs.v2.DiscoverySNPCallerPluginV2 - Finished processing chromosome 05


size of all positions in snpPosition table=36877
size of all positions in snpPosition table=45605
putAlleleIfAbsent next10001
size of all positions in snpPosition table=45605
size of all alleles in allele table=91663
alleleTagInsertPS next10001
alleleTagInsertPS next10001
alleleTagInsertPS next10001
alleleTagInsertPS next10001
alleleTagInsertPS next10001
alleleTagInsertPS next10001
alleleTagInsertPS next10001
alleleTagInsertPS next10001
alleleTagInsertPS next10001
[pool-1-thread-1] INFO net.maizegenetics.analysis.gbs.v2.DiscoverySNPCallerPluginV2 - Start processing chromosome 06

[pool-1-thread-1] INFO net.maizegenetics.analysis.gbs.v2.DiscoverySNPCallerPluginV2 - Calling getCutPosForStrand FORWARD strands...
positionTagTaxaMap size, forwardStrand, true size:3999 totalTagsAdded:9412
[pool-1-thread-1] INFO net.maizegenetics.analysis.gbs.v2.DiscoverySNPCallerPluginV2 - 
Calling getCutPosForStrand REVERSE strands...
positionTagTaxaMap size, forwardStrand, false size:4001 totalTagsAdded:9409
[pool-1-thread-1] INFO net.maizegenetics.analysis.gbs.v2.DiscoverySNPCallerPluginV2 - Finished processing chromosome 06


size of all positions in snpPosition table=45605
size of all positions in snpPosition table=54378
putAlleleIfAbsent next10001
size of all positions in snpPosition table=54378
size of all alleles in allele table=109284
alleleTagInsertPS next10001
alleleTagInsertPS next10001
alleleTagInsertPS next10001
alleleTagInsertPS next10001
alleleTagInsertPS next10001
alleleTagInsertPS next10001
alleleTagInsertPS next10001
alleleTagInsertPS next10001
[pool-1-thread-1] INFO net.maizegenetics.analysis.gbs.v2.DiscoverySNPCallerPluginV2 - Start processing chromosome 07

[pool-1-thread-1] INFO net.maizegenetics.analysis.gbs.v2.DiscoverySNPCallerPluginV2 - Calling getCutPosForStrand FORWARD strands...
positionTagTaxaMap size, forwardStrand, true size:3622 totalTagsAdded:8635
[pool-1-thread-1] INFO net.maizegenetics.analysis.gbs.v2.DiscoverySNPCallerPluginV2 - 
Calling getCutPosForStrand REVERSE strands...
positionTagTaxaMap size, forwardStrand, false size:3585 totalTagsAdded:8648
[pool-1-thread-1] INFO net.maizegenetics.analysis.gbs.v2.DiscoverySNPCallerPluginV2 - Finished processing chromosome 07


size of all positions in snpPosition table=54378
size of all positions in snpPosition table=62530
putAlleleIfAbsent next10001
size of all positions in snpPosition table=62530
size of all alleles in allele table=125652
alleleTagInsertPS next10001
alleleTagInsertPS next10001
alleleTagInsertPS next10001
alleleTagInsertPS next10001
alleleTagInsertPS next10001
alleleTagInsertPS next10001
alleleTagInsertPS next10001
alleleTagInsertPS next10001
[pool-1-thread-1] INFO net.maizegenetics.analysis.gbs.v2.DiscoverySNPCallerPluginV2 - Start processing chromosome 08

[pool-1-thread-1] INFO net.maizegenetics.analysis.gbs.v2.DiscoverySNPCallerPluginV2 - Calling getCutPosForStrand FORWARD strands...
positionTagTaxaMap size, forwardStrand, true size:3572 totalTagsAdded:8319
[pool-1-thread-1] INFO net.maizegenetics.analysis.gbs.v2.DiscoverySNPCallerPluginV2 - 
Calling getCutPosForStrand REVERSE strands...
positionTagTaxaMap size, forwardStrand, false size:3551 totalTagsAdded:8267
[pool-1-thread-1] INFO net.maizegenetics.analysis.gbs.v2.DiscoverySNPCallerPluginV2 - Finished processing chromosome 08


size of all positions in snpPosition table=62530
size of all positions in snpPosition table=70206
putAlleleIfAbsent next10001
size of all positions in snpPosition table=70206
size of all alleles in allele table=141096
alleleTagInsertPS next10001
alleleTagInsertPS next10001
alleleTagInsertPS next10001
alleleTagInsertPS next10001
alleleTagInsertPS next10001
alleleTagInsertPS next10001
alleleTagInsertPS next10001
[pool-1-thread-1] INFO net.maizegenetics.analysis.gbs.v2.DiscoverySNPCallerPluginV2 - Start processing chromosome 09

[pool-1-thread-1] INFO net.maizegenetics.analysis.gbs.v2.DiscoverySNPCallerPluginV2 - Calling getCutPosForStrand FORWARD strands...
positionTagTaxaMap size, forwardStrand, true size:4152 totalTagsAdded:10521
[pool-1-thread-1] INFO net.maizegenetics.analysis.gbs.v2.DiscoverySNPCallerPluginV2 - 
Calling getCutPosForStrand REVERSE strands...
positionTagTaxaMap size, forwardStrand, false size:4170 totalTagsAdded:10456
[pool-1-thread-1] INFO net.maizegenetics.analysis.gbs.v2.DiscoverySNPCallerPluginV2 - Finished processing chromosome 09


size of all positions in snpPosition table=70206
putSNPPositionsIfAbsent next10001
size of all positions in snpPosition table=80275
putAlleleIfAbsent next10001
putAlleleIfAbsent next10001
size of all positions in snpPosition table=80275
size of all alleles in allele table=161337
alleleTagInsertPS next10001
alleleTagInsertPS next10001
alleleTagInsertPS next10001
alleleTagInsertPS next10001
alleleTagInsertPS next10001
alleleTagInsertPS next10001
alleleTagInsertPS next10001
alleleTagInsertPS next10001
alleleTagInsertPS next10001
alleleTagInsertPS next10001
alleleTagInsertPS next10001
[pool-1-thread-1] INFO net.maizegenetics.analysis.gbs.v2.DiscoverySNPCallerPluginV2 - Start processing chromosome 10

[pool-1-thread-1] INFO net.maizegenetics.analysis.gbs.v2.DiscoverySNPCallerPluginV2 - Calling getCutPosForStrand FORWARD strands...
positionTagTaxaMap size, forwardStrand, true size:3579 totalTagsAdded:8525
[pool-1-thread-1] INFO net.maizegenetics.analysis.gbs.v2.DiscoverySNPCallerPluginV2 - 
Calling getCutPosForStrand REVERSE strands...
positionTagTaxaMap size, forwardStrand, false size:3589 totalTagsAdded:8621
[pool-1-thread-1] INFO net.maizegenetics.analysis.gbs.v2.DiscoverySNPCallerPluginV2 - Finished processing chromosome 10


size of all positions in snpPosition table=80275
size of all positions in snpPosition table=88346
putAlleleIfAbsent next10001
size of all positions in snpPosition table=88346
size of all alleles in allele table=177570
alleleTagInsertPS next10001
alleleTagInsertPS next10001
alleleTagInsertPS next10001
alleleTagInsertPS next10001
alleleTagInsertPS next10001
alleleTagInsertPS next10001
alleleTagInsertPS next10001
[pool-1-thread-1] INFO net.maizegenetics.analysis.gbs.v2.DiscoverySNPCallerPluginV2 - Start processing chromosome 11

[pool-1-thread-1] INFO net.maizegenetics.analysis.gbs.v2.DiscoverySNPCallerPluginV2 - Calling getCutPosForStrand FORWARD strands...
positionTagTaxaMap size, forwardStrand, true size:4401 totalTagsAdded:10609
[pool-1-thread-1] INFO net.maizegenetics.analysis.gbs.v2.DiscoverySNPCallerPluginV2 - 
Calling getCutPosForStrand REVERSE strands...
positionTagTaxaMap size, forwardStrand, false size:4413 totalTagsAdded:10512
[pool-1-thread-1] INFO net.maizegenetics.analysis.gbs.v2.DiscoverySNPCallerPluginV2 - Finished processing chromosome 11


size of all positions in snpPosition table=88346
size of all positions in snpPosition table=98329
putAlleleIfAbsent next10001
putAlleleIfAbsent next10001
size of all positions in snpPosition table=98329
size of all alleles in allele table=197638
alleleTagInsertPS next10001
alleleTagInsertPS next10001
alleleTagInsertPS next10001
alleleTagInsertPS next10001
alleleTagInsertPS next10001
alleleTagInsertPS next10001
alleleTagInsertPS next10001
alleleTagInsertPS next10001
alleleTagInsertPS next10001
alleleTagInsertPS next10001
[pool-1-thread-1] INFO net.maizegenetics.analysis.gbs.v2.DiscoverySNPCallerPluginV2 - Start processing chromosome 12

[pool-1-thread-1] INFO net.maizegenetics.analysis.gbs.v2.DiscoverySNPCallerPluginV2 - Calling getCutPosForStrand FORWARD strands...
positionTagTaxaMap size, forwardStrand, true size:4006 totalTagsAdded:9636
[pool-1-thread-1] INFO net.maizegenetics.analysis.gbs.v2.DiscoverySNPCallerPluginV2 - 
Calling getCutPosForStrand REVERSE strands...
positionTagTaxaMap size, forwardStrand, false size:4033 totalTagsAdded:9554
[pool-1-thread-1] INFO net.maizegenetics.analysis.gbs.v2.DiscoverySNPCallerPluginV2 - Finished processing chromosome 12


size of all positions in snpPosition table=98329
size of all positions in snpPosition table=107425
putAlleleIfAbsent next10001
size of all positions in snpPosition table=107425
size of all alleles in allele table=215899
alleleTagInsertPS next10001
alleleTagInsertPS next10001
alleleTagInsertPS next10001
alleleTagInsertPS next10001
alleleTagInsertPS next10001
alleleTagInsertPS next10001
alleleTagInsertPS next10001
alleleTagInsertPS next10001
[pool-1-thread-1] INFO net.maizegenetics.analysis.gbs.v2.DiscoverySNPCallerPluginV2 - Start processing chromosome UNKNOWN

[pool-1-thread-1] INFO net.maizegenetics.analysis.gbs.v2.DiscoverySNPCallerPluginV2 - Calling getCutPosForStrand FORWARD strands...
positionTagTaxaMap size, forwardStrand, true size:45 totalTagsAdded:350
[pool-1-thread-1] INFO net.maizegenetics.analysis.gbs.v2.DiscoverySNPCallerPluginV2 - 
Calling getCutPosForStrand REVERSE strands...
positionTagTaxaMap size, forwardStrand, false size:50 totalTagsAdded:488
[pool-1-thread-1] INFO net.maizegenetics.analysis.gbs.v2.DiscoverySNPCallerPluginV2 - Finished processing chromosome UNKNOWN


size of all positions in snpPosition table=107425
size of all positions in snpPosition table=107808
size of all positions in snpPosition table=107808
size of all alleles in allele table=216951
alleleTagInsertPS next10001
alleleTagInsertPS next10001
alleleTagInsertPS next10001
alleleTagInsertPS next10001
Closing SQLDB
[pool-1-thread-1] INFO net.maizegenetics.plugindef.AbstractPlugin - Finished net.maizegenetics.analysis.gbs.v2.DiscoverySNPCallerPluginV2: time: Mar 18, 2021 21:57:22
[pool-1-thread-1] INFO net.maizegenetics.pipeline.TasselPipeline - net.maizegenetics.analysis.gbs.v2.DiscoverySNPCallerPluginV2: time: Mar 18, 2021 21:57:22: progress: 100%
[pool-1-thread-1] INFO net.maizegenetics.plugindef.AbstractPlugin - net.maizegenetics.analysis.gbs.v2.DiscoverySNPCallerPluginV2  Citation: Bradbury PJ, Zhang Z, Kroon DE, Casstevens TM, Ramdoss Y, Buckler ES. (2007) TASSEL: Software for association mapping of complex traits in diverse samples. Bioinformatics 23:2633-2635.
perl: warning: Setting locale failed.
perl: warning: Please check that your locale settings:
	LANGUAGE = (unset),
	LC_ALL = (unset),
	LANG = "C.UTF-8"
    are supported and installed on your system.
perl: warning: Falling back to the standard locale ("C").
/software/7/apps/tassel5/5.2.37/lib/commons-codec-1.10.jar:/software/7/apps/tassel5/5.2.37/lib/javax.json-1.0.4.jar:/software/7/apps/tassel5/5.2.37/lib/xml.jar:/software/7/apps/tassel5/5.2.37/lib/batik-awt-util.jar:/software/7/apps/tassel5/5.2.37/lib/json-simple-1.1.1.jar:/software/7/apps/tassel5/5.2.37/lib/colt.jar:/software/7/apps/tassel5/5.2.37/lib/ahocorasick-0.2.4.jar:/software/7/apps/tassel5/5.2.37/lib/batik-ext.jar:/software/7/apps/tassel5/5.2.37/lib/slf4j-api-1.7.10.jar:/software/7/apps/tassel5/5.2.37/lib/geronimo-spec-activation-1.0.2-rc4.jar:/software/7/apps/tassel5/5.2.37/lib/batik-svg-dom.jar:/software/7/apps/tassel5/5.2.37/lib/sqlite-jdbc-3.8.5-pre1.jar:/software/7/apps/tassel5/5.2.37/lib/jcommon-1.0.23.jar:/software/7/apps/tassel5/5.2.37/lib/batik-dom.jar:/software/7/apps/tassel5/5.2.37/lib/ejml-0.23.jar:/software/7/apps/tassel5/5.2.37/lib/cisd-jhdf5-batteries_included_lin_win_mac.jar:/software/7/apps/tassel5/5.2.37/lib/forester.jar:/software/7/apps/tassel5/5.2.37/lib/batik-gvt.jar:/software/7/apps/tassel5/5.2.37/lib/batik-gui-util.jar:/software/7/apps/tassel5/5.2.37/lib/batik-svggen.jar:/software/7/apps/tassel5/5.2.37/lib/htsjdk-1.138.jar:/software/7/apps/tassel5/5.2.37/lib/postgresql-9.4-1201.jdbc41.jar:/software/7/apps/tassel5/5.2.37/lib/snappy-java-1.1.1.6.jar:/software/7/apps/tassel5/5.2.37/lib/mail-1.4.jar:/software/7/apps/tassel5/5.2.37/lib/guava-19.0.jar:/software/7/apps/tassel5/5.2.37/lib/xercesImpl.jar:/software/7/apps/tassel5/5.2.37/lib/xmlParserAPIs.jar:/software/7/apps/tassel5/5.2.37/lib/batik-parser.jar:/software/7/apps/tassel5/5.2.37/lib/trove-3.0.3.jar:/software/7/apps/tassel5/5.2.37/lib/batik-xml.jar:/software/7/apps/tassel5/5.2.37/lib/batik-css.jar:/software/7/apps/tassel5/5.2.37/lib/biojava-alignment-4.0.0.jar:/software/7/apps/tassel5/5.2.37/lib/biojava-core-4.0.0.jar:/software/7/apps/tassel5/5.2.37/lib/commons-math3-3.4.1.jar:/software/7/apps/tassel5/5.2.37/lib/poi-3.0.1-FINAL-20070705.jar:/software/7/apps/tassel5/5.2.37/lib/itextpdf-5.1.0.jar:/software/7/apps/tassel5/5.2.37/lib/batik-util.jar:/software/7/apps/tassel5/5.2.37/lib/log4j-1.2.13.jar:/software/7/apps/tassel5/5.2.37/lib/slf4j-simple-1.7.10.jar:/software/7/apps/tassel5/5.2.37/lib/biojava-phylo-4.0.0.jar:/software/7/apps/tassel5/5.2.37/lib/jfreechart-1.0.19.jar:/software/7/apps/tassel5/5.2.37/lib/junit-4.10.jar:/software/7/apps/tassel5/5.2.37/sTASSEL.jar
Memory Settings: -Xms1G -Xmx48G
Tassel Pipeline Arguments: -fork1 -SNPQualityProfilerPlugin -db /project/cranberrygbs/cranberryHistoricalGBS//database/cranberry_gbs_discovery.db -statFile /project/cranberrygbs/cranberryHistoricalGBS//stats/snpStats.txt -deleteOldData true -endPlugin -runfork1
[main] INFO net.maizegenetics.tassel.TasselLogging - Tassel Version: 5.2.37  Date: April 6, 2017
[main] INFO net.maizegenetics.tassel.TasselLogging - Max Available Memory Reported by JVM: 43691 MB
[main] INFO net.maizegenetics.tassel.TasselLogging - Java Version: 1.8.0_121
[main] INFO net.maizegenetics.tassel.TasselLogging - OS: Linux
[main] INFO net.maizegenetics.tassel.TasselLogging - Number of Processors: 72
[main] INFO net.maizegenetics.pipeline.TasselPipeline - Tassel Pipeline Arguments: [-fork1, -SNPQualityProfilerPlugin, -db, /project/cranberrygbs/cranberryHistoricalGBS//database/cranberry_gbs_discovery.db, -statFile, /project/cranberrygbs/cranberryHistoricalGBS//stats/snpStats.txt, -deleteOldData, true, -endPlugin, -runfork1]
net.maizegenetics.analysis.gbs.v2.SNPQualityProfilerPlugin
[pool-1-thread-1] INFO net.maizegenetics.plugindef.AbstractPlugin - Starting net.maizegenetics.analysis.gbs.v2.SNPQualityProfilerPlugin: time: Mar 18, 2021 21:57:23
[pool-1-thread-1] INFO net.maizegenetics.plugindef.AbstractPlugin - 
SNPQualityProfilerPlugin Parameters
taxa: null
db: /project/cranberrygbs/cranberryHistoricalGBS//database/cranberry_gbs_discovery.db
tname: null
statFile: /project/cranberrygbs/cranberryHistoricalGBS//stats/snpStats.txt
deleteOldData: true

size of all tags in tag table=354811
size of all tissues in tissue table=0
size of all tags in mappingApproach table=2
size of all taxa in taxa table=1023
[pool-1-thread-1] INFO net.maizegenetics.analysis.gbs.v2.SNPQualityProfilerPlugin - deleteOldData is TRUE: Clearing existing snpQuality data
sublist
[0, 1, 2, 3, 4, 5, 6, 7, 8, 9, 10, 11, 12, 13, 14, 15, 16, 17, 18, 19, 20, 21, 22, 23, 24, 25, 26, 27, 28, 29, 30, 31, 32, 33, 34, 35, 36, 37, 38, 39, 40, 41, 42, 43, 44, 45, 46, 47, 48, 49, 50, 51, 52, 53, 54, 55, 56, 57, 58, 59, 60, 61, 62, 63, 64, 65, 66, 67, 68, 69, 70, 71, 72, 73, 74, 75, 76, 77, 78, 79, 80, 81, 82, 83, 84, 85, 86, 87, 88, 89, 90, 91, 92, 93, 94, 95, 96, 97, 98, 99, 100, 101, 102, 103, 104, 105, 106, 107, 108, 109, 110, 111, 112, 113, 114, 115, 116, 117, 118, 119, 120, 121, 122, 123, 124, 125, 126, 127, 128, 129, 130, 131, 132, 133, 134, 135, 136, 137, 138, 139, 140, 141, 142, 143, 144, 145, 146, 147, 148, 149, 150, 151, 152, 153, 154, 155, 156, 157, 158, 159, 160, 161, 162, 163, 164, 165, 166, 167, 168, 169, 170, 171, 172, 173, 174, 175, 176, 177, 178, 179, 180, 181, 182, 183, 184, 185, 186, 187, 188, 189, 190, 191, 192, 193, 194, 195, 196, 197, 198, 199, 200, 201, 202, 203, 204, 205, 206, 207, 208, 209, 210, 211, 212, 213, 214, 215, 216, 217, 218, 219, 220, 221, 222, 223, 224, 225, 226, 227, 228, 229, 230, 231, 232, 233, 234, 235, 236, 237, 238, 239, 240, 241, 242, 243, 244, 245, 246, 247, 248, 249, 250, 251, 252, 253, 254, 255, 256, 257, 258, 259, 260, 261, 262, 263, 264, 265, 266, 267, 268, 269, 270, 271, 272, 273, 274, 275, 276, 277, 278, 279, 280, 281, 282, 283, 284, 285, 286, 287, 288, 289, 290, 291, 292, 293, 294, 295, 296, 297, 298, 299, 300, 301, 302, 303, 304, 305, 306, 307, 308, 309, 310, 311, 312, 313, 314, 315, 316, 317, 318, 319, 320, 321, 322, 323, 324, 325, 326, 327, 328, 329, 330, 331, 332, 333, 334, 335, 336, 337, 338, 339, 340, 341, 342, 343, 344, 345, 346, 347, 348, 349, 350, 351, 352, 353, 354, 355, 356, 357, 358, 359, 360, 361, 362, 363, 364, 365, 366, 367, 368, 369, 370, 371, 372, 373, 374, 375, 376, 377, 378, 379, 380, 381, 382, 383, 384, 385, 386, 387, 388, 389, 390, 391, 392, 393, 394, 395, 396, 397, 398, 399, 400, 401, 402, 403, 404, 405, 406, 407, 408, 409, 410, 411, 412, 413, 414, 415, 416, 417, 418, 419, 420, 421, 422, 423, 424, 425, 426, 427, 428, 429, 430, 431, 432, 433, 434, 435, 436, 437, 438, 439, 440, 441, 442, 443, 444, 445, 446, 447, 448, 449, 450, 451, 452, 453, 454, 455, 456, 457, 458, 459, 460, 461, 462, 463, 464, 465, 466, 467, 468, 469, 470, 471, 472, 473, 474, 475, 476, 477, 478, 479, 480, 481, 482, 483, 484, 485, 486, 487, 488, 489, 490, 491, 492, 493, 494, 495, 496, 497, 498, 499, 500, 501, 502, 503, 504, 505, 506, 507, 508, 509, 510, 511, 512, 513, 514, 515, 516, 517, 518, 519, 520, 521, 522, 523, 524, 525, 526, 527, 528, 529, 530, 531, 532, 533, 534, 535, 536, 537, 538, 539, 540, 541, 542, 543, 544, 545, 546, 547, 548, 549, 550, 551, 552, 553, 554, 555, 556, 557, 558, 559, 560, 561, 562, 563, 564, 565, 566, 567, 568, 569, 570, 571, 572, 573, 574, 575, 576, 577, 578, 579, 580, 581, 582, 583, 584, 585, 586, 587, 588, 589, 590, 591, 592, 593, 594, 595, 596, 597, 598, 599, 600, 601, 602, 603, 604, 605, 606, 607, 608, 609, 610, 611, 612, 613, 614, 615, 616, 617, 618, 619, 620, 621, 622, 623, 624, 625, 626, 627, 628, 629, 630, 631, 632, 633, 634, 635, 636, 637, 638, 639, 640, 641, 642, 643, 644, 645, 646, 647, 648, 649, 650, 651, 652, 653, 654, 655, 656, 657, 658, 659, 660, 661, 662, 663, 664, 665, 666, 667, 668, 669, 670, 671, 672, 673, 674, 675, 676, 677, 678, 679, 680, 681, 682, 683, 684, 685, 686, 687, 688, 689, 690, 691, 692, 693, 694, 695, 696, 697, 698, 699, 700, 701, 702, 703, 704, 705, 706, 707, 708, 709, 710, 711, 712, 713, 714, 715, 716, 717, 718, 719, 720, 721, 722, 723, 724, 725, 726, 727, 728, 729, 730, 731, 732, 733, 734, 735, 736, 737, 738, 739, 740, 741, 742, 743, 744, 745, 746, 747, 748, 749, 750, 751, 752, 753, 754, 755, 756, 757, 758, 759, 760, 761, 762, 763, 764, 765, 766, 767, 768, 769, 770, 771, 772, 773, 774, 775, 776, 777, 778, 779, 780, 781, 782, 783, 784, 785, 786, 787, 788, 789, 790, 791, 792, 793, 794, 795, 796, 797, 798, 799, 800, 801, 802, 803, 804, 805, 806, 807, 808, 809, 810, 811, 812, 813, 814, 815, 816, 817, 818, 819, 820, 821, 822, 823, 824, 825, 826, 827, 828, 829, 830, 831, 832, 833, 834, 835, 836, 837, 838, 839, 840, 841, 842, 843, 844, 845, 846, 847, 848, 849, 850, 851, 852, 853, 854, 855, 856, 857, 858, 859, 860, 861, 862, 863, 864, 865, 866, 867, 868, 869, 870, 871, 872, 873, 874, 875, 876, 877, 878, 879, 880, 881, 882, 883, 884, 885, 886, 887, 888, 889, 890, 891, 892, 893, 894, 895, 896, 897, 898, 899, 900, 901, 902, 903, 904, 905, 906, 907, 908, 909, 910, 911, 912, 913, 914, 915, 916, 917, 918, 919, 920, 921, 922, 923, 924, 925, 926, 927, 928, 929, 930, 931, 932, 933, 934, 935, 936, 937, 938, 939, 940, 941, 942, 943, 944, 945, 946, 947, 948, 949, 950, 951, 952, 953, 954, 955, 956, 957, 958, 959, 960, 961, 962, 963, 964, 965, 966, 967, 968, 969, 970, 971, 972, 973, 974, 975, 976, 977, 978, 979, 980, 981, 982, 983, 984, 985, 986, 987, 988, 989, 990, 991, 992, 993, 994, 995, 996, 997, 998, 999, 1000, 1001, 1002, 1003, 1004, 1005, 1006, 1007, 1008, 1009, 1010, 1011, 1012, 1013, 1014, 1015, 1016, 1017, 1018, 1019, 1020, 1021, 1022]
size of all positions in snpPosition table=107808
Processing Positions between 0 and 10,000......DONE. Time: 5.661
Processing Positions between 10000 and 20000......DONE. Time: 8.714
Processing Positions between 20000 and 30000......DONE. Time: 11.738
Processing Positions between 30000 and 40000......DONE. Time: 14.668
Processing Positions between 40000 and 50000......DONE. Time: 17.683
Processing Positions between 50000 and 60000......DONE. Time: 20.724
Processing Positions between 60000 and 70000......DONE. Time: 23.535
Processing Positions between 70000 and 80000......DONE. Time: 26.708
Processing Positions between 80000 and 90000......DONE. Time: 29.695
Processing Positions between 90000 and 100000......DONE. Time: 32.552
Processing Positions between 100000 and 110000....DONE
Total Time: 35.447 seconds.
Processed 107808 positions.
Closing SQLDB
[pool-1-thread-1] INFO net.maizegenetics.plugindef.AbstractPlugin - Finished net.maizegenetics.analysis.gbs.v2.SNPQualityProfilerPlugin: time: Mar 18, 2021 21:58:0
[pool-1-thread-1] INFO net.maizegenetics.pipeline.TasselPipeline - net.maizegenetics.analysis.gbs.v2.SNPQualityProfilerPlugin: time: Mar 18, 2021 21:58:0: progress: 100%
[pool-1-thread-1] INFO net.maizegenetics.plugindef.AbstractPlugin - net.maizegenetics.analysis.gbs.v2.SNPQualityProfilerPlugin  Citation: Bradbury PJ, Zhang Z, Kroon DE, Casstevens TM, Ramdoss Y, Buckler ES. (2007) TASSEL: Software for association mapping of complex traits in diverse samples. Bioinformatics 23:2633-2635.
