/software/7/apps/tassel5/5.2.37/lib/commons-codec-1.10.jar:/software/7/apps/tassel5/5.2.37/lib/javax.json-1.0.4.jar:/software/7/apps/tassel5/5.2.37/lib/xml.jar:/software/7/apps/tassel5/5.2.37/lib/batik-awt-util.jar:/software/7/apps/tassel5/5.2.37/lib/json-simple-1.1.1.jar:/software/7/apps/tassel5/5.2.37/lib/colt.jar:/software/7/apps/tassel5/5.2.37/lib/ahocorasick-0.2.4.jar:/software/7/apps/tassel5/5.2.37/lib/batik-ext.jar:/software/7/apps/tassel5/5.2.37/lib/slf4j-api-1.7.10.jar:/software/7/apps/tassel5/5.2.37/lib/geronimo-spec-activation-1.0.2-rc4.jar:/software/7/apps/tassel5/5.2.37/lib/batik-svg-dom.jar:/software/7/apps/tassel5/5.2.37/lib/sqlite-jdbc-3.8.5-pre1.jar:/software/7/apps/tassel5/5.2.37/lib/jcommon-1.0.23.jar:/software/7/apps/tassel5/5.2.37/lib/batik-dom.jar:/software/7/apps/tassel5/5.2.37/lib/ejml-0.23.jar:/software/7/apps/tassel5/5.2.37/lib/cisd-jhdf5-batteries_included_lin_win_mac.jar:/software/7/apps/tassel5/5.2.37/lib/forester.jar:/software/7/apps/tassel5/5.2.37/lib/batik-gvt.jar:/software/7/apps/tassel5/5.2.37/lib/batik-gui-util.jar:/software/7/apps/tassel5/5.2.37/lib/batik-svggen.jar:/software/7/apps/tassel5/5.2.37/lib/htsjdk-1.138.jar:/software/7/apps/tassel5/5.2.37/lib/postgresql-9.4-1201.jdbc41.jar:/software/7/apps/tassel5/5.2.37/lib/snappy-java-1.1.1.6.jar:/software/7/apps/tassel5/5.2.37/lib/mail-1.4.jar:/software/7/apps/tassel5/5.2.37/lib/guava-19.0.jar:/software/7/apps/tassel5/5.2.37/lib/xercesImpl.jar:/software/7/apps/tassel5/5.2.37/lib/xmlParserAPIs.jar:/software/7/apps/tassel5/5.2.37/lib/batik-parser.jar:/software/7/apps/tassel5/5.2.37/lib/trove-3.0.3.jar:/software/7/apps/tassel5/5.2.37/lib/batik-xml.jar:/software/7/apps/tassel5/5.2.37/lib/batik-css.jar:/software/7/apps/tassel5/5.2.37/lib/biojava-alignment-4.0.0.jar:/software/7/apps/tassel5/5.2.37/lib/biojava-core-4.0.0.jar:/software/7/apps/tassel5/5.2.37/lib/commons-math3-3.4.1.jar:/software/7/apps/tassel5/5.2.37/lib/poi-3.0.1-FINAL-20070705.jar:/software/7/apps/tassel5/5.2.37/lib/itextpdf-5.1.0.jar:/software/7/apps/tassel5/5.2.37/lib/batik-util.jar:/software/7/apps/tassel5/5.2.37/lib/log4j-1.2.13.jar:/software/7/apps/tassel5/5.2.37/lib/slf4j-simple-1.7.10.jar:/software/7/apps/tassel5/5.2.37/lib/biojava-phylo-4.0.0.jar:/software/7/apps/tassel5/5.2.37/lib/jfreechart-1.0.19.jar:/software/7/apps/tassel5/5.2.37/lib/junit-4.10.jar:/software/7/apps/tassel5/5.2.37/sTASSEL.jar
Memory Settings: -Xms1G -Xmx48G
Tassel Pipeline Arguments: -fork1 -GBSSeqToTagDBPlugin -c 10 -db /project/cranberrygbs/cranberryHistoricalGBS//database/cranberry_gbs_discovery.db -i /project/cranberrygbs/cranberryHistoricalGBS//input -k /project/cranberrygbs/cranberryHistoricalGBS//input/cranberry_gbs_unique_keys_resolved_duplicates.txt -e EcoT22I -kmerLength 64 -minKmerL 20 -mnQS 20 -mxKmerNum 100000000 -endPlugin -runfork1
[main] INFO net.maizegenetics.tassel.TasselLogging - Tassel Version: 5.2.37  Date: April 6, 2017
[main] INFO net.maizegenetics.tassel.TasselLogging - Max Available Memory Reported by JVM: 43691 MB
[main] INFO net.maizegenetics.tassel.TasselLogging - Java Version: 1.8.0_121
[main] INFO net.maizegenetics.tassel.TasselLogging - OS: Linux
[main] INFO net.maizegenetics.tassel.TasselLogging - Number of Processors: 72
[main] INFO net.maizegenetics.pipeline.TasselPipeline - Tassel Pipeline Arguments: [-fork1, -GBSSeqToTagDBPlugin, -c, 10, -db, /project/cranberrygbs/cranberryHistoricalGBS//database/cranberry_gbs_discovery.db, -i, /project/cranberrygbs/cranberryHistoricalGBS//input, -k, /project/cranberrygbs/cranberryHistoricalGBS//input/cranberry_gbs_unique_keys_resolved_duplicates.txt, -e, EcoT22I, -kmerLength, 64, -minKmerL, 20, -mnQS, 20, -mxKmerNum, 100000000, -endPlugin, -runfork1]
net.maizegenetics.analysis.gbs.v2.GBSSeqToTagDBPlugin
[pool-1-thread-1] INFO net.maizegenetics.plugindef.AbstractPlugin - Starting net.maizegenetics.analysis.gbs.v2.GBSSeqToTagDBPlugin: time: Apr 15, 2021 13:53:52
Enzyme: EcoT22I
[pool-1-thread-1] INFO net.maizegenetics.plugindef.AbstractPlugin - 
GBSSeqToTagDBPlugin Parameters
i: /project/cranberrygbs/cranberryHistoricalGBS//input
k: /project/cranberrygbs/cranberryHistoricalGBS//input/cranberry_gbs_unique_keys_resolved_duplicates.txt
e: EcoT22I
kmerLength: 64
minKmerL: 20
c: 10
db: /project/cranberrygbs/cranberryHistoricalGBS//database/cranberry_gbs_discovery.db
mnQS: 20
mxKmerNum: 100000000
batchSize: 8
deleteOldData: true

Found 13 files to process
size of all tags in tag table=0
size of all tissues in tissue table=0
size of all tags in mappingApproach table=0
size of all taxa in taxa table=0

Start processing batch 1
Enzyme: EcoT22I
[ForkJoinPool.commonPool-worker-86] INFO net.maizegenetics.analysis.gbs.v2.GBSSeqToTagDBPlugin - processing file /project/cranberrygbs/cranberryHistoricalGBS/input/fastq_files/C8BNLANXX_2_fastq.gz
Enzyme: EcoT22I
[pool-1-thread-1] INFO net.maizegenetics.analysis.gbs.v2.GBSSeqToTagDBPlugin - processing file /project/cranberrygbs/cranberryHistoricalGBS/input/fastq_files/C8BNLANXX_4_fastq.gz
Enzyme: EcoT22I
[ForkJoinPool.commonPool-worker-100] INFO net.maizegenetics.analysis.gbs.v2.GBSSeqToTagDBPlugin - processing file /project/cranberrygbs/cranberryHistoricalGBS/input/fastq_files/C511KACXX_2_fastq.gz
Enzyme: EcoT22I
Enzyme: EcoT22I
[ForkJoinPool.commonPool-worker-15] INFO net.maizegenetics.analysis.gbs.v2.GBSSeqToTagDBPlugin - processing file /project/cranberrygbs/cranberryHistoricalGBS/input/fastq_files/C50VDACXX_6_fastq.gz
[ForkJoinPool.commonPool-worker-57] INFO net.maizegenetics.analysis.gbs.v2.GBSSeqToTagDBPlugin - processing file /project/cranberrygbs/cranberryHistoricalGBS/input/fastq_files/C50VDACXX_7_fastq.gz
[ForkJoinPool.commonPool-worker-15] INFO net.maizegenetics.analysis.gbs.v2.GBSUtils - /project/cranberrygbs/cranberryHistoricalGBS/input/fastq_files/C50VDACXX_6_fastq.gz: Quality score base:33
Enzyme: EcoT22I
[ForkJoinPool.commonPool-worker-114] INFO net.maizegenetics.analysis.gbs.v2.GBSSeqToTagDBPlugin - processing file /project/cranberrygbs/cranberryHistoricalGBS/input/fastq_files/C50VDACXX_5_fastq.gz
Enzyme: EcoT22I
[ForkJoinPool.commonPool-worker-29] INFO net.maizegenetics.analysis.gbs.v2.GBSSeqToTagDBPlugin - processing file /project/cranberrygbs/cranberryHistoricalGBS/input/fastq_files/C8BNLANXX_3_fastq.gz
Enzyme: EcoT22I
[ForkJoinPool.commonPool-worker-43] INFO net.maizegenetics.analysis.gbs.v2.GBSSeqToTagDBPlugin - processing file /project/cranberrygbs/cranberryHistoricalGBS/input/fastq_files/C574FACXX_2_fastq.gz
[ForkJoinPool.commonPool-worker-86] INFO net.maizegenetics.analysis.gbs.v2.GBSUtils - /project/cranberrygbs/cranberryHistoricalGBS/input/fastq_files/C8BNLANXX_2_fastq.gz: Quality score base:33
[ForkJoinPool.commonPool-worker-100] INFO net.maizegenetics.analysis.gbs.v2.GBSUtils - /project/cranberrygbs/cranberryHistoricalGBS/input/fastq_files/C511KACXX_2_fastq.gz: Quality score base:33
[ForkJoinPool.commonPool-worker-29] INFO net.maizegenetics.analysis.gbs.v2.GBSUtils - /project/cranberrygbs/cranberryHistoricalGBS/input/fastq_files/C8BNLANXX_3_fastq.gz: Quality score base:33
[ForkJoinPool.commonPool-worker-114] INFO net.maizegenetics.analysis.gbs.v2.GBSUtils - /project/cranberrygbs/cranberryHistoricalGBS/input/fastq_files/C50VDACXX_5_fastq.gz: Quality score base:33
[pool-1-thread-1] INFO net.maizegenetics.analysis.gbs.v2.GBSUtils - /project/cranberrygbs/cranberryHistoricalGBS/input/fastq_files/C8BNLANXX_4_fastq.gz: Quality score base:33
[ForkJoinPool.commonPool-worker-43] INFO net.maizegenetics.analysis.gbs.v2.GBSUtils - /project/cranberrygbs/cranberryHistoricalGBS/input/fastq_files/C574FACXX_2_fastq.gz: Quality score base:33
[ForkJoinPool.commonPool-worker-57] INFO net.maizegenetics.analysis.gbs.v2.GBSUtils - /project/cranberrygbs/cranberryHistoricalGBS/input/fastq_files/C50VDACXX_7_fastq.gz: Quality score base:33
[ForkJoinPool.commonPool-worker-43] INFO net.maizegenetics.analysis.gbs.v2.GBSSeqToTagDBPlugin - Total Reads:10000000 Reads with barcode and cut site overhang:6638523 rate:5733 ns/read. Current tag count:1182088
[pool-1-thread-1] INFO net.maizegenetics.analysis.gbs.v2.GBSSeqToTagDBPlugin - Total Reads:10000000 Reads with barcode and cut site overhang:5013169 rate:5961 ns/read. Current tag count:1228889
[ForkJoinPool.commonPool-worker-15] INFO net.maizegenetics.analysis.gbs.v2.GBSSeqToTagDBPlugin - Total Reads:10000000 Reads with barcode and cut site overhang:4459739 rate:6296 ns/read. Current tag count:1303866
[ForkJoinPool.commonPool-worker-86] INFO net.maizegenetics.analysis.gbs.v2.GBSSeqToTagDBPlugin - Total Reads:20000000 Reads with barcode and cut site overhang:9769257 rate:5001 ns/read. Current tag count:1798684
[ForkJoinPool.commonPool-worker-57] INFO net.maizegenetics.analysis.gbs.v2.GBSSeqToTagDBPlugin - Total Reads:20000000 Reads with barcode and cut site overhang:8729171 rate:5515 ns/read. Current tag count:1921487
[ForkJoinPool.commonPool-worker-100] INFO net.maizegenetics.analysis.gbs.v2.GBSSeqToTagDBPlugin - Total Reads:20000000 Reads with barcode and cut site overhang:12212109 rate:6133 ns/read. Current tag count:2126747
[ForkJoinPool.commonPool-worker-43] INFO net.maizegenetics.analysis.gbs.v2.GBSSeqToTagDBPlugin - Total Reads:30000000 Reads with barcode and cut site overhang:18956477 rate:5568 ns/read. Current tag count:2592469
[ForkJoinPool.commonPool-worker-100] INFO net.maizegenetics.analysis.gbs.v2.GBSSeqToTagDBPlugin - Total Reads:30000000 Reads with barcode and cut site overhang:17577583 rate:6079 ns/read. Current tag count:2735529
[pool-1-thread-1] INFO net.maizegenetics.analysis.gbs.v2.GBSSeqToTagDBPlugin - Total Reads:40000000 Reads with barcode and cut site overhang:19100969 rate:4865 ns/read. Current tag count:2872668
[ForkJoinPool.commonPool-worker-29] INFO net.maizegenetics.analysis.gbs.v2.GBSSeqToTagDBPlugin - Total Reads:50000000 Reads with barcode and cut site overhang:22820640 rate:4759 ns/read. Current tag count:3156097
[pool-1-thread-1] INFO net.maizegenetics.analysis.gbs.v2.GBSSeqToTagDBPlugin - Total Reads:50000000 Reads with barcode and cut site overhang:24612831 rate:5004 ns/read. Current tag count:3268885
[ForkJoinPool.commonPool-worker-114] INFO net.maizegenetics.analysis.gbs.v2.GBSSeqToTagDBPlugin - Total Reads:50000000 Reads with barcode and cut site overhang:22418394 rate:5459 ns/read. Current tag count:3460120
[ForkJoinPool.commonPool-worker-57] INFO net.maizegenetics.analysis.gbs.v2.GBSSeqToTagDBPlugin - Total Reads:60000000 Reads with barcode and cut site overhang:17375186 rate:4775 ns/read. Current tag count:3594433
[ForkJoinPool.commonPool-worker-100] INFO net.maizegenetics.analysis.gbs.v2.GBSSeqToTagDBPlugin - Total Reads:50000000 Reads with barcode and cut site overhang:26597653 rate:5873 ns/read. Current tag count:3652514
[pool-1-thread-1] INFO net.maizegenetics.analysis.gbs.v2.GBSSeqToTagDBPlugin - Total Reads:60000000 Reads with barcode and cut site overhang:30114156 rate:4940 ns/read. Current tag count:3674126
[ForkJoinPool.commonPool-worker-86] INFO net.maizegenetics.analysis.gbs.v2.GBSSeqToTagDBPlugin - Total Reads:70000000 Reads with barcode and cut site overhang:30482587 rate:4748 ns/read. Current tag count:3885774
[ForkJoinPool.commonPool-worker-114] INFO net.maizegenetics.analysis.gbs.v2.GBSSeqToTagDBPlugin - Total Reads:60000000 Reads with barcode and cut site overhang:28092451 rate:5622 ns/read. Current tag count:3951516
[ForkJoinPool.commonPool-worker-100] INFO net.maizegenetics.analysis.gbs.v2.GBSSeqToTagDBPlugin - Total Reads:60000000 Reads with barcode and cut site overhang:32889600 rate:5978 ns/read. Current tag count:4147482
[ForkJoinPool.commonPool-worker-43] INFO net.maizegenetics.analysis.gbs.v2.GBSSeqToTagDBPlugin - Total Reads:70000000 Reads with barcode and cut site overhang:41012520 rate:5346 ns/read. Current tag count:4268706
[ForkJoinPool.commonPool-worker-114] INFO net.maizegenetics.analysis.gbs.v2.GBSSeqToTagDBPlugin - Total Reads:70000000 Reads with barcode and cut site overhang:33108876 rate:5513 ns/read. Current tag count:4355316
[pool-1-thread-1] INFO net.maizegenetics.analysis.gbs.v2.GBSSeqToTagDBPlugin - Total Reads:80000000 Reads with barcode and cut site overhang:41306311 rate:5076 ns/read. Current tag count:4519265
[ForkJoinPool.commonPool-worker-86] INFO net.maizegenetics.analysis.gbs.v2.GBSSeqToTagDBPlugin - Total Reads:90000000 Reads with barcode and cut site overhang:39919355 rate:4816 ns/read. Current tag count:4628427
[ForkJoinPool.commonPool-worker-114] INFO net.maizegenetics.analysis.gbs.v2.GBSSeqToTagDBPlugin - Total Reads:80000000 Reads with barcode and cut site overhang:37323192 rate:5521 ns/read. Current tag count:4676880
[pool-1-thread-1] INFO net.maizegenetics.analysis.gbs.v2.GBSSeqToTagDBPlugin - Total Reads:90000000 Reads with barcode and cut site overhang:46257658 rate:5163 ns/read. Current tag count:4787314
[ForkJoinPool.commonPool-worker-57] INFO net.maizegenetics.analysis.gbs.v2.GBSSeqToTagDBPlugin - Total Reads:100000000 Reads with barcode and cut site overhang:26000072 rate:4710 ns/read. Current tag count:4820887
[ForkJoinPool.commonPool-worker-100] INFO net.maizegenetics.analysis.gbs.v2.GBSSeqToTagDBPlugin - Total Reads:80000000 Reads with barcode and cut site overhang:44152996 rate:5918 ns/read. Current tag count:4830890
[ForkJoinPool.commonPool-worker-43] INFO net.maizegenetics.analysis.gbs.v2.GBSSeqToTagDBPlugin - Total Reads:90000000 Reads with barcode and cut site overhang:49043259 rate:5260 ns/read. Current tag count:4830981
[ForkJoinPool.commonPool-worker-86] INFO net.maizegenetics.analysis.gbs.v2.GBSSeqToTagDBPlugin - Total Reads:100000000 Reads with barcode and cut site overhang:44613402 rate:4820 ns/read. Current tag count:4874058
[ForkJoinPool.commonPool-worker-15] INFO net.maizegenetics.analysis.gbs.v2.GBSSeqToTagDBPlugin - Total Reads:110000000 Reads with barcode and cut site overhang:24030262 rate:4441 ns/read. Current tag count:4917940
[pool-1-thread-1] INFO net.maizegenetics.analysis.gbs.v2.GBSSeqToTagDBPlugin - Total Reads:100000000 Reads with barcode and cut site overhang:51440053 rate:5175 ns/read. Current tag count:5047975
[ForkJoinPool.commonPool-worker-43] INFO net.maizegenetics.analysis.gbs.v2.GBSSeqToTagDBPlugin - Total Reads:100000000 Reads with barcode and cut site overhang:55797347 rate:5289 ns/read. Current tag count:5110530
[ForkJoinPool.commonPool-worker-86] INFO net.maizegenetics.analysis.gbs.v2.GBSSeqToTagDBPlugin - Total Reads:110000000 Reads with barcode and cut site overhang:49733517 rate:4841 ns/read. Current tag count:5133316
[ForkJoinPool.commonPool-worker-29] INFO net.maizegenetics.analysis.gbs.v2.GBSSeqToTagDBPlugin - Total Reads:110000000 Reads with barcode and cut site overhang:49442111 rate:4866 ns/read. Current tag count:5146588
[pool-1-thread-1] INFO net.maizegenetics.analysis.gbs.v2.GBSSeqToTagDBPlugin - Total Reads:110000000 Reads with barcode and cut site overhang:56952186 rate:5302 ns/read. Current tag count:5323261
[ForkJoinPool.commonPool-worker-86] INFO net.maizegenetics.analysis.gbs.v2.GBSSeqToTagDBPlugin - Total Reads:120000000 Reads with barcode and cut site overhang:55097561 rate:4934 ns/read. Current tag count:5386258
[ForkJoinPool.commonPool-worker-29] INFO net.maizegenetics.analysis.gbs.v2.GBSSeqToTagDBPlugin - Total Reads:120000000 Reads with barcode and cut site overhang:54912716 rate:4936 ns/read. Current tag count:5388768
[ForkJoinPool.commonPool-worker-43] INFO net.maizegenetics.analysis.gbs.v2.GBSSeqToTagDBPlugin - Total Reads:110000000 Reads with barcode and cut site overhang:62790503 rate:5446 ns/read. Current tag count:5425340
[pool-1-thread-1] INFO net.maizegenetics.analysis.gbs.v2.GBSSeqToTagDBPlugin - Total Reads:120000000 Reads with barcode and cut site overhang:62324830 rate:5272 ns/read. Current tag count:5573405
[ForkJoinPool.commonPool-worker-86] INFO net.maizegenetics.analysis.gbs.v2.GBSSeqToTagDBPlugin - Total Reads:130000000 Reads with barcode and cut site overhang:60408829 rate:4898 ns/read. Current tag count:5591744
[ForkJoinPool.commonPool-worker-29] INFO net.maizegenetics.analysis.gbs.v2.GBSSeqToTagDBPlugin - Total Reads:130000000 Reads with barcode and cut site overhang:60165705 rate:4916 ns/read. Current tag count:5601947
[ForkJoinPool.commonPool-worker-15] INFO net.maizegenetics.analysis.gbs.v2.GBSSeqToTagDBPlugin - Total Reads:150000000 Reads with barcode and cut site overhang:29538780 rate:4322 ns/read. Current tag count:5641171
[ForkJoinPool.commonPool-worker-100] INFO net.maizegenetics.analysis.gbs.v2.GBSSeqToTagDBPlugin - Total Reads:110000000 Reads with barcode and cut site overhang:61302350 rate:5955 ns/read. Current tag count:5671969
[ForkJoinPool.commonPool-worker-114] INFO net.maizegenetics.analysis.gbs.v2.GBSSeqToTagDBPlugin - Total Reads:120000000 Reads with barcode and cut site overhang:52728423 rate:5550 ns/read. Current tag count:5713602
[ForkJoinPool.commonPool-worker-86] INFO net.maizegenetics.analysis.gbs.v2.GBSSeqToTagDBPlugin - Total Reads:140000000 Reads with barcode and cut site overhang:65816748 rate:4923 ns/read. Current tag count:5812838
[ForkJoinPool.commonPool-worker-29] INFO net.maizegenetics.analysis.gbs.v2.GBSSeqToTagDBPlugin - Total Reads:140000000 Reads with barcode and cut site overhang:64867859 rate:4997 ns/read. Current tag count:5827472
[ForkJoinPool.commonPool-worker-57] INFO net.maizegenetics.analysis.gbs.v2.GBSSeqToTagDBPlugin - Total Reads:150000000 Reads with barcode and cut site overhang:35909473 rate:4752 ns/read. Current tag count:5874264
[ForkJoinPool.commonPool-worker-100] INFO net.maizegenetics.analysis.gbs.v2.GBSSeqToTagDBPlugin - Total Reads:120000000 Reads with barcode and cut site overhang:67052947 rate:6041 ns/read. Current tag count:5919686
[ForkJoinPool.commonPool-worker-86] INFO net.maizegenetics.analysis.gbs.v2.GBSSeqToTagDBPlugin - Total Reads:150000000 Reads with barcode and cut site overhang:70851965 rate:4998 ns/read. Current tag count:6019212
[ForkJoinPool.commonPool-worker-29] INFO net.maizegenetics.analysis.gbs.v2.GBSSeqToTagDBPlugin - Total Reads:150000000 Reads with barcode and cut site overhang:69602415 rate:5035 ns/read. Current tag count:6039628
[ForkJoinPool.commonPool-worker-43] INFO net.maizegenetics.analysis.gbs.v2.GBSSeqToTagDBPlugin - Total Reads:140000000 Reads with barcode and cut site overhang:77163422 rate:5454 ns/read. Current tag count:6074071
[ForkJoinPool.commonPool-worker-15] INFO net.maizegenetics.analysis.gbs.v2.GBSSeqToTagDBPlugin - Total Reads:170000000 Reads with barcode and cut site overhang:38425958 rate:4563 ns/read. Current tag count:6123100
[ForkJoinPool.commonPool-worker-57] INFO net.maizegenetics.analysis.gbs.v2.GBSSeqToTagDBPlugin - Total Reads:160000000 Reads with barcode and cut site overhang:40784107 rate:4852 ns/read. Current tag count:6127187
[ForkJoinPool.commonPool-worker-114] INFO net.maizegenetics.analysis.gbs.v2.GBSSeqToTagDBPlugin - Total Reads:140000000 Reads with barcode and cut site overhang:58959994 rate:5585 ns/read. Current tag count:6148216
[ForkJoinPool.commonPool-worker-43] INFO net.maizegenetics.analysis.gbs.v2.GBSSeqToTagDBPlugin - Total Reads:150000000 Reads with barcode and cut site overhang:83913285 rate:5503 ns/read. Current tag count:6307852
[pool-1-thread-1] INFO net.maizegenetics.analysis.gbs.v2.GBSSeqToTagDBPlugin - Total Reads:160000000 Reads with barcode and cut site overhang:82019447 rate:5445 ns/read. Current tag count:6443570
[ForkJoinPool.commonPool-worker-29] INFO net.maizegenetics.analysis.gbs.v2.GBSSeqToTagDBPlugin - Total Reads:170000000 Reads with barcode and cut site overhang:78622860 rate:5135 ns/read. Current tag count:6449582
[ForkJoinPool.commonPool-worker-15] INFO net.maizegenetics.analysis.gbs.v2.GBSSeqToTagDBPlugin - Total Reads:200000000 Reads with barcode and cut site overhang:41618265 rate:4426 ns/read. Current tag count:6504746
[ForkJoinPool.commonPool-worker-43] INFO net.maizegenetics.analysis.gbs.v2.GBSSeqToTagDBPlugin - Total Reads:160000000 Reads with barcode and cut site overhang:90530424 rate:5574 ns/read. Current tag count:6538887
[ForkJoinPool.commonPool-worker-86] INFO net.maizegenetics.analysis.gbs.v2.GBSSeqToTagDBPlugin - Total Reads:180000000 Reads with barcode and cut site overhang:86216231 rate:5031 ns/read. Current tag count:6605460
[ForkJoinPool.commonPool-worker-100] INFO net.maizegenetics.analysis.gbs.v2.GBSSeqToTagDBPlugin - Total Reads:150000000 Reads with barcode and cut site overhang:82982503 rate:6097 ns/read. Current tag count:6647898
[ForkJoinPool.commonPool-worker-29] INFO net.maizegenetics.analysis.gbs.v2.GBSSeqToTagDBPlugin - Total Reads:180000000 Reads with barcode and cut site overhang:84480227 rate:5082 ns/read. Current tag count:6649439
[ForkJoinPool.commonPool-worker-15] INFO net.maizegenetics.analysis.gbs.v2.GBSSeqToTagDBPlugin - Total Reads:210000000 Reads with barcode and cut site overhang:46048006 rate:4444 ns/read. Current tag count:6721485
[ForkJoinPool.commonPool-worker-57] INFO net.maizegenetics.analysis.gbs.v2.GBSSeqToTagDBPlugin - Total Reads:200000000 Reads with barcode and cut site overhang:48614944 rate:4735 ns/read. Current tag count:6778238
[ForkJoinPool.commonPool-worker-114] INFO net.maizegenetics.analysis.gbs.v2.GBSSeqToTagDBPlugin - Total Reads:170000000 Reads with barcode and cut site overhang:74690381 rate:5659 ns/read. Current tag count:6843890
[pool-1-thread-1] INFO net.maizegenetics.analysis.gbs.v2.GBSSeqToTagDBPlugin - Total Reads:180000000 Reads with barcode and cut site overhang:93159129 rate:5357 ns/read. Current tag count:6852592
[ForkJoinPool.commonPool-worker-100] INFO net.maizegenetics.analysis.gbs.v2.GBSSeqToTagDBPlugin - Total Reads:160000000 Reads with barcode and cut site overhang:88781371 rate:6075 ns/read. Current tag count:6880927
[pool-1-thread-1] INFO net.maizegenetics.analysis.gbs.v2.GBSSeqToTagDBPlugin - Total Reads:200000000 Reads with barcode and cut site overhang:103669061 rate:5527 ns/read. Current tag count:7248625
[ForkJoinPool.commonPool-worker-29] INFO net.maizegenetics.analysis.gbs.v2.GBSSeqToTagDBPlugin - Total Reads:210000000 Reads with barcode and cut site overhang:101146003 rate:5294 ns/read. Current tag count:7271984
[ForkJoinPool.commonPool-worker-100] INFO net.maizegenetics.analysis.gbs.v2.GBSSeqToTagDBPlugin - Total Reads:180000000 Reads with barcode and cut site overhang:96670860 rate:6180 ns/read. Current tag count:7272378
[ForkJoinPool.commonPool-worker-15] INFO net.maizegenetics.analysis.gbs.v2.GBSSeqToTagDBPlugin - Total Reads:250000000 Reads with barcode and cut site overhang:51687120 rate:4462 ns/read. Current tag count:7286630
[pool-1-thread-1] INFO net.maizegenetics.analysis.gbs.v2.GBSSeqToTagDBPlugin - Total Reads:210000000 Reads with barcode and cut site overhang:109492947 rate:5491 ns/read. Current tag count:7426458
[ForkJoinPool.commonPool-worker-86] INFO net.maizegenetics.analysis.gbs.v2.GBSSeqToTagDBPlugin - Total Reads:230000000 Reads with barcode and cut site overhang:109718963 rate:5083 ns/read. Current tag count:7480097
[ForkJoinPool.commonPool-worker-57] INFO net.maizegenetics.analysis.gbs.v2.GBSSeqToTagDBPlugin - Total Reads:250000000 Reads with barcode and cut site overhang:61598785 rate:4756 ns/read. Current tag count:7559853
[pool-1-thread-1] INFO net.maizegenetics.analysis.gbs.v2.GBSSeqToTagDBPlugin - Total Reads:220000000 Reads with barcode and cut site overhang:115246440 rate:5539 ns/read. Current tag count:7626653
[ForkJoinPool.commonPool-worker-29] INFO net.maizegenetics.analysis.gbs.v2.GBSSeqToTagDBPlugin - Total Reads:230000000 Reads with barcode and cut site overhang:113333159 rate:5311 ns/read. Current tag count:7639298
[ForkJoinPool.commonPool-worker-114] INFO net.maizegenetics.analysis.gbs.v2.GBSSeqToTagDBPlugin - Total Reads:210000000 Reads with barcode and cut site overhang:91073723 rate:5833 ns/read. Current tag count:7649871
[ForkJoinPool.commonPool-worker-86] INFO net.maizegenetics.analysis.gbs.v2.GBSSeqToTagDBPlugin - Total Reads:240000000 Reads with barcode and cut site overhang:114528053 rate:5117 ns/read. Current tag count:7657551
[ForkJoinPool.commonPool-worker-100] INFO net.maizegenetics.analysis.gbs.v2.GBSSeqToTagDBPlugin - Total Reads:200000000 Reads with barcode and cut site overhang:109580242 rate:6202 ns/read. Current tag count:7702913
[pool-1-thread-1] INFO net.maizegenetics.analysis.gbs.v2.GBSSeqToTagDBPlugin - Total Reads:230000000 Reads with barcode and cut site overhang:121007790 rate:5510 ns/read. Current tag count:7791858
[ForkJoinPool.commonPool-worker-86] INFO net.maizegenetics.analysis.gbs.v2.GBSSeqToTagDBPlugin - Total Reads:250000000 Reads with barcode and cut site overhang:118625478 rate:5090 ns/read. Current tag count:7808076
[ForkJoinPool.commonPool-worker-43] INFO net.maizegenetics.analysis.gbs.v2.GBSSeqToTagDBPlugin - Total Reads:230000000 Reads with barcode and cut site overhang:121812292 rate:5569 ns/read. Current tag count:7837169
[ForkJoinPool.commonPool-worker-15] INFO net.maizegenetics.analysis.gbs.v2.GBSSeqToTagDBPlugin - Summary for /project/cranberrygbs/cranberryHistoricalGBS/input/fastq_files/C50VDACXX_6_fastq.gz
Total number of reads in lane=298516524
Total number of good barcoded reads=60599716
Total number of low quality reads=86906693
Timing process (sorting, collapsing, and writing TagCount to file).
Process took 1288149.745294 milliseconds.
tagCntMap size: 7861101
[ForkJoinPool.commonPool-worker-100] INFO net.maizegenetics.analysis.gbs.v2.GBSSeqToTagDBPlugin - Total Reads:210000000 Reads with barcode and cut site overhang:115486846 rate:6201 ns/read. Current tag count:7905207
[ForkJoinPool.commonPool-worker-114] INFO net.maizegenetics.analysis.gbs.v2.GBSSeqToTagDBPlugin - Total Reads:230000000 Reads with barcode and cut site overhang:99301298 rate:5753 ns/read. Current tag count:7972694
[ForkJoinPool.commonPool-worker-100] INFO net.maizegenetics.analysis.gbs.v2.GBSSeqToTagDBPlugin - Total Reads:220000000 Reads with barcode and cut site overhang:120178422 rate:6141 ns/read. Current tag count:8049919
[ForkJoinPool.commonPool-worker-86] INFO net.maizegenetics.analysis.gbs.v2.GBSSeqToTagDBPlugin - Total Reads:270000000 Reads with barcode and cut site overhang:127368930 rate:5045 ns/read. Current tag count:8080097
[ForkJoinPool.commonPool-worker-29] INFO net.maizegenetics.analysis.gbs.v2.GBSSeqToTagDBPlugin - Total Reads:260000000 Reads with barcode and cut site overhang:130703557 rate:5242 ns/read. Current tag count:8083026
[pool-1-thread-1] INFO net.maizegenetics.analysis.gbs.v2.GBSSeqToTagDBPlugin - Total Reads:250000000 Reads with barcode and cut site overhang:132254141 rate:5486 ns/read. Current tag count:8107184
[ForkJoinPool.commonPool-worker-57] INFO net.maizegenetics.analysis.gbs.v2.GBSSeqToTagDBPlugin - Summary for /project/cranberrygbs/cranberryHistoricalGBS/input/fastq_files/C50VDACXX_7_fastq.gz
Total number of reads in lane=295267589
Total number of good barcoded reads=71026010
Total number of low quality reads=89305526
Timing process (sorting, collapsing, and writing TagCount to file).
Process took 1380489.642908 milliseconds.
tagCntMap size: 8136048
[ForkJoinPool.commonPool-worker-43] INFO net.maizegenetics.analysis.gbs.v2.GBSSeqToTagDBPlugin - Total Reads:250000000 Reads with barcode and cut site overhang:135373788 rate:5538 ns/read. Current tag count:8149322
[ForkJoinPool.commonPool-worker-100] INFO net.maizegenetics.analysis.gbs.v2.GBSSeqToTagDBPlugin - Total Reads:230000000 Reads with barcode and cut site overhang:125027199 rate:6220 ns/read. Current tag count:8195779
[ForkJoinPool.commonPool-worker-86] INFO net.maizegenetics.analysis.gbs.v2.GBSSeqToTagDBPlugin - Total Reads:280000000 Reads with barcode and cut site overhang:131890449 rate:5123 ns/read. Current tag count:8208381
[ForkJoinPool.commonPool-worker-29] INFO net.maizegenetics.analysis.gbs.v2.GBSSeqToTagDBPlugin - Total Reads:270000000 Reads with barcode and cut site overhang:136749952 rate:5323 ns/read. Current tag count:8216634
[ForkJoinPool.commonPool-worker-114] INFO net.maizegenetics.analysis.gbs.v2.GBSSeqToTagDBPlugin - Total Reads:250000000 Reads with barcode and cut site overhang:105763429 rate:5761 ns/read. Current tag count:8225684
[ForkJoinPool.commonPool-worker-100] INFO net.maizegenetics.analysis.gbs.v2.GBSSeqToTagDBPlugin - Total Reads:240000000 Reads with barcode and cut site overhang:131642613 rate:6165 ns/read. Current tag count:8355894
[pool-1-thread-1] INFO net.maizegenetics.analysis.gbs.v2.GBSSeqToTagDBPlugin - Total Reads:270000000 Reads with barcode and cut site overhang:143531942 rate:5506 ns/read. Current tag count:8381570
[ForkJoinPool.commonPool-worker-114] INFO net.maizegenetics.analysis.gbs.v2.GBSSeqToTagDBPlugin - Total Reads:260000000 Reads with barcode and cut site overhang:111508866 rate:5729 ns/read. Current tag count:8390987
[ForkJoinPool.commonPool-worker-86] INFO net.maizegenetics.analysis.gbs.v2.GBSSeqToTagDBPlugin - Summary for /project/cranberrygbs/cranberryHistoricalGBS/input/fastq_files/C8BNLANXX_2_fastq.gz
Total number of reads in lane=297741593
Total number of good barcoded reads=137332912
Total number of low quality reads=92039050
Timing process (sorting, collapsing, and writing TagCount to file).
Process took 1502199.158062 milliseconds.
tagCntMap size: 8423203
[ForkJoinPool.commonPool-worker-43] INFO net.maizegenetics.analysis.gbs.v2.GBSSeqToTagDBPlugin - Total Reads:270000000 Reads with barcode and cut site overhang:144988890 rate:5569 ns/read. Current tag count:8428238
[ForkJoinPool.commonPool-worker-43] INFO net.maizegenetics.analysis.gbs.v2.GBSSeqToTagDBPlugin - Summary for /project/cranberrygbs/cranberryHistoricalGBS/input/fastq_files/C574FACXX_2_fastq.gz
Total number of reads in lane=272626313
Total number of good barcoded reads=145663306
Total number of low quality reads=76528781
Timing process (sorting, collapsing, and writing TagCount to file).
Process took 1513598.239975 milliseconds.
tagCntMap size: 8448921
[ForkJoinPool.commonPool-worker-29] INFO net.maizegenetics.analysis.gbs.v2.GBSSeqToTagDBPlugin - Total Reads:290000000 Reads with barcode and cut site overhang:147655744 rate:5244 ns/read. Current tag count:8464940
[pool-1-thread-1] INFO net.maizegenetics.analysis.gbs.v2.GBSSeqToTagDBPlugin - Total Reads:280000000 Reads with barcode and cut site overhang:149017162 rate:5450 ns/read. Current tag count:8476297
[ForkJoinPool.commonPool-worker-100] INFO net.maizegenetics.analysis.gbs.v2.GBSSeqToTagDBPlugin - Total Reads:250000000 Reads with barcode and cut site overhang:137785655 rate:6108 ns/read. Current tag count:8478504
[ForkJoinPool.commonPool-worker-29] INFO net.maizegenetics.analysis.gbs.v2.GBSSeqToTagDBPlugin - Summary for /project/cranberrygbs/cranberryHistoricalGBS/input/fastq_files/C8BNLANXX_3_fastq.gz
Total number of reads in lane=292793875
Total number of good barcoded reads=148928741
Total number of low quality reads=104532463
Timing process (sorting, collapsing, and writing TagCount to file).
Process took 1530460.999784 milliseconds.
tagCntMap size: 8486532
[ForkJoinPool.commonPool-worker-114] INFO net.maizegenetics.analysis.gbs.v2.GBSSeqToTagDBPlugin - Total Reads:270000000 Reads with barcode and cut site overhang:116157968 rate:5671 ns/read. Current tag count:8488539
[pool-1-thread-1] INFO net.maizegenetics.analysis.gbs.v2.GBSSeqToTagDBPlugin - Total Reads:290000000 Reads with barcode and cut site overhang:154961769 rate:5377 ns/read. Current tag count:8541867
[ForkJoinPool.commonPool-worker-100] INFO net.maizegenetics.analysis.gbs.v2.GBSSeqToTagDBPlugin - Total Reads:260000000 Reads with barcode and cut site overhang:143134695 rate:6014 ns/read. Current tag count:8550571
[ForkJoinPool.commonPool-worker-114] INFO net.maizegenetics.analysis.gbs.v2.GBSSeqToTagDBPlugin - Total Reads:280000000 Reads with barcode and cut site overhang:119585285 rate:5587 ns/read. Current tag count:8552549
[ForkJoinPool.commonPool-worker-114] INFO net.maizegenetics.analysis.gbs.v2.GBSSeqToTagDBPlugin - Summary for /project/cranberrygbs/cranberryHistoricalGBS/input/fastq_files/C50VDACXX_5_fastq.gz
Total number of reads in lane=288333754
Total number of good barcoded reads=119911024
Total number of low quality reads=106992289
Timing process (sorting, collapsing, and writing TagCount to file).
Process took 1586464.791661 milliseconds.
tagCntMap size: 8578941
[ForkJoinPool.commonPool-worker-100] INFO net.maizegenetics.analysis.gbs.v2.GBSSeqToTagDBPlugin - Summary for /project/cranberrygbs/cranberryHistoricalGBS/input/fastq_files/C511KACXX_2_fastq.gz
Total number of reads in lane=269645508
Total number of good barcoded reads=146869684
Total number of low quality reads=91483010
Timing process (sorting, collapsing, and writing TagCount to file).
Process took 1598561.035721 milliseconds.
tagCntMap size: 8591785
[pool-1-thread-1] INFO net.maizegenetics.analysis.gbs.v2.GBSSeqToTagDBPlugin - Summary for /project/cranberrygbs/cranberryHistoricalGBS/input/fastq_files/C8BNLANXX_4_fastq.gz
Total number of reads in lane=324305773
Total number of good barcoded reads=173215692
Total number of low quality reads=121629165
Timing process (sorting, collapsing, and writing TagCount to file).
Process took 1670262.474241 milliseconds.
tagCntMap size: 8650035

Kmers are added from batch 1. Total batch number: 2
Current number: 8650035. Max kmer number: 100000000
0.08650035 of max tag number
Map Tags:8,650,035  Memory:3,291,042,023  TotalDepth:1,003,547,085  AvgDepthPerTag:116

Starting removeTagsWithoutReplication. Current tag number: 8650035
Finished removeTagsWithoutReplication.  tagsRemoved = 8334886. Current tag number: 315149
Map Tags:315,149  Memory:2,415,803,605  TotalDepth:974,769,160  AvgDepthPerTag:3093

Kmer number is reduced to 315149

Total memory: 22.0 Gb
Free memory: 2.0 Gb
Max memory: 42.0 Gb



Start processing batch 2
Enzyme: EcoT22I
Enzyme: EcoT22I
Enzyme: EcoT22I
[ForkJoinPool.commonPool-worker-48] INFO net.maizegenetics.analysis.gbs.v2.GBSSeqToTagDBPlugin - processing file /project/cranberrygbs/cranberryHistoricalGBS/input/fastq_files/C574FACXX_3_fastq.gz
[pool-1-thread-1] INFO net.maizegenetics.analysis.gbs.v2.GBSSeqToTagDBPlugin - processing file /project/cranberrygbs/cranberryHistoricalGBS/input/fastq_files/C511KACXX_3_fastq.gz
[ForkJoinPool.commonPool-worker-64] INFO net.maizegenetics.analysis.gbs.v2.GBSSeqToTagDBPlugin - processing file /project/cranberrygbs/cranberryHistoricalGBS/input/fastq_files/C8BNLANXX_1_fastq.gz
Enzyme: EcoT22I
[ForkJoinPool.commonPool-worker-34] INFO net.maizegenetics.analysis.gbs.v2.GBSSeqToTagDBPlugin - processing file /project/cranberrygbs/cranberryHistoricalGBS/input/fastq_files/C50VDACXX_8_fastq.gz
Enzyme: EcoT22I
[ForkJoinPool.commonPool-worker-117] INFO net.maizegenetics.analysis.gbs.v2.GBSSeqToTagDBPlugin - processing file /project/cranberrygbs/cranberryHistoricalGBS/input/fastq_files/C574FACXX_1_fastq.gz
[ForkJoinPool.commonPool-worker-64] INFO net.maizegenetics.analysis.gbs.v2.GBSUtils - /project/cranberrygbs/cranberryHistoricalGBS/input/fastq_files/C8BNLANXX_1_fastq.gz: Quality score base:33
[ForkJoinPool.commonPool-worker-48] INFO net.maizegenetics.analysis.gbs.v2.GBSUtils - /project/cranberrygbs/cranberryHistoricalGBS/input/fastq_files/C574FACXX_3_fastq.gz: Quality score base:33
[pool-1-thread-1] INFO net.maizegenetics.analysis.gbs.v2.GBSUtils - /project/cranberrygbs/cranberryHistoricalGBS/input/fastq_files/C511KACXX_3_fastq.gz: Quality score base:33
[ForkJoinPool.commonPool-worker-34] INFO net.maizegenetics.analysis.gbs.v2.GBSUtils - /project/cranberrygbs/cranberryHistoricalGBS/input/fastq_files/C50VDACXX_8_fastq.gz: Quality score base:33
[ForkJoinPool.commonPool-worker-117] INFO net.maizegenetics.analysis.gbs.v2.GBSUtils - /project/cranberrygbs/cranberryHistoricalGBS/input/fastq_files/C574FACXX_1_fastq.gz: Quality score base:33
[ForkJoinPool.commonPool-worker-64] INFO net.maizegenetics.analysis.gbs.v2.GBSSeqToTagDBPlugin - Total Reads:10000000 Reads with barcode and cut site overhang:4981183 rate:4812 ns/read. Current tag count:902749
[ForkJoinPool.commonPool-worker-117] INFO net.maizegenetics.analysis.gbs.v2.GBSSeqToTagDBPlugin - Total Reads:10000000 Reads with barcode and cut site overhang:6172596 rate:5259 ns/read. Current tag count:971271
[ForkJoinPool.commonPool-worker-48] INFO net.maizegenetics.analysis.gbs.v2.GBSSeqToTagDBPlugin - Total Reads:10000000 Reads with barcode and cut site overhang:6529521 rate:5311 ns/read. Current tag count:979403
[pool-1-thread-1] INFO net.maizegenetics.analysis.gbs.v2.GBSSeqToTagDBPlugin - Total Reads:10000000 Reads with barcode and cut site overhang:6152872 rate:5626 ns/read. Current tag count:1010130
[ForkJoinPool.commonPool-worker-64] INFO net.maizegenetics.analysis.gbs.v2.GBSSeqToTagDBPlugin - Total Reads:20000000 Reads with barcode and cut site overhang:9935244 rate:4452 ns/read. Current tag count:1365525
[ForkJoinPool.commonPool-worker-117] INFO net.maizegenetics.analysis.gbs.v2.GBSSeqToTagDBPlugin - Total Reads:20000000 Reads with barcode and cut site overhang:12132897 rate:5283 ns/read. Current tag count:1479521
[ForkJoinPool.commonPool-worker-117] INFO net.maizegenetics.analysis.gbs.v2.GBSSeqToTagDBPlugin - Total Reads:30000000 Reads with barcode and cut site overhang:15029906 rate:4734 ns/read. Current tag count:1804716
[ForkJoinPool.commonPool-worker-48] INFO net.maizegenetics.analysis.gbs.v2.GBSSeqToTagDBPlugin - Total Reads:30000000 Reads with barcode and cut site overhang:18679821 rate:5030 ns/read. Current tag count:1859667
[ForkJoinPool.commonPool-worker-64] INFO net.maizegenetics.analysis.gbs.v2.GBSSeqToTagDBPlugin - Total Reads:40000000 Reads with barcode and cut site overhang:18800346 rate:4311 ns/read. Current tag count:1975172
[pool-1-thread-1] INFO net.maizegenetics.analysis.gbs.v2.GBSSeqToTagDBPlugin - Total Reads:40000000 Reads with barcode and cut site overhang:20664422 rate:4992 ns/read. Current tag count:2171614
[ForkJoinPool.commonPool-worker-117] INFO net.maizegenetics.analysis.gbs.v2.GBSSeqToTagDBPlugin - Total Reads:50000000 Reads with barcode and cut site overhang:19678463 rate:4128 ns/read. Current tag count:2212973
[ForkJoinPool.commonPool-worker-34] INFO net.maizegenetics.analysis.gbs.v2.GBSSeqToTagDBPlugin - Total Reads:60000000 Reads with barcode and cut site overhang:12470866 rate:3640 ns/read. Current tag count:2301132
[ForkJoinPool.commonPool-worker-48] INFO net.maizegenetics.analysis.gbs.v2.GBSSeqToTagDBPlugin - Total Reads:50000000 Reads with barcode and cut site overhang:25920259 rate:4466 ns/read. Current tag count:2339655
[pool-1-thread-1] INFO net.maizegenetics.analysis.gbs.v2.GBSSeqToTagDBPlugin - Total Reads:50000000 Reads with barcode and cut site overhang:24503571 rate:4806 ns/read. Current tag count:2461187
[ForkJoinPool.commonPool-worker-48] INFO net.maizegenetics.analysis.gbs.v2.GBSSeqToTagDBPlugin - Total Reads:60000000 Reads with barcode and cut site overhang:32395184 rate:4649 ns/read. Current tag count:2651513
[ForkJoinPool.commonPool-worker-64] INFO net.maizegenetics.analysis.gbs.v2.GBSSeqToTagDBPlugin - Total Reads:70000000 Reads with barcode and cut site overhang:31915653 rate:4194 ns/read. Current tag count:2752878
[ForkJoinPool.commonPool-worker-48] INFO net.maizegenetics.analysis.gbs.v2.GBSSeqToTagDBPlugin - Total Reads:70000000 Reads with barcode and cut site overhang:38754045 rate:4579 ns/read. Current tag count:2882557
[ForkJoinPool.commonPool-worker-34] INFO net.maizegenetics.analysis.gbs.v2.GBSSeqToTagDBPlugin - Total Reads:100000000 Reads with barcode and cut site overhang:15672984 rate:3309 ns/read. Current tag count:2940213
[ForkJoinPool.commonPool-worker-64] INFO net.maizegenetics.analysis.gbs.v2.GBSSeqToTagDBPlugin - Total Reads:80000000 Reads with barcode and cut site overhang:36595678 rate:4145 ns/read. Current tag count:2944045
[ForkJoinPool.commonPool-worker-117] INFO net.maizegenetics.analysis.gbs.v2.GBSSeqToTagDBPlugin - Total Reads:90000000 Reads with barcode and cut site overhang:33550808 rate:3977 ns/read. Current tag count:3087201
[ForkJoinPool.commonPool-worker-48] INFO net.maizegenetics.analysis.gbs.v2.GBSSeqToTagDBPlugin - Total Reads:80000000 Reads with barcode and cut site overhang:44440595 rate:4524 ns/read. Current tag count:3110427
[ForkJoinPool.commonPool-worker-64] INFO net.maizegenetics.analysis.gbs.v2.GBSSeqToTagDBPlugin - Total Reads:90000000 Reads with barcode and cut site overhang:41250304 rate:4100 ns/read. Current tag count:3147668
[ForkJoinPool.commonPool-worker-117] INFO net.maizegenetics.analysis.gbs.v2.GBSSeqToTagDBPlugin - Total Reads:100000000 Reads with barcode and cut site overhang:40196797 rate:4006 ns/read. Current tag count:3311550
[ForkJoinPool.commonPool-worker-48] INFO net.maizegenetics.analysis.gbs.v2.GBSSeqToTagDBPlugin - Total Reads:100000000 Reads with barcode and cut site overhang:50572485 rate:4264 ns/read. Current tag count:3439324
[ForkJoinPool.commonPool-worker-64] INFO net.maizegenetics.analysis.gbs.v2.GBSSeqToTagDBPlugin - Total Reads:110000000 Reads with barcode and cut site overhang:49692606 rate:4014 ns/read. Current tag count:3511818
[ForkJoinPool.commonPool-worker-117] INFO net.maizegenetics.analysis.gbs.v2.GBSSeqToTagDBPlugin - Total Reads:110000000 Reads with barcode and cut site overhang:46780734 rate:4041 ns/read. Current tag count:3523147
[ForkJoinPool.commonPool-worker-34] INFO net.maizegenetics.analysis.gbs.v2.GBSSeqToTagDBPlugin - Total Reads:150000000 Reads with barcode and cut site overhang:23397635 rate:3185 ns/read. Current tag count:3680950
[ForkJoinPool.commonPool-worker-117] INFO net.maizegenetics.analysis.gbs.v2.GBSSeqToTagDBPlugin - Total Reads:120000000 Reads with barcode and cut site overhang:50332929 rate:3999 ns/read. Current tag count:3694143
[ForkJoinPool.commonPool-worker-117] INFO net.maizegenetics.analysis.gbs.v2.GBSSeqToTagDBPlugin - Total Reads:130000000 Reads with barcode and cut site overhang:51590480 rate:4005 ns/read. Current tag count:3824666
[ForkJoinPool.commonPool-worker-48] INFO net.maizegenetics.analysis.gbs.v2.GBSSeqToTagDBPlugin - Total Reads:120000000 Reads with barcode and cut site overhang:63694176 rate:4360 ns/read. Current tag count:3833070
[pool-1-thread-1] INFO net.maizegenetics.analysis.gbs.v2.GBSSeqToTagDBPlugin - Total Reads:110000000 Reads with barcode and cut site overhang:56746419 rate:4800 ns/read. Current tag count:3854537
[ForkJoinPool.commonPool-worker-117] INFO net.maizegenetics.analysis.gbs.v2.GBSSeqToTagDBPlugin - Total Reads:140000000 Reads with barcode and cut site overhang:54802539 rate:3962 ns/read. Current tag count:3974356
[ForkJoinPool.commonPool-worker-117] INFO net.maizegenetics.analysis.gbs.v2.GBSSeqToTagDBPlugin - Total Reads:150000000 Reads with barcode and cut site overhang:61077241 rate:3976 ns/read. Current tag count:4151479
[ForkJoinPool.commonPool-worker-64] INFO net.maizegenetics.analysis.gbs.v2.GBSSeqToTagDBPlugin - Total Reads:150000000 Reads with barcode and cut site overhang:65865781 rate:3993 ns/read. Current tag count:4157999
[pool-1-thread-1] INFO net.maizegenetics.analysis.gbs.v2.GBSSeqToTagDBPlugin - Total Reads:130000000 Reads with barcode and cut site overhang:66720915 rate:4735 ns/read. Current tag count:4221205
[ForkJoinPool.commonPool-worker-64] INFO net.maizegenetics.analysis.gbs.v2.GBSSeqToTagDBPlugin - Total Reads:160000000 Reads with barcode and cut site overhang:70327927 rate:3972 ns/read. Current tag count:4296960
[ForkJoinPool.commonPool-worker-117] INFO net.maizegenetics.analysis.gbs.v2.GBSSeqToTagDBPlugin - Total Reads:170000000 Reads with barcode and cut site overhang:68903568 rate:3928 ns/read. Current tag count:4482507
[ForkJoinPool.commonPool-worker-64] INFO net.maizegenetics.analysis.gbs.v2.GBSSeqToTagDBPlugin - Total Reads:170000000 Reads with barcode and cut site overhang:75774950 rate:3948 ns/read. Current tag count:4496237
[ForkJoinPool.commonPool-worker-48] INFO net.maizegenetics.analysis.gbs.v2.GBSSeqToTagDBPlugin - Total Reads:160000000 Reads with barcode and cut site overhang:82996723 rate:4215 ns/read. Current tag count:4511177
[pool-1-thread-1] INFO net.maizegenetics.analysis.gbs.v2.GBSSeqToTagDBPlugin - Total Reads:150000000 Reads with barcode and cut site overhang:75567256 rate:4635 ns/read. Current tag count:4621053
[ForkJoinPool.commonPool-worker-117] INFO net.maizegenetics.analysis.gbs.v2.GBSSeqToTagDBPlugin - Total Reads:190000000 Reads with barcode and cut site overhang:74912471 rate:3854 ns/read. Current tag count:4829970
[ForkJoinPool.commonPool-worker-64] INFO net.maizegenetics.analysis.gbs.v2.GBSSeqToTagDBPlugin - Total Reads:200000000 Reads with barcode and cut site overhang:91733508 rate:3901 ns/read. Current tag count:5031878
[pool-1-thread-1] INFO net.maizegenetics.analysis.gbs.v2.GBSSeqToTagDBPlugin - Total Reads:170000000 Reads with barcode and cut site overhang:86269581 rate:4596 ns/read. Current tag count:5036721
[ForkJoinPool.commonPool-worker-34] INFO net.maizegenetics.analysis.gbs.v2.GBSSeqToTagDBPlugin - Total Reads:250000000 Reads with barcode and cut site overhang:42955742 rate:3231 ns/read. Current tag count:5075719
[ForkJoinPool.commonPool-worker-64] INFO net.maizegenetics.analysis.gbs.v2.GBSSeqToTagDBPlugin - Total Reads:210000000 Reads with barcode and cut site overhang:97124930 rate:3967 ns/read. Current tag count:5179239
[ForkJoinPool.commonPool-worker-48] INFO net.maizegenetics.analysis.gbs.v2.GBSSeqToTagDBPlugin - Total Reads:200000000 Reads with barcode and cut site overhang:101650500 rate:4193 ns/read. Current tag count:5202435
[ForkJoinPool.commonPool-worker-64] INFO net.maizegenetics.analysis.gbs.v2.GBSSeqToTagDBPlugin - Total Reads:220000000 Reads with barcode and cut site overhang:102663250 rate:3940 ns/read. Current tag count:5325320
[ForkJoinPool.commonPool-worker-48] INFO net.maizegenetics.analysis.gbs.v2.GBSSeqToTagDBPlugin - Total Reads:210000000 Reads with barcode and cut site overhang:108180088 rate:4173 ns/read. Current tag count:5366138
[ForkJoinPool.commonPool-worker-64] INFO net.maizegenetics.analysis.gbs.v2.GBSSeqToTagDBPlugin - Total Reads:230000000 Reads with barcode and cut site overhang:107760809 rate:3916 ns/read. Current tag count:5459593
[ForkJoinPool.commonPool-worker-48] INFO net.maizegenetics.analysis.gbs.v2.GBSSeqToTagDBPlugin - Total Reads:220000000 Reads with barcode and cut site overhang:114251152 rate:4159 ns/read. Current tag count:5511356
[ForkJoinPool.commonPool-worker-34] INFO net.maizegenetics.analysis.gbs.v2.GBSSeqToTagDBPlugin - Summary for /project/cranberrygbs/cranberryHistoricalGBS/input/fastq_files/C50VDACXX_8_fastq.gz
Total number of reads in lane=294163263
Total number of good barcoded reads=49978039
Total number of low quality reads=84172963
Timing process (sorting, collapsing, and writing TagCount to file).
Process took 920942.397129 milliseconds.
tagCntMap size: 5530892
[ForkJoinPool.commonPool-worker-117] INFO net.maizegenetics.analysis.gbs.v2.GBSSeqToTagDBPlugin - Total Reads:240000000 Reads with barcode and cut site overhang:97199853 rate:3837 ns/read. Current tag count:5531152
[ForkJoinPool.commonPool-worker-64] INFO net.maizegenetics.analysis.gbs.v2.GBSSeqToTagDBPlugin - Total Reads:240000000 Reads with barcode and cut site overhang:113014277 rate:3903 ns/read. Current tag count:5576573
[pool-1-thread-1] INFO net.maizegenetics.analysis.gbs.v2.GBSSeqToTagDBPlugin - Total Reads:210000000 Reads with barcode and cut site overhang:106058684 rate:4558 ns/read. Current tag count:5636047
[ForkJoinPool.commonPool-worker-117] INFO net.maizegenetics.analysis.gbs.v2.GBSSeqToTagDBPlugin - Total Reads:250000000 Reads with barcode and cut site overhang:102954241 rate:3840 ns/read. Current tag count:5644163
[ForkJoinPool.commonPool-worker-64] INFO net.maizegenetics.analysis.gbs.v2.GBSSeqToTagDBPlugin - Total Reads:250000000 Reads with barcode and cut site overhang:118171693 rate:3888 ns/read. Current tag count:5683537
[ForkJoinPool.commonPool-worker-48] INFO net.maizegenetics.analysis.gbs.v2.GBSSeqToTagDBPlugin - Total Reads:240000000 Reads with barcode and cut site overhang:120498337 rate:4077 ns/read. Current tag count:5706798
[pool-1-thread-1] INFO net.maizegenetics.analysis.gbs.v2.GBSSeqToTagDBPlugin - Total Reads:220000000 Reads with barcode and cut site overhang:111279203 rate:4526 ns/read. Current tag count:5761560
[ForkJoinPool.commonPool-worker-48] INFO net.maizegenetics.analysis.gbs.v2.GBSSeqToTagDBPlugin - Total Reads:250000000 Reads with barcode and cut site overhang:127199748 rate:4065 ns/read. Current tag count:5830273
[ForkJoinPool.commonPool-worker-117] INFO net.maizegenetics.analysis.gbs.v2.GBSSeqToTagDBPlugin - Summary for /project/cranberrygbs/cranberryHistoricalGBS/input/fastq_files/C574FACXX_1_fastq.gz
Total number of reads in lane=272756726
Total number of good barcoded reads=106876449
Total number of low quality reads=67629338
Timing process (sorting, collapsing, and writing TagCount to file).
Process took 1021394.225615 milliseconds.
tagCntMap size: 5844011
[ForkJoinPool.commonPool-worker-48] INFO net.maizegenetics.analysis.gbs.v2.GBSSeqToTagDBPlugin - Total Reads:260000000 Reads with barcode and cut site overhang:133682717 rate:4053 ns/read. Current tag count:5925504
[pool-1-thread-1] INFO net.maizegenetics.analysis.gbs.v2.GBSSeqToTagDBPlugin - Total Reads:240000000 Reads with barcode and cut site overhang:119689425 rate:4456 ns/read. Current tag count:5975526
[ForkJoinPool.commonPool-worker-48] INFO net.maizegenetics.analysis.gbs.v2.GBSSeqToTagDBPlugin - Total Reads:270000000 Reads with barcode and cut site overhang:138517896 rate:4032 ns/read. Current tag count:6024153
[ForkJoinPool.commonPool-worker-64] INFO net.maizegenetics.analysis.gbs.v2.GBSSeqToTagDBPlugin - Summary for /project/cranberrygbs/cranberryHistoricalGBS/input/fastq_files/C8BNLANXX_1_fastq.gz
Total number of reads in lane=293564717
Total number of good barcoded reads=139190829
Total number of low quality reads=94847636
Timing process (sorting, collapsing, and writing TagCount to file).
Process took 1112038.106321 milliseconds.
tagCntMap size: 6078742
[ForkJoinPool.commonPool-worker-48] INFO net.maizegenetics.analysis.gbs.v2.GBSSeqToTagDBPlugin - Summary for /project/cranberrygbs/cranberryHistoricalGBS/input/fastq_files/C574FACXX_3_fastq.gz
Total number of reads in lane=282161894
Total number of good barcoded reads=139416478
Total number of low quality reads=74981316
Timing process (sorting, collapsing, and writing TagCount to file).
Process took 1113073.589454 milliseconds.
tagCntMap size: 6079671
[pool-1-thread-1] INFO net.maizegenetics.analysis.gbs.v2.GBSSeqToTagDBPlugin - Total Reads:260000000 Reads with barcode and cut site overhang:131337792 rate:4386 ns/read. Current tag count:6104274
[pool-1-thread-1] INFO net.maizegenetics.analysis.gbs.v2.GBSSeqToTagDBPlugin - Summary for /project/cranberrygbs/cranberryHistoricalGBS/input/fastq_files/C511KACXX_3_fastq.gz
Total number of reads in lane=278757339
Total number of good barcoded reads=136349315
Total number of low quality reads=102086340
Timing process (sorting, collapsing, and writing TagCount to file).
Process took 1206651.326423 milliseconds.
tagCntMap size: 6148016

Kmers are added from batch 2. Total batch number: 2
Current number: 6148016. Max kmer number: 100000000
0.06148016 of max tag number
Map Tags:6,148,016  Memory:4,384,802,304  TotalDepth:1,546,580,270  AvgDepthPerTag:251

Starting removeTagsWithoutReplication. Current tag number: 6148016
Finished removeTagsWithoutReplication.  tagsRemoved = 5787567. Current tag number: 360449
Map Tags:360,449  Memory:3,788,072,825  TotalDepth:1,531,070,758  AvgDepthPerTag:4247

Kmer number is reduced to 360449

Total memory: 24.0 Gb
Free memory: 12.0 Gb
Max memory: 42.0 Gb



All the batch are processed
By removing kmers with minCount of 10Kmer number is reduced to 344030

size of all taxa in taxa table=1011
tagInsertPS.executeBatch() 100001
tagInsertPS.executeBatch() 100001
tagInsertPS.executeBatch() 100001
size of all tags in tag table=344030
putTaxaDistribution next100001
putTaxaDistribution next100001
putTaxaDistribution next100001
Closing SQLDB
[pool-1-thread-1] INFO net.maizegenetics.plugindef.AbstractPlugin - Finished net.maizegenetics.analysis.gbs.v2.GBSSeqToTagDBPlugin: time: Apr 15, 2021 14:42:9
[pool-1-thread-1] INFO net.maizegenetics.pipeline.TasselPipeline - net.maizegenetics.analysis.gbs.v2.GBSSeqToTagDBPlugin: time: Apr 15, 2021 14:42:9: progress: 100%
[pool-1-thread-1] INFO net.maizegenetics.plugindef.AbstractPlugin - net.maizegenetics.analysis.gbs.v2.GBSSeqToTagDBPlugin  Citation: Bradbury PJ, Zhang Z, Kroon DE, Casstevens TM, Ramdoss Y, Buckler ES. (2007) TASSEL: Software for association mapping of complex traits in diverse samples. Bioinformatics 23:2633-2635.
/software/7/apps/tassel5/5.2.37/lib/commons-codec-1.10.jar:/software/7/apps/tassel5/5.2.37/lib/javax.json-1.0.4.jar:/software/7/apps/tassel5/5.2.37/lib/xml.jar:/software/7/apps/tassel5/5.2.37/lib/batik-awt-util.jar:/software/7/apps/tassel5/5.2.37/lib/json-simple-1.1.1.jar:/software/7/apps/tassel5/5.2.37/lib/colt.jar:/software/7/apps/tassel5/5.2.37/lib/ahocorasick-0.2.4.jar:/software/7/apps/tassel5/5.2.37/lib/batik-ext.jar:/software/7/apps/tassel5/5.2.37/lib/slf4j-api-1.7.10.jar:/software/7/apps/tassel5/5.2.37/lib/geronimo-spec-activation-1.0.2-rc4.jar:/software/7/apps/tassel5/5.2.37/lib/batik-svg-dom.jar:/software/7/apps/tassel5/5.2.37/lib/sqlite-jdbc-3.8.5-pre1.jar:/software/7/apps/tassel5/5.2.37/lib/jcommon-1.0.23.jar:/software/7/apps/tassel5/5.2.37/lib/batik-dom.jar:/software/7/apps/tassel5/5.2.37/lib/ejml-0.23.jar:/software/7/apps/tassel5/5.2.37/lib/cisd-jhdf5-batteries_included_lin_win_mac.jar:/software/7/apps/tassel5/5.2.37/lib/forester.jar:/software/7/apps/tassel5/5.2.37/lib/batik-gvt.jar:/software/7/apps/tassel5/5.2.37/lib/batik-gui-util.jar:/software/7/apps/tassel5/5.2.37/lib/batik-svggen.jar:/software/7/apps/tassel5/5.2.37/lib/htsjdk-1.138.jar:/software/7/apps/tassel5/5.2.37/lib/postgresql-9.4-1201.jdbc41.jar:/software/7/apps/tassel5/5.2.37/lib/snappy-java-1.1.1.6.jar:/software/7/apps/tassel5/5.2.37/lib/mail-1.4.jar:/software/7/apps/tassel5/5.2.37/lib/guava-19.0.jar:/software/7/apps/tassel5/5.2.37/lib/xercesImpl.jar:/software/7/apps/tassel5/5.2.37/lib/xmlParserAPIs.jar:/software/7/apps/tassel5/5.2.37/lib/batik-parser.jar:/software/7/apps/tassel5/5.2.37/lib/trove-3.0.3.jar:/software/7/apps/tassel5/5.2.37/lib/batik-xml.jar:/software/7/apps/tassel5/5.2.37/lib/batik-css.jar:/software/7/apps/tassel5/5.2.37/lib/biojava-alignment-4.0.0.jar:/software/7/apps/tassel5/5.2.37/lib/biojava-core-4.0.0.jar:/software/7/apps/tassel5/5.2.37/lib/commons-math3-3.4.1.jar:/software/7/apps/tassel5/5.2.37/lib/poi-3.0.1-FINAL-20070705.jar:/software/7/apps/tassel5/5.2.37/lib/itextpdf-5.1.0.jar:/software/7/apps/tassel5/5.2.37/lib/batik-util.jar:/software/7/apps/tassel5/5.2.37/lib/log4j-1.2.13.jar:/software/7/apps/tassel5/5.2.37/lib/slf4j-simple-1.7.10.jar:/software/7/apps/tassel5/5.2.37/lib/biojava-phylo-4.0.0.jar:/software/7/apps/tassel5/5.2.37/lib/jfreechart-1.0.19.jar:/software/7/apps/tassel5/5.2.37/lib/junit-4.10.jar:/software/7/apps/tassel5/5.2.37/sTASSEL.jar
Memory Settings: -Xms1G -Xmx48G
Tassel Pipeline Arguments: -fork1 -TagExportToFastqPlugin -c 1 -db /project/cranberrygbs/cranberryHistoricalGBS//database/cranberry_gbs_discovery.db -o /project/cranberrygbs/cranberryHistoricalGBS//tags/gbs_tags_for_alignment.fa.gz -endPlugin -runfork1
[main] INFO net.maizegenetics.tassel.TasselLogging - Tassel Version: 5.2.37  Date: April 6, 2017
[main] INFO net.maizegenetics.tassel.TasselLogging - Max Available Memory Reported by JVM: 43691 MB
[main] INFO net.maizegenetics.tassel.TasselLogging - Java Version: 1.8.0_121
[main] INFO net.maizegenetics.tassel.TasselLogging - OS: Linux
[main] INFO net.maizegenetics.tassel.TasselLogging - Number of Processors: 72
[main] INFO net.maizegenetics.pipeline.TasselPipeline - Tassel Pipeline Arguments: [-fork1, -TagExportToFastqPlugin, -c, 1, -db, /project/cranberrygbs/cranberryHistoricalGBS//database/cranberry_gbs_discovery.db, -o, /project/cranberrygbs/cranberryHistoricalGBS//tags/gbs_tags_for_alignment.fa.gz, -endPlugin, -runfork1]
net.maizegenetics.analysis.gbs.v2.TagExportToFastqPlugin
[pool-1-thread-1] INFO net.maizegenetics.plugindef.AbstractPlugin - Starting net.maizegenetics.analysis.gbs.v2.TagExportToFastqPlugin: time: Apr 15, 2021 14:42:13
[pool-1-thread-1] INFO net.maizegenetics.plugindef.AbstractPlugin - 
TagExportToFastqPlugin Parameters
db: /project/cranberrygbs/cranberryHistoricalGBS//database/cranberry_gbs_discovery.db
o: /project/cranberrygbs/cranberryHistoricalGBS//tags/gbs_tags_for_alignment.fa.gz
c: 1

size of all tags in tag table=344030
size of all tissues in tissue table=0
size of all tags in mappingApproach table=1
size of all taxa in taxa table=1011
Closing SQLDB
[pool-1-thread-1] INFO net.maizegenetics.analysis.gbs.v2.TagExportToFastqPlugin - Finished converting binary tag count file to fastq.
Total number of tags written: 344030 (above minCount of 1)
Ouput fastq file: /project/cranberrygbs/cranberryHistoricalGBS//tags/gbs_tags_for_alignment.fa.gz


[pool-1-thread-1] INFO net.maizegenetics.plugindef.AbstractPlugin - Finished net.maizegenetics.analysis.gbs.v2.TagExportToFastqPlugin: time: Apr 15, 2021 14:42:20
[pool-1-thread-1] INFO net.maizegenetics.pipeline.TasselPipeline - net.maizegenetics.analysis.gbs.v2.TagExportToFastqPlugin: time: Apr 15, 2021 14:42:20: progress: 100%
[pool-1-thread-1] INFO net.maizegenetics.plugindef.AbstractPlugin - net.maizegenetics.analysis.gbs.v2.TagExportToFastqPlugin  Citation: Bradbury PJ, Zhang Z, Kroon DE, Casstevens TM, Ramdoss Y, Buckler ES. (2007) TASSEL: Software for association mapping of complex traits in diverse samples. Bioinformatics 23:2633-2635.
344030 reads; of these:
  344030 (100.00%) were unpaired; of these:
    48986 (14.24%) aligned 0 times
    185318 (53.87%) aligned exactly 1 time
    109726 (31.89%) aligned >1 times
85.76% overall alignment rate
/software/7/apps/tassel5/5.2.37/lib/commons-codec-1.10.jar:/software/7/apps/tassel5/5.2.37/lib/javax.json-1.0.4.jar:/software/7/apps/tassel5/5.2.37/lib/xml.jar:/software/7/apps/tassel5/5.2.37/lib/batik-awt-util.jar:/software/7/apps/tassel5/5.2.37/lib/json-simple-1.1.1.jar:/software/7/apps/tassel5/5.2.37/lib/colt.jar:/software/7/apps/tassel5/5.2.37/lib/ahocorasick-0.2.4.jar:/software/7/apps/tassel5/5.2.37/lib/batik-ext.jar:/software/7/apps/tassel5/5.2.37/lib/slf4j-api-1.7.10.jar:/software/7/apps/tassel5/5.2.37/lib/geronimo-spec-activation-1.0.2-rc4.jar:/software/7/apps/tassel5/5.2.37/lib/batik-svg-dom.jar:/software/7/apps/tassel5/5.2.37/lib/sqlite-jdbc-3.8.5-pre1.jar:/software/7/apps/tassel5/5.2.37/lib/jcommon-1.0.23.jar:/software/7/apps/tassel5/5.2.37/lib/batik-dom.jar:/software/7/apps/tassel5/5.2.37/lib/ejml-0.23.jar:/software/7/apps/tassel5/5.2.37/lib/cisd-jhdf5-batteries_included_lin_win_mac.jar:/software/7/apps/tassel5/5.2.37/lib/forester.jar:/software/7/apps/tassel5/5.2.37/lib/batik-gvt.jar:/software/7/apps/tassel5/5.2.37/lib/batik-gui-util.jar:/software/7/apps/tassel5/5.2.37/lib/batik-svggen.jar:/software/7/apps/tassel5/5.2.37/lib/htsjdk-1.138.jar:/software/7/apps/tassel5/5.2.37/lib/postgresql-9.4-1201.jdbc41.jar:/software/7/apps/tassel5/5.2.37/lib/snappy-java-1.1.1.6.jar:/software/7/apps/tassel5/5.2.37/lib/mail-1.4.jar:/software/7/apps/tassel5/5.2.37/lib/guava-19.0.jar:/software/7/apps/tassel5/5.2.37/lib/xercesImpl.jar:/software/7/apps/tassel5/5.2.37/lib/xmlParserAPIs.jar:/software/7/apps/tassel5/5.2.37/lib/batik-parser.jar:/software/7/apps/tassel5/5.2.37/lib/trove-3.0.3.jar:/software/7/apps/tassel5/5.2.37/lib/batik-xml.jar:/software/7/apps/tassel5/5.2.37/lib/batik-css.jar:/software/7/apps/tassel5/5.2.37/lib/biojava-alignment-4.0.0.jar:/software/7/apps/tassel5/5.2.37/lib/biojava-core-4.0.0.jar:/software/7/apps/tassel5/5.2.37/lib/commons-math3-3.4.1.jar:/software/7/apps/tassel5/5.2.37/lib/poi-3.0.1-FINAL-20070705.jar:/software/7/apps/tassel5/5.2.37/lib/itextpdf-5.1.0.jar:/software/7/apps/tassel5/5.2.37/lib/batik-util.jar:/software/7/apps/tassel5/5.2.37/lib/log4j-1.2.13.jar:/software/7/apps/tassel5/5.2.37/lib/slf4j-simple-1.7.10.jar:/software/7/apps/tassel5/5.2.37/lib/biojava-phylo-4.0.0.jar:/software/7/apps/tassel5/5.2.37/lib/jfreechart-1.0.19.jar:/software/7/apps/tassel5/5.2.37/lib/junit-4.10.jar:/software/7/apps/tassel5/5.2.37/sTASSEL.jar
Memory Settings: -Xms1G -Xmx48G
Tassel Pipeline Arguments: -fork1 -SAMToGBSdbPlugin -i /project/cranberrygbs/cranberryHistoricalGBS//alignment/gbs_tags_aligned_BenLearv2.sam -db /project/cranberrygbs/cranberryHistoricalGBS//database/cranberry_gbs_discovery.db -aProp 0.0 -aLen 0 -minMAPQ 20 -endPlugin -runfork1
[main] INFO net.maizegenetics.tassel.TasselLogging - Tassel Version: 5.2.37  Date: April 6, 2017
[main] INFO net.maizegenetics.tassel.TasselLogging - Max Available Memory Reported by JVM: 43691 MB
[main] INFO net.maizegenetics.tassel.TasselLogging - Java Version: 1.8.0_121
[main] INFO net.maizegenetics.tassel.TasselLogging - OS: Linux
[main] INFO net.maizegenetics.tassel.TasselLogging - Number of Processors: 72
[main] INFO net.maizegenetics.pipeline.TasselPipeline - Tassel Pipeline Arguments: [-fork1, -SAMToGBSdbPlugin, -i, /project/cranberrygbs/cranberryHistoricalGBS//alignment/gbs_tags_aligned_BenLearv2.sam, -db, /project/cranberrygbs/cranberryHistoricalGBS//database/cranberry_gbs_discovery.db, -aProp, 0.0, -aLen, 0, -minMAPQ, 20, -endPlugin, -runfork1]
net.maizegenetics.analysis.gbs.v2.SAMToGBSdbPlugin
[pool-1-thread-1] INFO net.maizegenetics.plugindef.AbstractPlugin - Starting net.maizegenetics.analysis.gbs.v2.SAMToGBSdbPlugin: time: Apr 15, 2021 14:42:25
[pool-1-thread-1] INFO net.maizegenetics.plugindef.AbstractPlugin - 
SAMToGBSdbPlugin Parameters
i: /project/cranberrygbs/cranberryHistoricalGBS//alignment/gbs_tags_aligned_BenLearv2.sam
db: /project/cranberrygbs/cranberryHistoricalGBS//database/cranberry_gbs_discovery.db
aProp: 0.0
aLen: 0
mapper: BWA
deleteOldData: true
minMAPQ: 20

size of all tags in tag table=344030
size of all tissues in tissue table=0
size of all tags in mappingApproach table=1
size of all taxa in taxa table=1011
[pool-1-thread-1] INFO net.maizegenetics.analysis.gbs.v2.SAMToGBSdbPlugin - deleteOldData is TRUE: Clearing existing Alignment, Discovery and SNPQuality data
size of all tags in mappingApproach table=0
size of all positions in cutPosition table=0
putCutPositionsIfAbsent next10001
putCutPositionsIfAbsent next10001
putCutPositionsIfAbsent next10001
putCutPositionsIfAbsent next10001
putCutPositionsIfAbsent next10001
putCutPositionsIfAbsent next10001
putCutPositionsIfAbsent next10001
putCutPositionsIfAbsent next10001
putCutPositionsIfAbsent next10001
putCutPositionsIfAbsent next10001
putCutPositionsIfAbsent next10001
putCutPositionsIfAbsent next10001
putCutPositionsIfAbsent next10001
putCutPositionsIfAbsent next10001
putCutPositionsIfAbsent next10001
putCutPositionsIfAbsent next10001
putCutPositionsIfAbsent next10001
putCutPositionsIfAbsent next10001
putCutPositionsIfAbsent next10001
putCutPositionsIfAbsent next10001
putCutPositionsIfAbsent next10001
putCutPositionsIfAbsent next10001
size of all positions in cutPosition table=93795
size of all tags in mappingApproach table=2
putTagAlignments next10001
putTagAlignments next10001
putTagAlignments next10001
putTagAlignments next10001
putTagAlignments next10001
putTagAlignments next10001
putTagAlignments next10001
putTagAlignments next10001
putTagAlignments next10001
putTagAlignments next10001
putTagAlignments next10001
putTagAlignments next10001
putTagAlignments next10001
putTagAlignments next10001
putTagAlignments next10001
putTagAlignments next10001
putTagAlignments next10001
putTagAlignments next10001
putTagAlignments next10001
putTagAlignments next10001
putTagAlignments next10001
putTagAlignments next10001
Total number of cut sites: 93795
Number of cut sites with 1 tag: 57102
Number of cut sites with 2 tags: 15965
Number of cut sites with 3 tags: 6260
Number of cut sites with more than 3 tags: 14468
[pool-1-thread-1] INFO net.maizegenetics.analysis.gbs.v2.SAMToGBSdbPlugin - Finished reading SAM file and adding tags to DB.
Total number of tags mapped: 220817 (total mappings 220817)
Tags not mapped: 123213
Tags dropped due to minimum mapq value: 123213


Closing SQLDB
[pool-1-thread-1] INFO net.maizegenetics.plugindef.AbstractPlugin - Finished net.maizegenetics.analysis.gbs.v2.SAMToGBSdbPlugin: time: Apr 15, 2021 14:42:33
[pool-1-thread-1] INFO net.maizegenetics.pipeline.TasselPipeline - net.maizegenetics.analysis.gbs.v2.SAMToGBSdbPlugin: time: Apr 15, 2021 14:42:33: progress: 100%
[pool-1-thread-1] INFO net.maizegenetics.plugindef.AbstractPlugin - net.maizegenetics.analysis.gbs.v2.SAMToGBSdbPlugin  Citation: Bradbury PJ, Zhang Z, Kroon DE, Casstevens TM, Ramdoss Y, Buckler ES. (2007) TASSEL: Software for association mapping of complex traits in diverse samples. Bioinformatics 23:2633-2635.
/software/7/apps/tassel5/5.2.37/lib/commons-codec-1.10.jar:/software/7/apps/tassel5/5.2.37/lib/javax.json-1.0.4.jar:/software/7/apps/tassel5/5.2.37/lib/xml.jar:/software/7/apps/tassel5/5.2.37/lib/batik-awt-util.jar:/software/7/apps/tassel5/5.2.37/lib/json-simple-1.1.1.jar:/software/7/apps/tassel5/5.2.37/lib/colt.jar:/software/7/apps/tassel5/5.2.37/lib/ahocorasick-0.2.4.jar:/software/7/apps/tassel5/5.2.37/lib/batik-ext.jar:/software/7/apps/tassel5/5.2.37/lib/slf4j-api-1.7.10.jar:/software/7/apps/tassel5/5.2.37/lib/geronimo-spec-activation-1.0.2-rc4.jar:/software/7/apps/tassel5/5.2.37/lib/batik-svg-dom.jar:/software/7/apps/tassel5/5.2.37/lib/sqlite-jdbc-3.8.5-pre1.jar:/software/7/apps/tassel5/5.2.37/lib/jcommon-1.0.23.jar:/software/7/apps/tassel5/5.2.37/lib/batik-dom.jar:/software/7/apps/tassel5/5.2.37/lib/ejml-0.23.jar:/software/7/apps/tassel5/5.2.37/lib/cisd-jhdf5-batteries_included_lin_win_mac.jar:/software/7/apps/tassel5/5.2.37/lib/forester.jar:/software/7/apps/tassel5/5.2.37/lib/batik-gvt.jar:/software/7/apps/tassel5/5.2.37/lib/batik-gui-util.jar:/software/7/apps/tassel5/5.2.37/lib/batik-svggen.jar:/software/7/apps/tassel5/5.2.37/lib/htsjdk-1.138.jar:/software/7/apps/tassel5/5.2.37/lib/postgresql-9.4-1201.jdbc41.jar:/software/7/apps/tassel5/5.2.37/lib/snappy-java-1.1.1.6.jar:/software/7/apps/tassel5/5.2.37/lib/mail-1.4.jar:/software/7/apps/tassel5/5.2.37/lib/guava-19.0.jar:/software/7/apps/tassel5/5.2.37/lib/xercesImpl.jar:/software/7/apps/tassel5/5.2.37/lib/xmlParserAPIs.jar:/software/7/apps/tassel5/5.2.37/lib/batik-parser.jar:/software/7/apps/tassel5/5.2.37/lib/trove-3.0.3.jar:/software/7/apps/tassel5/5.2.37/lib/batik-xml.jar:/software/7/apps/tassel5/5.2.37/lib/batik-css.jar:/software/7/apps/tassel5/5.2.37/lib/biojava-alignment-4.0.0.jar:/software/7/apps/tassel5/5.2.37/lib/biojava-core-4.0.0.jar:/software/7/apps/tassel5/5.2.37/lib/commons-math3-3.4.1.jar:/software/7/apps/tassel5/5.2.37/lib/poi-3.0.1-FINAL-20070705.jar:/software/7/apps/tassel5/5.2.37/lib/itextpdf-5.1.0.jar:/software/7/apps/tassel5/5.2.37/lib/batik-util.jar:/software/7/apps/tassel5/5.2.37/lib/log4j-1.2.13.jar:/software/7/apps/tassel5/5.2.37/lib/slf4j-simple-1.7.10.jar:/software/7/apps/tassel5/5.2.37/lib/biojava-phylo-4.0.0.jar:/software/7/apps/tassel5/5.2.37/lib/jfreechart-1.0.19.jar:/software/7/apps/tassel5/5.2.37/lib/junit-4.10.jar:/software/7/apps/tassel5/5.2.37/sTASSEL.jar
Memory Settings: -Xms1G -Xmx48G
Tassel Pipeline Arguments: -fork1 -DiscoverySNPCallerPluginV2 -db /project/cranberrygbs/cranberryHistoricalGBS//database/cranberry_gbs_discovery.db -maxTagsCutSite 1000 -mnLCov 0.1 -mnMAF 0.00001 -ref /KEEP/cranberrygbs/genome_assemblies/Vaccinium_macrocarpon_BenLear_v2.fasta -deleteOldData true -endPlugin -runfork1
[main] INFO net.maizegenetics.tassel.TasselLogging - Tassel Version: 5.2.37  Date: April 6, 2017
[main] INFO net.maizegenetics.tassel.TasselLogging - Max Available Memory Reported by JVM: 43691 MB
[main] INFO net.maizegenetics.tassel.TasselLogging - Java Version: 1.8.0_121
[main] INFO net.maizegenetics.tassel.TasselLogging - OS: Linux
[main] INFO net.maizegenetics.tassel.TasselLogging - Number of Processors: 72
[main] INFO net.maizegenetics.pipeline.TasselPipeline - Tassel Pipeline Arguments: [-fork1, -DiscoverySNPCallerPluginV2, -db, /project/cranberrygbs/cranberryHistoricalGBS//database/cranberry_gbs_discovery.db, -maxTagsCutSite, 1000, -mnLCov, 0.1, -mnMAF, 0.00001, -ref, /KEEP/cranberrygbs/genome_assemblies/Vaccinium_macrocarpon_BenLear_v2.fasta, -deleteOldData, true, -endPlugin, -runfork1]
net.maizegenetics.analysis.gbs.v2.DiscoverySNPCallerPluginV2
[pool-1-thread-1] INFO net.maizegenetics.plugindef.AbstractPlugin - Starting net.maizegenetics.analysis.gbs.v2.DiscoverySNPCallerPluginV2: time: Apr 15, 2021 14:42:33
Genome FASTA character conversion: ACGTNacgtn to ACGTNacgtn
[pool-1-thread-1] INFO net.maizegenetics.analysis.gbs.v2.DiscoverySNPCallerPluginV2 - MinMAF:1.00000e-05 

[pool-1-thread-1] INFO net.maizegenetics.plugindef.AbstractPlugin - 
DiscoverySNPCallerPluginV2 Parameters
db: /project/cranberrygbs/cranberryHistoricalGBS//database/cranberry_gbs_discovery.db
mnMAF: 1.0E-5
mnLCov: 0.1
ref: /KEEP/cranberrygbs/genome_assemblies/Vaccinium_macrocarpon_BenLear_v2.fasta
sC: null
eC: null
inclGaps: false
gapAlignRatio: 1.0
maxTagsCutSite: 1000
deleteOldData: true

[pool-1-thread-1] INFO net.maizegenetics.analysis.gbs.v2.DiscoverySNPCallerPluginV2 - Finding SNPs in /project/cranberrygbs/cranberryHistoricalGBS//database/cranberry_gbs_discovery.db.
[pool-1-thread-1] INFO net.maizegenetics.analysis.gbs.v2.DiscoverySNPCallerPluginV2 - StartChr:null EndChr:null 

size of all tags in tag table=344030
size of all tissues in tissue table=0
size of all tags in mappingApproach table=2
size of all taxa in taxa table=1011
[pool-1-thread-1] INFO net.maizegenetics.analysis.gbs.v2.DiscoverySNPCallerPluginV2 - deleteOldData is TRUE: Clearing previous Discovery and SNPQuality data
[pool-1-thread-1] INFO net.maizegenetics.analysis.gbs.v2.DiscoverySNPCallerPluginV2 - Start processing chromosome 01

[pool-1-thread-1] INFO net.maizegenetics.analysis.gbs.v2.DiscoverySNPCallerPluginV2 - Calling getCutPosForStrand FORWARD strands...
size of all positions in cutPosition table=93795
positionTagTaxaMap size, forwardStrand, true size:4943 totalTagsAdded:11525
[pool-1-thread-1] INFO net.maizegenetics.analysis.gbs.v2.DiscoverySNPCallerPluginV2 - 
Calling getCutPosForStrand REVERSE strands...
positionTagTaxaMap size, forwardStrand, false size:4951 totalTagsAdded:11377
[pool-1-thread-1] INFO net.maizegenetics.analysis.gbs.v2.DiscoverySNPCallerPluginV2 - Finished processing chromosome 01


size of all positions in snpPosition table=0
putSNPPositionsIfAbsent next10001
size of all positions in snpPosition table=10605
putAlleleIfAbsent next10001
putAlleleIfAbsent next10001
size of all positions in snpPosition table=10605
size of all alleles in allele table=21298
alleleTagInsertPS next10001
alleleTagInsertPS next10001
alleleTagInsertPS next10001
alleleTagInsertPS next10001
alleleTagInsertPS next10001
alleleTagInsertPS next10001
alleleTagInsertPS next10001
alleleTagInsertPS next10001
alleleTagInsertPS next10001
alleleTagInsertPS next10001
[pool-1-thread-1] INFO net.maizegenetics.analysis.gbs.v2.DiscoverySNPCallerPluginV2 - Start processing chromosome 02

[pool-1-thread-1] INFO net.maizegenetics.analysis.gbs.v2.DiscoverySNPCallerPluginV2 - Calling getCutPosForStrand FORWARD strands...
positionTagTaxaMap size, forwardStrand, true size:3877 totalTagsAdded:9105
[pool-1-thread-1] INFO net.maizegenetics.analysis.gbs.v2.DiscoverySNPCallerPluginV2 - 
Calling getCutPosForStrand REVERSE strands...
positionTagTaxaMap size, forwardStrand, false size:3887 totalTagsAdded:9138
[pool-1-thread-1] INFO net.maizegenetics.analysis.gbs.v2.DiscoverySNPCallerPluginV2 - Finished processing chromosome 02


size of all positions in snpPosition table=10605
size of all positions in snpPosition table=19105
putAlleleIfAbsent next10001
size of all positions in snpPosition table=19105
size of all alleles in allele table=38394
alleleTagInsertPS next10001
alleleTagInsertPS next10001
alleleTagInsertPS next10001
alleleTagInsertPS next10001
alleleTagInsertPS next10001
alleleTagInsertPS next10001
alleleTagInsertPS next10001
alleleTagInsertPS next10001
[pool-1-thread-1] INFO net.maizegenetics.analysis.gbs.v2.DiscoverySNPCallerPluginV2 - Start processing chromosome 03

[pool-1-thread-1] INFO net.maizegenetics.analysis.gbs.v2.DiscoverySNPCallerPluginV2 - Calling getCutPosForStrand FORWARD strands...
positionTagTaxaMap size, forwardStrand, true size:3747 totalTagsAdded:8895
[pool-1-thread-1] INFO net.maizegenetics.analysis.gbs.v2.DiscoverySNPCallerPluginV2 - 
Calling getCutPosForStrand REVERSE strands...
positionTagTaxaMap size, forwardStrand, false size:3761 totalTagsAdded:8833
[pool-1-thread-1] INFO net.maizegenetics.analysis.gbs.v2.DiscoverySNPCallerPluginV2 - Finished processing chromosome 03


size of all positions in snpPosition table=19105
size of all positions in snpPosition table=27332
putAlleleIfAbsent next10001
size of all positions in snpPosition table=27332
size of all alleles in allele table=54930
alleleTagInsertPS next10001
alleleTagInsertPS next10001
alleleTagInsertPS next10001
alleleTagInsertPS next10001
alleleTagInsertPS next10001
alleleTagInsertPS next10001
alleleTagInsertPS next10001
alleleTagInsertPS next10001
[pool-1-thread-1] INFO net.maizegenetics.analysis.gbs.v2.DiscoverySNPCallerPluginV2 - Start processing chromosome 04

[pool-1-thread-1] INFO net.maizegenetics.analysis.gbs.v2.DiscoverySNPCallerPluginV2 - Calling getCutPosForStrand FORWARD strands...
positionTagTaxaMap size, forwardStrand, true size:3558 totalTagsAdded:8271
[pool-1-thread-1] INFO net.maizegenetics.analysis.gbs.v2.DiscoverySNPCallerPluginV2 - 
Calling getCutPosForStrand REVERSE strands...
positionTagTaxaMap size, forwardStrand, false size:3559 totalTagsAdded:8473
[pool-1-thread-1] INFO net.maizegenetics.analysis.gbs.v2.DiscoverySNPCallerPluginV2 - Finished processing chromosome 04


size of all positions in snpPosition table=27332
size of all positions in snpPosition table=35137
putAlleleIfAbsent next10001
size of all positions in snpPosition table=35137
size of all alleles in allele table=70615
alleleTagInsertPS next10001
alleleTagInsertPS next10001
alleleTagInsertPS next10001
alleleTagInsertPS next10001
alleleTagInsertPS next10001
alleleTagInsertPS next10001
alleleTagInsertPS next10001
[pool-1-thread-1] INFO net.maizegenetics.analysis.gbs.v2.DiscoverySNPCallerPluginV2 - Start processing chromosome 05

[pool-1-thread-1] INFO net.maizegenetics.analysis.gbs.v2.DiscoverySNPCallerPluginV2 - Calling getCutPosForStrand FORWARD strands...
positionTagTaxaMap size, forwardStrand, true size:3619 totalTagsAdded:8677
[pool-1-thread-1] INFO net.maizegenetics.analysis.gbs.v2.DiscoverySNPCallerPluginV2 - 
Calling getCutPosForStrand REVERSE strands...
positionTagTaxaMap size, forwardStrand, false size:3587 totalTagsAdded:8853
[pool-1-thread-1] INFO net.maizegenetics.analysis.gbs.v2.DiscoverySNPCallerPluginV2 - Finished processing chromosome 05


size of all positions in snpPosition table=35137
size of all positions in snpPosition table=43453
putAlleleIfAbsent next10001
size of all positions in snpPosition table=43453
size of all alleles in allele table=87324
alleleTagInsertPS next10001
alleleTagInsertPS next10001
alleleTagInsertPS next10001
alleleTagInsertPS next10001
alleleTagInsertPS next10001
alleleTagInsertPS next10001
alleleTagInsertPS next10001
alleleTagInsertPS next10001
[pool-1-thread-1] INFO net.maizegenetics.analysis.gbs.v2.DiscoverySNPCallerPluginV2 - Start processing chromosome 06

[pool-1-thread-1] INFO net.maizegenetics.analysis.gbs.v2.DiscoverySNPCallerPluginV2 - Calling getCutPosForStrand FORWARD strands...
positionTagTaxaMap size, forwardStrand, true size:3966 totalTagsAdded:9089
[pool-1-thread-1] INFO net.maizegenetics.analysis.gbs.v2.DiscoverySNPCallerPluginV2 - 
Calling getCutPosForStrand REVERSE strands...
positionTagTaxaMap size, forwardStrand, false size:3964 totalTagsAdded:9097
[pool-1-thread-1] INFO net.maizegenetics.analysis.gbs.v2.DiscoverySNPCallerPluginV2 - Finished processing chromosome 06


size of all positions in snpPosition table=43453
size of all positions in snpPosition table=51801
putAlleleIfAbsent next10001
size of all positions in snpPosition table=51801
size of all alleles in allele table=104090
alleleTagInsertPS next10001
alleleTagInsertPS next10001
alleleTagInsertPS next10001
alleleTagInsertPS next10001
alleleTagInsertPS next10001
alleleTagInsertPS next10001
alleleTagInsertPS next10001
alleleTagInsertPS next10001
[pool-1-thread-1] INFO net.maizegenetics.analysis.gbs.v2.DiscoverySNPCallerPluginV2 - Start processing chromosome 07

[pool-1-thread-1] INFO net.maizegenetics.analysis.gbs.v2.DiscoverySNPCallerPluginV2 - Calling getCutPosForStrand FORWARD strands...
positionTagTaxaMap size, forwardStrand, true size:3588 totalTagsAdded:8363
[pool-1-thread-1] INFO net.maizegenetics.analysis.gbs.v2.DiscoverySNPCallerPluginV2 - 
Calling getCutPosForStrand REVERSE strands...
positionTagTaxaMap size, forwardStrand, false size:3564 totalTagsAdded:8379
[pool-1-thread-1] INFO net.maizegenetics.analysis.gbs.v2.DiscoverySNPCallerPluginV2 - Finished processing chromosome 07


size of all positions in snpPosition table=51801
size of all positions in snpPosition table=59589
putAlleleIfAbsent next10001
size of all positions in snpPosition table=59589
size of all alleles in allele table=119722
alleleTagInsertPS next10001
alleleTagInsertPS next10001
alleleTagInsertPS next10001
alleleTagInsertPS next10001
alleleTagInsertPS next10001
alleleTagInsertPS next10001
alleleTagInsertPS next10001
[pool-1-thread-1] INFO net.maizegenetics.analysis.gbs.v2.DiscoverySNPCallerPluginV2 - Start processing chromosome 08

[pool-1-thread-1] INFO net.maizegenetics.analysis.gbs.v2.DiscoverySNPCallerPluginV2 - Calling getCutPosForStrand FORWARD strands...
positionTagTaxaMap size, forwardStrand, true size:3539 totalTagsAdded:8026
[pool-1-thread-1] INFO net.maizegenetics.analysis.gbs.v2.DiscoverySNPCallerPluginV2 - 
Calling getCutPosForStrand REVERSE strands...
positionTagTaxaMap size, forwardStrand, false size:3519 totalTagsAdded:7995
[pool-1-thread-1] INFO net.maizegenetics.analysis.gbs.v2.DiscoverySNPCallerPluginV2 - Finished processing chromosome 08


size of all positions in snpPosition table=59589
size of all positions in snpPosition table=66895
putAlleleIfAbsent next10001
size of all positions in snpPosition table=66895
size of all alleles in allele table=134412
alleleTagInsertPS next10001
alleleTagInsertPS next10001
alleleTagInsertPS next10001
alleleTagInsertPS next10001
alleleTagInsertPS next10001
alleleTagInsertPS next10001
[pool-1-thread-1] INFO net.maizegenetics.analysis.gbs.v2.DiscoverySNPCallerPluginV2 - Start processing chromosome 09

[pool-1-thread-1] INFO net.maizegenetics.analysis.gbs.v2.DiscoverySNPCallerPluginV2 - Calling getCutPosForStrand FORWARD strands...
positionTagTaxaMap size, forwardStrand, true size:4116 totalTagsAdded:10173
[pool-1-thread-1] INFO net.maizegenetics.analysis.gbs.v2.DiscoverySNPCallerPluginV2 - 
Calling getCutPosForStrand REVERSE strands...
positionTagTaxaMap size, forwardStrand, false size:4134 totalTagsAdded:10122
[pool-1-thread-1] INFO net.maizegenetics.analysis.gbs.v2.DiscoverySNPCallerPluginV2 - Finished processing chromosome 09


size of all positions in snpPosition table=66895
size of all positions in snpPosition table=76521
putAlleleIfAbsent next10001
size of all positions in snpPosition table=76521
size of all alleles in allele table=153766
alleleTagInsertPS next10001
alleleTagInsertPS next10001
alleleTagInsertPS next10001
alleleTagInsertPS next10001
alleleTagInsertPS next10001
alleleTagInsertPS next10001
alleleTagInsertPS next10001
alleleTagInsertPS next10001
alleleTagInsertPS next10001
alleleTagInsertPS next10001
[pool-1-thread-1] INFO net.maizegenetics.analysis.gbs.v2.DiscoverySNPCallerPluginV2 - Start processing chromosome 10

[pool-1-thread-1] INFO net.maizegenetics.analysis.gbs.v2.DiscoverySNPCallerPluginV2 - Calling getCutPosForStrand FORWARD strands...
positionTagTaxaMap size, forwardStrand, true size:3550 totalTagsAdded:8251
[pool-1-thread-1] INFO net.maizegenetics.analysis.gbs.v2.DiscoverySNPCallerPluginV2 - 
Calling getCutPosForStrand REVERSE strands...
positionTagTaxaMap size, forwardStrand, false size:3564 totalTagsAdded:8338
[pool-1-thread-1] INFO net.maizegenetics.analysis.gbs.v2.DiscoverySNPCallerPluginV2 - Finished processing chromosome 10


size of all positions in snpPosition table=76521
size of all positions in snpPosition table=84219
putAlleleIfAbsent next10001
size of all positions in snpPosition table=84219
size of all alleles in allele table=169245
alleleTagInsertPS next10001
alleleTagInsertPS next10001
alleleTagInsertPS next10001
alleleTagInsertPS next10001
alleleTagInsertPS next10001
alleleTagInsertPS next10001
alleleTagInsertPS next10001
[pool-1-thread-1] INFO net.maizegenetics.analysis.gbs.v2.DiscoverySNPCallerPluginV2 - Start processing chromosome 11

[pool-1-thread-1] INFO net.maizegenetics.analysis.gbs.v2.DiscoverySNPCallerPluginV2 - Calling getCutPosForStrand FORWARD strands...
positionTagTaxaMap size, forwardStrand, true size:4364 totalTagsAdded:10280
[pool-1-thread-1] INFO net.maizegenetics.analysis.gbs.v2.DiscoverySNPCallerPluginV2 - 
Calling getCutPosForStrand REVERSE strands...
positionTagTaxaMap size, forwardStrand, false size:4375 totalTagsAdded:10160
[pool-1-thread-1] INFO net.maizegenetics.analysis.gbs.v2.DiscoverySNPCallerPluginV2 - Finished processing chromosome 11


size of all positions in snpPosition table=84219
size of all positions in snpPosition table=93743
putAlleleIfAbsent next10001
size of all positions in snpPosition table=93743
size of all alleles in allele table=188391
alleleTagInsertPS next10001
alleleTagInsertPS next10001
alleleTagInsertPS next10001
alleleTagInsertPS next10001
alleleTagInsertPS next10001
alleleTagInsertPS next10001
alleleTagInsertPS next10001
alleleTagInsertPS next10001
alleleTagInsertPS next10001
[pool-1-thread-1] INFO net.maizegenetics.analysis.gbs.v2.DiscoverySNPCallerPluginV2 - Start processing chromosome 12

[pool-1-thread-1] INFO net.maizegenetics.analysis.gbs.v2.DiscoverySNPCallerPluginV2 - Calling getCutPosForStrand FORWARD strands...
positionTagTaxaMap size, forwardStrand, true size:3974 totalTagsAdded:9341
[pool-1-thread-1] INFO net.maizegenetics.analysis.gbs.v2.DiscoverySNPCallerPluginV2 - 
Calling getCutPosForStrand REVERSE strands...
positionTagTaxaMap size, forwardStrand, false size:3995 totalTagsAdded:9230
[pool-1-thread-1] INFO net.maizegenetics.analysis.gbs.v2.DiscoverySNPCallerPluginV2 - Finished processing chromosome 12


size of all positions in snpPosition table=93743
size of all positions in snpPosition table=102423
putAlleleIfAbsent next10001
size of all positions in snpPosition table=102423
size of all alleles in allele table=205810
alleleTagInsertPS next10001
alleleTagInsertPS next10001
alleleTagInsertPS next10001
alleleTagInsertPS next10001
alleleTagInsertPS next10001
alleleTagInsertPS next10001
alleleTagInsertPS next10001
alleleTagInsertPS next10001
[pool-1-thread-1] INFO net.maizegenetics.analysis.gbs.v2.DiscoverySNPCallerPluginV2 - Start processing chromosome UNKNOWN

[pool-1-thread-1] INFO net.maizegenetics.analysis.gbs.v2.DiscoverySNPCallerPluginV2 - Calling getCutPosForStrand FORWARD strands...
positionTagTaxaMap size, forwardStrand, true size:45 totalTagsAdded:343
[pool-1-thread-1] INFO net.maizegenetics.analysis.gbs.v2.DiscoverySNPCallerPluginV2 - 
Calling getCutPosForStrand REVERSE strands...
positionTagTaxaMap size, forwardStrand, false size:49 totalTagsAdded:483
[pool-1-thread-1] INFO net.maizegenetics.analysis.gbs.v2.DiscoverySNPCallerPluginV2 - Finished processing chromosome UNKNOWN


size of all positions in snpPosition table=102423
size of all positions in snpPosition table=102804
size of all positions in snpPosition table=102804
size of all alleles in allele table=206851
alleleTagInsertPS next10001
alleleTagInsertPS next10001
alleleTagInsertPS next10001
Closing SQLDB
[pool-1-thread-1] INFO net.maizegenetics.plugindef.AbstractPlugin - Finished net.maizegenetics.analysis.gbs.v2.DiscoverySNPCallerPluginV2: time: Apr 15, 2021 14:47:9
[pool-1-thread-1] INFO net.maizegenetics.pipeline.TasselPipeline - net.maizegenetics.analysis.gbs.v2.DiscoverySNPCallerPluginV2: time: Apr 15, 2021 14:47:9: progress: 100%
[pool-1-thread-1] INFO net.maizegenetics.plugindef.AbstractPlugin - net.maizegenetics.analysis.gbs.v2.DiscoverySNPCallerPluginV2  Citation: Bradbury PJ, Zhang Z, Kroon DE, Casstevens TM, Ramdoss Y, Buckler ES. (2007) TASSEL: Software for association mapping of complex traits in diverse samples. Bioinformatics 23:2633-2635.
/software/7/apps/tassel5/5.2.37/lib/commons-codec-1.10.jar:/software/7/apps/tassel5/5.2.37/lib/javax.json-1.0.4.jar:/software/7/apps/tassel5/5.2.37/lib/xml.jar:/software/7/apps/tassel5/5.2.37/lib/batik-awt-util.jar:/software/7/apps/tassel5/5.2.37/lib/json-simple-1.1.1.jar:/software/7/apps/tassel5/5.2.37/lib/colt.jar:/software/7/apps/tassel5/5.2.37/lib/ahocorasick-0.2.4.jar:/software/7/apps/tassel5/5.2.37/lib/batik-ext.jar:/software/7/apps/tassel5/5.2.37/lib/slf4j-api-1.7.10.jar:/software/7/apps/tassel5/5.2.37/lib/geronimo-spec-activation-1.0.2-rc4.jar:/software/7/apps/tassel5/5.2.37/lib/batik-svg-dom.jar:/software/7/apps/tassel5/5.2.37/lib/sqlite-jdbc-3.8.5-pre1.jar:/software/7/apps/tassel5/5.2.37/lib/jcommon-1.0.23.jar:/software/7/apps/tassel5/5.2.37/lib/batik-dom.jar:/software/7/apps/tassel5/5.2.37/lib/ejml-0.23.jar:/software/7/apps/tassel5/5.2.37/lib/cisd-jhdf5-batteries_included_lin_win_mac.jar:/software/7/apps/tassel5/5.2.37/lib/forester.jar:/software/7/apps/tassel5/5.2.37/lib/batik-gvt.jar:/software/7/apps/tassel5/5.2.37/lib/batik-gui-util.jar:/software/7/apps/tassel5/5.2.37/lib/batik-svggen.jar:/software/7/apps/tassel5/5.2.37/lib/htsjdk-1.138.jar:/software/7/apps/tassel5/5.2.37/lib/postgresql-9.4-1201.jdbc41.jar:/software/7/apps/tassel5/5.2.37/lib/snappy-java-1.1.1.6.jar:/software/7/apps/tassel5/5.2.37/lib/mail-1.4.jar:/software/7/apps/tassel5/5.2.37/lib/guava-19.0.jar:/software/7/apps/tassel5/5.2.37/lib/xercesImpl.jar:/software/7/apps/tassel5/5.2.37/lib/xmlParserAPIs.jar:/software/7/apps/tassel5/5.2.37/lib/batik-parser.jar:/software/7/apps/tassel5/5.2.37/lib/trove-3.0.3.jar:/software/7/apps/tassel5/5.2.37/lib/batik-xml.jar:/software/7/apps/tassel5/5.2.37/lib/batik-css.jar:/software/7/apps/tassel5/5.2.37/lib/biojava-alignment-4.0.0.jar:/software/7/apps/tassel5/5.2.37/lib/biojava-core-4.0.0.jar:/software/7/apps/tassel5/5.2.37/lib/commons-math3-3.4.1.jar:/software/7/apps/tassel5/5.2.37/lib/poi-3.0.1-FINAL-20070705.jar:/software/7/apps/tassel5/5.2.37/lib/itextpdf-5.1.0.jar:/software/7/apps/tassel5/5.2.37/lib/batik-util.jar:/software/7/apps/tassel5/5.2.37/lib/log4j-1.2.13.jar:/software/7/apps/tassel5/5.2.37/lib/slf4j-simple-1.7.10.jar:/software/7/apps/tassel5/5.2.37/lib/biojava-phylo-4.0.0.jar:/software/7/apps/tassel5/5.2.37/lib/jfreechart-1.0.19.jar:/software/7/apps/tassel5/5.2.37/lib/junit-4.10.jar:/software/7/apps/tassel5/5.2.37/sTASSEL.jar
Memory Settings: -Xms1G -Xmx48G
Tassel Pipeline Arguments: -fork1 -SNPQualityProfilerPlugin -db /project/cranberrygbs/cranberryHistoricalGBS//database/cranberry_gbs_discovery.db -statFile /project/cranberrygbs/cranberryHistoricalGBS//stats/snpStats.txt -deleteOldData true -endPlugin -runfork1
[main] INFO net.maizegenetics.tassel.TasselLogging - Tassel Version: 5.2.37  Date: April 6, 2017
[main] INFO net.maizegenetics.tassel.TasselLogging - Max Available Memory Reported by JVM: 43691 MB
[main] INFO net.maizegenetics.tassel.TasselLogging - Java Version: 1.8.0_121
[main] INFO net.maizegenetics.tassel.TasselLogging - OS: Linux
[main] INFO net.maizegenetics.tassel.TasselLogging - Number of Processors: 72
[main] INFO net.maizegenetics.pipeline.TasselPipeline - Tassel Pipeline Arguments: [-fork1, -SNPQualityProfilerPlugin, -db, /project/cranberrygbs/cranberryHistoricalGBS//database/cranberry_gbs_discovery.db, -statFile, /project/cranberrygbs/cranberryHistoricalGBS//stats/snpStats.txt, -deleteOldData, true, -endPlugin, -runfork1]
net.maizegenetics.analysis.gbs.v2.SNPQualityProfilerPlugin
[pool-1-thread-1] INFO net.maizegenetics.plugindef.AbstractPlugin - Starting net.maizegenetics.analysis.gbs.v2.SNPQualityProfilerPlugin: time: Apr 15, 2021 14:47:9
[pool-1-thread-1] INFO net.maizegenetics.plugindef.AbstractPlugin - 
SNPQualityProfilerPlugin Parameters
taxa: null
db: /project/cranberrygbs/cranberryHistoricalGBS//database/cranberry_gbs_discovery.db
tname: null
statFile: /project/cranberrygbs/cranberryHistoricalGBS//stats/snpStats.txt
deleteOldData: true

size of all tags in tag table=344030
size of all tissues in tissue table=0
size of all tags in mappingApproach table=2
size of all taxa in taxa table=1011
[pool-1-thread-1] INFO net.maizegenetics.analysis.gbs.v2.SNPQualityProfilerPlugin - deleteOldData is TRUE: Clearing existing snpQuality data
sublist
[0, 1, 2, 3, 4, 5, 6, 7, 8, 9, 10, 11, 12, 13, 14, 15, 16, 17, 18, 19, 20, 21, 22, 23, 24, 25, 26, 27, 28, 29, 30, 31, 32, 33, 34, 35, 36, 37, 38, 39, 40, 41, 42, 43, 44, 45, 46, 47, 48, 49, 50, 51, 52, 53, 54, 55, 56, 57, 58, 59, 60, 61, 62, 63, 64, 65, 66, 67, 68, 69, 70, 71, 72, 73, 74, 75, 76, 77, 78, 79, 80, 81, 82, 83, 84, 85, 86, 87, 88, 89, 90, 91, 92, 93, 94, 95, 96, 97, 98, 99, 100, 101, 102, 103, 104, 105, 106, 107, 108, 109, 110, 111, 112, 113, 114, 115, 116, 117, 118, 119, 120, 121, 122, 123, 124, 125, 126, 127, 128, 129, 130, 131, 132, 133, 134, 135, 136, 137, 138, 139, 140, 141, 142, 143, 144, 145, 146, 147, 148, 149, 150, 151, 152, 153, 154, 155, 156, 157, 158, 159, 160, 161, 162, 163, 164, 165, 166, 167, 168, 169, 170, 171, 172, 173, 174, 175, 176, 177, 178, 179, 180, 181, 182, 183, 184, 185, 186, 187, 188, 189, 190, 191, 192, 193, 194, 195, 196, 197, 198, 199, 200, 201, 202, 203, 204, 205, 206, 207, 208, 209, 210, 211, 212, 213, 214, 215, 216, 217, 218, 219, 220, 221, 222, 223, 224, 225, 226, 227, 228, 229, 230, 231, 232, 233, 234, 235, 236, 237, 238, 239, 240, 241, 242, 243, 244, 245, 246, 247, 248, 249, 250, 251, 252, 253, 254, 255, 256, 257, 258, 259, 260, 261, 262, 263, 264, 265, 266, 267, 268, 269, 270, 271, 272, 273, 274, 275, 276, 277, 278, 279, 280, 281, 282, 283, 284, 285, 286, 287, 288, 289, 290, 291, 292, 293, 294, 295, 296, 297, 298, 299, 300, 301, 302, 303, 304, 305, 306, 307, 308, 309, 310, 311, 312, 313, 314, 315, 316, 317, 318, 319, 320, 321, 322, 323, 324, 325, 326, 327, 328, 329, 330, 331, 332, 333, 334, 335, 336, 337, 338, 339, 340, 341, 342, 343, 344, 345, 346, 347, 348, 349, 350, 351, 352, 353, 354, 355, 356, 357, 358, 359, 360, 361, 362, 363, 364, 365, 366, 367, 368, 369, 370, 371, 372, 373, 374, 375, 376, 377, 378, 379, 380, 381, 382, 383, 384, 385, 386, 387, 388, 389, 390, 391, 392, 393, 394, 395, 396, 397, 398, 399, 400, 401, 402, 403, 404, 405, 406, 407, 408, 409, 410, 411, 412, 413, 414, 415, 416, 417, 418, 419, 420, 421, 422, 423, 424, 425, 426, 427, 428, 429, 430, 431, 432, 433, 434, 435, 436, 437, 438, 439, 440, 441, 442, 443, 444, 445, 446, 447, 448, 449, 450, 451, 452, 453, 454, 455, 456, 457, 458, 459, 460, 461, 462, 463, 464, 465, 466, 467, 468, 469, 470, 471, 472, 473, 474, 475, 476, 477, 478, 479, 480, 481, 482, 483, 484, 485, 486, 487, 488, 489, 490, 491, 492, 493, 494, 495, 496, 497, 498, 499, 500, 501, 502, 503, 504, 505, 506, 507, 508, 509, 510, 511, 512, 513, 514, 515, 516, 517, 518, 519, 520, 521, 522, 523, 524, 525, 526, 527, 528, 529, 530, 531, 532, 533, 534, 535, 536, 537, 538, 539, 540, 541, 542, 543, 544, 545, 546, 547, 548, 549, 550, 551, 552, 553, 554, 555, 556, 557, 558, 559, 560, 561, 562, 563, 564, 565, 566, 567, 568, 569, 570, 571, 572, 573, 574, 575, 576, 577, 578, 579, 580, 581, 582, 583, 584, 585, 586, 587, 588, 589, 590, 591, 592, 593, 594, 595, 596, 597, 598, 599, 600, 601, 602, 603, 604, 605, 606, 607, 608, 609, 610, 611, 612, 613, 614, 615, 616, 617, 618, 619, 620, 621, 622, 623, 624, 625, 626, 627, 628, 629, 630, 631, 632, 633, 634, 635, 636, 637, 638, 639, 640, 641, 642, 643, 644, 645, 646, 647, 648, 649, 650, 651, 652, 653, 654, 655, 656, 657, 658, 659, 660, 661, 662, 663, 664, 665, 666, 667, 668, 669, 670, 671, 672, 673, 674, 675, 676, 677, 678, 679, 680, 681, 682, 683, 684, 685, 686, 687, 688, 689, 690, 691, 692, 693, 694, 695, 696, 697, 698, 699, 700, 701, 702, 703, 704, 705, 706, 707, 708, 709, 710, 711, 712, 713, 714, 715, 716, 717, 718, 719, 720, 721, 722, 723, 724, 725, 726, 727, 728, 729, 730, 731, 732, 733, 734, 735, 736, 737, 738, 739, 740, 741, 742, 743, 744, 745, 746, 747, 748, 749, 750, 751, 752, 753, 754, 755, 756, 757, 758, 759, 760, 761, 762, 763, 764, 765, 766, 767, 768, 769, 770, 771, 772, 773, 774, 775, 776, 777, 778, 779, 780, 781, 782, 783, 784, 785, 786, 787, 788, 789, 790, 791, 792, 793, 794, 795, 796, 797, 798, 799, 800, 801, 802, 803, 804, 805, 806, 807, 808, 809, 810, 811, 812, 813, 814, 815, 816, 817, 818, 819, 820, 821, 822, 823, 824, 825, 826, 827, 828, 829, 830, 831, 832, 833, 834, 835, 836, 837, 838, 839, 840, 841, 842, 843, 844, 845, 846, 847, 848, 849, 850, 851, 852, 853, 854, 855, 856, 857, 858, 859, 860, 861, 862, 863, 864, 865, 866, 867, 868, 869, 870, 871, 872, 873, 874, 875, 876, 877, 878, 879, 880, 881, 882, 883, 884, 885, 886, 887, 888, 889, 890, 891, 892, 893, 894, 895, 896, 897, 898, 899, 900, 901, 902, 903, 904, 905, 906, 907, 908, 909, 910, 911, 912, 913, 914, 915, 916, 917, 918, 919, 920, 921, 922, 923, 924, 925, 926, 927, 928, 929, 930, 931, 932, 933, 934, 935, 936, 937, 938, 939, 940, 941, 942, 943, 944, 945, 946, 947, 948, 949, 950, 951, 952, 953, 954, 955, 956, 957, 958, 959, 960, 961, 962, 963, 964, 965, 966, 967, 968, 969, 970, 971, 972, 973, 974, 975, 976, 977, 978, 979, 980, 981, 982, 983, 984, 985, 986, 987, 988, 989, 990, 991, 992, 993, 994, 995, 996, 997, 998, 999, 1000, 1001, 1002, 1003, 1004, 1005, 1006, 1007, 1008, 1009, 1010]
size of all positions in snpPosition table=102804
Processing Positions between 0 and 10,000......DONE. Time: 5.568
Processing Positions between 10000 and 20000......DONE. Time: 8.534
Processing Positions between 20000 and 30000......DONE. Time: 11.513
Processing Positions between 30000 and 40000......DONE. Time: 14.384
Processing Positions between 40000 and 50000......DONE. Time: 17.214
Processing Positions between 50000 and 60000......DONE. Time: 20.227
Processing Positions between 60000 and 70000......DONE. Time: 23.088
Processing Positions between 70000 and 80000......DONE. Time: 25.909
Processing Positions between 80000 and 90000......DONE. Time: 28.781
Processing Positions between 90000 and 100000......DONE. Time: 31.598
Processing Positions between 100000 and 110000..DONE
Total Time: 33.207 seconds.
Processed 102804 positions.
Closing SQLDB
[pool-1-thread-1] INFO net.maizegenetics.plugindef.AbstractPlugin - Finished net.maizegenetics.analysis.gbs.v2.SNPQualityProfilerPlugin: time: Apr 15, 2021 14:47:44
[pool-1-thread-1] INFO net.maizegenetics.pipeline.TasselPipeline - net.maizegenetics.analysis.gbs.v2.SNPQualityProfilerPlugin: time: Apr 15, 2021 14:47:44: progress: 100%
[pool-1-thread-1] INFO net.maizegenetics.plugindef.AbstractPlugin - net.maizegenetics.analysis.gbs.v2.SNPQualityProfilerPlugin  Citation: Bradbury PJ, Zhang Z, Kroon DE, Casstevens TM, Ramdoss Y, Buckler ES. (2007) TASSEL: Software for association mapping of complex traits in diverse samples. Bioinformatics 23:2633-2635.
